#
# An unexpected error has been detected by Java Runtime Environment:
#
#  EXCEPTION_ACCESS_VIOLATION (0xc0000005) at pc=0x772c5b44, pid=1344, tid=6036
#
# Java VM: Java HotSpot(TM) Client VM (1.6.0-b105 mixed mode, sharing)
# Problematic frame:
# C  [ntdll.dll+0x55b44]
#
# If you would like to submit a bug report, please visit:
#   http://java.sun.com/webapps/bugreport/crash.jsp
#

---------------  T H R E A D  ---------------

Current thread (0x044ad400):  JavaThread "Timer-84" [_thread_in_native, id=6036]

siginfo: ExceptionCode=0xc0000005, reading address 0x65302cea

Registers:
EAX=0x00130000, EBX=0x00005313, ECX=0x1db306f0, EDX=0x65302cea
ESP=0x07a1dd18, EBP=0x07a1dde8, ESI=0x1db306e8, EDI=0xaccb1bbe
EIP=0x772c5b44, EFLAGS=0x00010206

Top of Stack: (sp=0x07a1dd18)
0x07a1dd18:   70079916 00078000 00000000 00130000
0x07a1dd28:   00130150 00000000 07a1df68 07a1e0ec
0x07a1dd38:   00000000 00130178 00000000 1b76b720
0x07a1dd48:   1ba03c80 00130150 0000003c 1ca36fc8
0x07a1dd58:   00000000 00000000 00000000 00000020
0x07a1dd68:   00130000 ffff0000 772c22ae 70079906
0x07a1dd78:   00000000 02000002 65302cea 00160001
0x07a1dd88:   00000001 00320006 00000000 00000000 

Instructions: (pc=0x772c5b44)
0x772c5b34:   02 00 8d 4e 08 8b 39 89 7d b8 8b 56 0c 89 55 98
0x772c5b44:   8b 12 8b 7f 04 3b d7 0f 85 f7 22 02 00 3b d1 0f 


Stack: [0x079d0000,0x07a20000),  sp=0x07a1dd18,  free space=311k
Native frames: (J=compiled Java code, j=interpreted, Vv=VM code, C=native code)
C  [ntdll.dll+0x55b44]
C  [ntdll.dll+0x534ca]
C  [ntdll.dll+0x5b181]
C  [ntdll.dll+0x5819c]
C  [ntdll.dll+0x52149]
C  [ole32.dll+0x5404b]
C  [ole32.dll+0x54067]
C  [shell32.dll+0xb46cc]
C  [shell32.dll+0x9c99e]
C  [shell32.dll+0x9ca10]
C  [shell32.dll+0x9ca50]
C  [shell32.dll+0x9d0b1]
C  [shell32.dll+0x9d0e3]
C  [shell32.dll+0x9d250]
C  [shell32.dll+0xa1f78]
C  [shell32.dll+0xa1dd8]
C  [shell32.dll+0xa1c2c]
C  [shell32.dll+0x7fc6f]
C  [shell32.dll+0x7fca1]
C  [shell32.dll+0x8465d]
C  [shell32.dll+0x818cd]
C  [shell32.dll+0x84504]
C  [shell32.dll+0x819cd]
C  [shell32.dll+0x818cd]
C  [shell32.dll+0x81af7]
C  [shell32.dll+0x87709]
C  [shell32.dll+0x873ad]
C  [shell32.dll+0x8723e]
C  [shell32.dll+0x85df6]
C  [shell32.dll+0x85d46]
C  [shell32.dll+0x8feb3]
C  [shell32.dll+0x69a6f]
C  [shell32.dll+0x9396c]
C  [shell32.dll+0x6a20a]
C  [shell32.dll+0x671fd]
C  [shell32.dll+0x8d031]
C  [shell32.dll+0x89f2b]
C  [shell32.dll+0x94a3b]
C  [awt.dll+0x137607]
j  sun.awt.shell.Win32ShellFolderManager2.getPersonal()Lsun/awt/shell/Win32ShellFolder2;+7
j  sun.awt.shell.Win32ShellFolder2.listFiles(Z)[Ljava/io/File;+34
j  sun.awt.shell.ShellFolder.listFiles()[Ljava/io/File;+2
j  sun.awt.shell.Win32ShellFolderManager2.isFileSystemRoot(Ljava/io/File;)Z+69
j  sun.awt.shell.ShellFolder.isFileSystemRoot(Ljava/io/File;)Z+4
j  javax.swing.filechooser.FileSystemView.isFileSystemRoot(Ljava/io/File;)Z+1
j  javax.swing.filechooser.FileSystemView.getSystemDisplayName(Ljava/io/File;)Ljava/lang/String;+45
j  com.edw.main.Detect_Usb.Get_Usb_list()Ljava/lang/String;+35
j  com.edw.main.Detect_Usb.run()V+1
j  java.util.TimerThread.mainLoop()V+221
j  java.util.TimerThread.run()V+1
v  ~StubRoutines::call_stub

Java frames: (J=compiled Java code, j=interpreted, Vv=VM code)
j  sun.awt.shell.Win32ShellFolder2.getFileSystemPath(I)Ljava/lang/String;+0
j  sun.awt.shell.Win32ShellFolderManager2.getPersonal()Lsun/awt/shell/Win32ShellFolder2;+7
j  sun.awt.shell.Win32ShellFolder2.listFiles(Z)[Ljava/io/File;+34
j  sun.awt.shell.ShellFolder.listFiles()[Ljava/io/File;+2
j  sun.awt.shell.Win32ShellFolderManager2.isFileSystemRoot(Ljava/io/File;)Z+69
j  sun.awt.shell.ShellFolder.isFileSystemRoot(Ljava/io/File;)Z+4
j  javax.swing.filechooser.FileSystemView.isFileSystemRoot(Ljava/io/File;)Z+1
j  javax.swing.filechooser.FileSystemView.getSystemDisplayName(Ljava/io/File;)Ljava/lang/String;+45
j  com.edw.main.Detect_Usb.Get_Usb_list()Ljava/lang/String;+35
j  com.edw.main.Detect_Usb.run()V+1
j  java.util.TimerThread.mainLoop()V+221
j  java.util.TimerThread.run()V+1
v  ~StubRoutines::call_stub

---------------  P R O C E S S  ---------------

Java Threads: ( => current thread )
  0x139cc400 JavaThread "Timer-1051" [_thread_in_native, id=9864]
  0x139cbc00 JavaThread "Timer-1050" [_thread_in_native, id=9860]
  0x139cb800 JavaThread "Timer-1049" [_thread_in_native, id=9856]
  0x139cb400 JavaThread "Timer-1048" [_thread_in_native, id=9852]
  0x139cac00 JavaThread "Timer-1047" [_thread_in_native, id=9836]
  0x139ca800 JavaThread "Timer-1046" [_thread_in_native, id=9832]
  0x139ca000 JavaThread "Timer-1045" [_thread_in_native, id=9828]
  0x139c9c00 JavaThread "Timer-1044" [_thread_in_native, id=9824]
  0x139c9400 JavaThread "Timer-1043" [_thread_in_native, id=9820]
  0x139c9000 JavaThread "Timer-1042" [_thread_in_native, id=9816]
  0x139c8800 JavaThread "Timer-1041" [_thread_in_native, id=9812]
  0x139c8400 JavaThread "Timer-1040" [_thread_in_native, id=9808]
  0x139c8000 JavaThread "Timer-1039" [_thread_in_native, id=9804]
  0x139c7800 JavaThread "Timer-1038" [_thread_in_native, id=9800]
  0x139c7400 JavaThread "Timer-1037" [_thread_in_native, id=9796]
  0x139c6c00 JavaThread "Timer-1036" [_thread_in_native, id=9792]
  0x139c6800 JavaThread "Timer-1035" [_thread_in_native, id=9788]
  0x139c6000 JavaThread "Timer-1034" [_thread_in_native, id=9784]
  0x139c5c00 JavaThread "Timer-1033" [_thread_in_native, id=9780]
  0x139c5400 JavaThread "Timer-1032" [_thread_in_native, id=9776]
  0x139c5000 JavaThread "Timer-1031" [_thread_in_native, id=9772]
  0x139c4c00 JavaThread "Timer-1030" [_thread_in_native, id=9768]
  0x139c4400 JavaThread "Timer-1029" [_thread_in_native, id=9764]
  0x139c4000 JavaThread "Timer-1028" [_thread_in_native, id=9760]
  0x139c3800 JavaThread "Timer-1027" [_thread_in_native, id=9756]
  0x139c3400 JavaThread "Timer-1026" [_thread_in_native, id=9752]
  0x139c2c00 JavaThread "Timer-1025" [_thread_in_native, id=9748]
  0x139c2800 JavaThread "Timer-1024" [_thread_in_native, id=9744]
  0x139c2000 JavaThread "Timer-1023" [_thread_in_native, id=9740]
  0x139c1c00 JavaThread "Timer-1022" [_thread_in_native, id=9736]
  0x139c1800 JavaThread "Timer-1021" [_thread_in_native, id=9732]
  0x139c1000 JavaThread "Timer-1020" [_thread_in_native, id=9728]
  0x139c0c00 JavaThread "Timer-1019" [_thread_in_vm, id=9724]
  0x139c0400 JavaThread "Timer-1018" [_thread_in_native, id=9720]
  0x139c0000 JavaThread "Timer-1017" [_thread_in_native, id=9716]
  0x139bf800 JavaThread "Timer-1016" [_thread_in_native, id=9712]
  0x139bf400 JavaThread "Timer-1015" [_thread_in_native, id=9708]
  0x139bec00 JavaThread "Timer-1014" [_thread_in_native, id=9704]
  0x139be800 JavaThread "Timer-1013" [_thread_in_native, id=9700]
  0x139be400 JavaThread "Timer-1012" [_thread_in_native, id=9696]
  0x139bdc00 JavaThread "Timer-1011" [_thread_in_native, id=9692]
  0x139bd800 JavaThread "Timer-1010" [_thread_in_native, id=9688]
  0x139bd000 JavaThread "Timer-1009" [_thread_in_native, id=9684]
  0x139bcc00 JavaThread "Timer-1008" [_thread_in_native, id=9680]
  0x139bc400 JavaThread "Timer-1007" [_thread_in_native, id=9676]
  0x139bc000 JavaThread "Timer-1006" [_thread_in_native, id=9672]
  0x139bb800 JavaThread "Timer-1005" [_thread_in_native, id=9668]
  0x139bb400 JavaThread "Timer-1004" [_thread_in_native, id=9664]
  0x139bb000 JavaThread "Timer-1003" [_thread_in_native, id=9660]
  0x139ba800 JavaThread "Timer-1002" [_thread_in_native, id=9656]
  0x139ba400 JavaThread "Timer-1001" [_thread_in_native, id=9652]
  0x139b9c00 JavaThread "Timer-1000" [_thread_in_native, id=9648]
  0x139b9800 JavaThread "Timer-999" [_thread_in_native, id=9644]
  0x139b9000 JavaThread "Timer-998" [_thread_in_native, id=9640]
  0x139b8c00 JavaThread "Timer-997" [_thread_in_native, id=9636]
  0x139b8400 JavaThread "Timer-996" [_thread_in_native, id=9632]
  0x139b8000 JavaThread "Timer-995" [_thread_in_native, id=9628]
  0x139b7c00 JavaThread "Timer-994" [_thread_in_vm, id=9624]
  0x139b7400 JavaThread "Timer-993" [_thread_in_native, id=9620]
  0x139b7000 JavaThread "Timer-992" [_thread_in_native, id=9616]
  0x139b6800 JavaThread "Timer-991" [_thread_in_native, id=9612]
  0x139b6400 JavaThread "Timer-990" [_thread_in_native, id=9608]
  0x139b5c00 JavaThread "Timer-989" [_thread_in_native, id=9604]
  0x139b5800 JavaThread "Timer-988" [_thread_in_native, id=9600]
  0x13950c00 JavaThread "Timer-987" [_thread_in_native, id=9596]
  0x13950800 JavaThread "Timer-986" [_thread_in_native, id=9592]
  0x13950000 JavaThread "Timer-985" [_thread_in_native, id=9588]
  0x1394fc00 JavaThread "Timer-984" [_thread_in_native, id=9584]
  0x1394f400 JavaThread "Timer-983" [_thread_in_native, id=9580]
  0x1394f000 JavaThread "Timer-982" [_thread_in_native, id=9576]
  0x1394e800 JavaThread "Timer-981" [_thread_in_native, id=9572]
  0x1394e400 JavaThread "Timer-980" [_thread_in_native, id=9568]
  0x1394dc00 JavaThread "Timer-979" [_thread_in_native, id=9564]
  0x1394d800 JavaThread "Timer-978" [_thread_in_vm, id=9560]
  0x1394d400 JavaThread "Timer-977" [_thread_in_native, id=9556]
  0x1394cc00 JavaThread "Timer-976" [_thread_in_native, id=9552]
  0x1394c800 JavaThread "Timer-975" [_thread_in_native, id=9548]
  0x1394c000 JavaThread "Timer-974" [_thread_in_native, id=9544]
  0x1394bc00 JavaThread "Timer-973" [_thread_in_native, id=9540]
  0x1394b400 JavaThread "Timer-972" [_thread_in_native, id=9536]
  0x1394b000 JavaThread "Timer-971" [_thread_in_native, id=9532]
  0x1394a800 JavaThread "Timer-970" [_thread_in_native, id=9528]
  0x1394a400 JavaThread "Timer-969" [_thread_in_native, id=9524]
  0x1394a000 JavaThread "Timer-968" [_thread_in_native, id=9520]
  0x13949800 JavaThread "Timer-967" [_thread_in_native, id=9516]
  0x13949400 JavaThread "Timer-966" [_thread_in_native, id=9512]
  0x13948c00 JavaThread "Timer-965" [_thread_in_native, id=9508]
  0x13948800 JavaThread "Timer-964" [_thread_in_native, id=9504]
  0x13948000 JavaThread "Timer-963" [_thread_in_native, id=9500]
  0x13947c00 JavaThread "Timer-962" [_thread_in_native, id=9496]
  0x13947400 JavaThread "Timer-961" [_thread_in_native, id=9492]
  0x13947000 JavaThread "Timer-960" [_thread_in_native, id=9488]
  0x13946c00 JavaThread "Timer-959" [_thread_in_native, id=9484]
  0x13946400 JavaThread "Timer-958" [_thread_in_native, id=9480]
  0x13946000 JavaThread "Timer-957" [_thread_in_native, id=9476]
  0x13945800 JavaThread "Timer-956" [_thread_in_native, id=9472]
  0x13945400 JavaThread "Timer-955" [_thread_in_native, id=9468]
  0x13944c00 JavaThread "Timer-954" [_thread_in_native, id=9464]
  0x13944800 JavaThread "Timer-953" [_thread_in_native, id=9460]
  0x13944000 JavaThread "Timer-952" [_thread_in_native, id=9456]
  0x13943c00 JavaThread "Timer-951" [_thread_in_native, id=9452]
  0x13943800 JavaThread "Timer-950" [_thread_in_native, id=9448]
  0x13943000 JavaThread "Timer-949" [_thread_in_native, id=9444]
  0x13942c00 JavaThread "Timer-948" [_thread_in_native, id=9440]
  0x13942400 JavaThread "Timer-947" [_thread_in_native, id=9436]
  0x13942000 JavaThread "Timer-946" [_thread_in_native, id=9432]
  0x13941800 JavaThread "Timer-945" [_thread_in_native, id=9428]
  0x13941400 JavaThread "Timer-944" [_thread_in_native, id=9424]
  0x13940c00 JavaThread "Timer-943" [_thread_in_native, id=9420]
  0x13940800 JavaThread "Timer-942" [_thread_in_native, id=9416]
  0x13940400 JavaThread "Timer-941" [_thread_in_native, id=9412]
  0x1393fc00 JavaThread "Timer-940" [_thread_in_native, id=9408]
  0x1393f800 JavaThread "Timer-939" [_thread_in_native, id=9404]
  0x1393f000 JavaThread "Timer-938" [_thread_in_native, id=9400]
  0x1393ec00 JavaThread "Timer-937" [_thread_in_native, id=9396]
  0x1393e400 JavaThread "Timer-936" [_thread_in_native, id=9392]
  0x1393e000 JavaThread "Timer-935" [_thread_in_native, id=9388]
  0x1393d800 JavaThread "Timer-934" [_thread_in_native, id=9384]
  0x1393d400 JavaThread "Timer-933" [_thread_in_native, id=9380]
  0x1393d000 JavaThread "Timer-932" [_thread_in_native, id=9376]
  0x1393c800 JavaThread "Timer-931" [_thread_in_native, id=9372]
  0x1393c400 JavaThread "Timer-930" [_thread_in_native, id=9368]
  0x1393bc00 JavaThread "Timer-929" [_thread_in_native, id=9364]
  0x1393b800 JavaThread "Timer-928" [_thread_in_native, id=9360]
  0x1393b000 JavaThread "Timer-927" [_thread_in_native, id=9356]
  0x1393ac00 JavaThread "Timer-926" [_thread_in_native, id=9352]
  0x1393a400 JavaThread "Timer-925" [_thread_in_native, id=9348]
  0x1393a000 JavaThread "Timer-924" [_thread_in_native, id=9344]
  0x13939c00 JavaThread "Timer-923" [_thread_in_native, id=9340]
  0x13939400 JavaThread "Timer-922" [_thread_in_native, id=9336]
  0x13939000 JavaThread "Timer-921" [_thread_in_native, id=9332]
  0x13938800 JavaThread "Timer-920" [_thread_in_native, id=9328]
  0x13938400 JavaThread "Timer-919" [_thread_in_native, id=9324]
  0x13937c00 JavaThread "Timer-918" [_thread_in_native, id=9320]
  0x13937800 JavaThread "Timer-917" [_thread_in_native, id=9316]
  0x13937000 JavaThread "Timer-916" [_thread_in_native, id=9312]
  0x13936c00 JavaThread "Timer-915" [_thread_in_native, id=9308]
  0x13936800 JavaThread "Timer-914" [_thread_in_native, id=9304]
  0x13936000 JavaThread "Timer-913" [_thread_in_native, id=9300]
  0x13935c00 JavaThread "Timer-912" [_thread_in_native, id=9296]
  0x13935400 JavaThread "Timer-911" [_thread_in_native, id=9292]
  0x13935000 JavaThread "Timer-910" [_thread_in_native, id=9288]
  0x13934800 JavaThread "Timer-909" [_thread_in_native, id=9284]
  0x13934400 JavaThread "Timer-908" [_thread_in_vm, id=9280]
  0x13933c00 JavaThread "Timer-907" [_thread_in_native, id=9276]
  0x13933800 JavaThread "Timer-906" [_thread_in_native, id=9272]
  0x13933400 JavaThread "Timer-905" [_thread_in_native, id=9268]
  0x13932c00 JavaThread "Timer-904" [_thread_in_native, id=9264]
  0x13932800 JavaThread "Timer-903" [_thread_in_native, id=9260]
  0x13932000 JavaThread "Timer-902" [_thread_in_native, id=9256]
  0x13931c00 JavaThread "Timer-901" [_thread_in_native, id=9252]
  0x13931400 JavaThread "Timer-900" [_thread_in_native, id=9248]
  0x138d1000 JavaThread "Timer-899" [_thread_in_native, id=9244]
  0x138d0c00 JavaThread "Timer-898" [_thread_in_native, id=9240]
  0x138d0800 JavaThread "Timer-897" [_thread_in_native, id=9236]
  0x138d0000 JavaThread "Timer-896" [_thread_in_vm, id=9232]
  0x138cfc00 JavaThread "Timer-895" [_thread_in_native, id=9228]
  0x138cf400 JavaThread "Timer-894" [_thread_in_native, id=9224]
  0x138cf000 JavaThread "Timer-893" [_thread_in_native, id=9220]
  0x138ce800 JavaThread "Timer-892" [_thread_in_native, id=9216]
  0x138ce400 JavaThread "Timer-891" [_thread_in_native, id=9212]
  0x138cdc00 JavaThread "Timer-890" [_thread_in_native, id=9208]
  0x138cd800 JavaThread "Timer-889" [_thread_in_native, id=9204]
  0x138cd400 JavaThread "Timer-888" [_thread_in_native, id=9200]
  0x138ccc00 JavaThread "Timer-887" [_thread_in_native, id=9196]
  0x138cc800 JavaThread "Timer-886" [_thread_in_native, id=9192]
  0x138cc000 JavaThread "Timer-885" [_thread_in_native, id=9188]
  0x138cbc00 JavaThread "Timer-884" [_thread_in_native, id=9184]
  0x138cb400 JavaThread "Timer-883" [_thread_in_native, id=9180]
  0x138cb000 JavaThread "Timer-882" [_thread_in_native, id=9176]
  0x138ca800 JavaThread "Timer-881" [_thread_in_native, id=9172]
  0x138ca400 JavaThread "Timer-880" [_thread_in_native, id=9168]
  0x138ca000 JavaThread "Timer-879" [_thread_in_native, id=9164]
  0x138c9800 JavaThread "Timer-878" [_thread_in_native, id=9160]
  0x138c9400 JavaThread "Timer-877" [_thread_in_native, id=9156]
  0x138c8c00 JavaThread "Timer-876" [_thread_in_native, id=9152]
  0x138c8800 JavaThread "Timer-875" [_thread_in_native, id=9148]
  0x138c8000 JavaThread "Timer-874" [_thread_in_native, id=9144]
  0x138c7c00 JavaThread "Timer-873" [_thread_in_native, id=9140]
  0x138c7400 JavaThread "Timer-872" [_thread_in_native, id=9136]
  0x138c7000 JavaThread "Timer-871" [_thread_in_native, id=9132]
  0x138c6c00 JavaThread "Timer-870" [_thread_in_native, id=9128]
  0x138c6400 JavaThread "Timer-869" [_thread_in_native, id=9124]
  0x138c6000 JavaThread "Timer-868" [_thread_in_native, id=9120]
  0x138c5800 JavaThread "Timer-867" [_thread_in_native, id=9116]
  0x138c5400 JavaThread "Timer-866" [_thread_in_native, id=9112]
  0x138c4c00 JavaThread "Timer-865" [_thread_in_native, id=9108]
  0x138c4800 JavaThread "Timer-864" [_thread_in_native, id=9104]
  0x138c4000 JavaThread "Timer-863" [_thread_in_native, id=9100]
  0x138c3c00 JavaThread "Timer-862" [_thread_in_native, id=9096]
  0x138c3800 JavaThread "Timer-861" [_thread_in_native, id=9092]
  0x138c3000 JavaThread "Timer-860" [_thread_in_native, id=9088]
  0x138c2c00 JavaThread "Timer-859" [_thread_in_native, id=9084]
  0x138c2400 JavaThread "Timer-858" [_thread_in_native, id=9080]
  0x138c2000 JavaThread "Timer-857" [_thread_in_native, id=9076]
  0x138c1800 JavaThread "Timer-856" [_thread_in_native, id=9072]
  0x138c1400 JavaThread "Timer-855" [_thread_in_native, id=9068]
  0x138c0c00 JavaThread "Timer-854" [_thread_in_native, id=9064]
  0x138c0800 JavaThread "Timer-853" [_thread_in_native, id=9060]
  0x138c0400 JavaThread "Timer-852" [_thread_in_native, id=9056]
  0x138bfc00 JavaThread "Timer-851" [_thread_in_native, id=9052]
  0x138bf800 JavaThread "Timer-850" [_thread_in_native, id=9048]
  0x138bf000 JavaThread "Timer-849" [_thread_in_native, id=9044]
  0x138bec00 JavaThread "Timer-848" [_thread_in_native, id=9040]
  0x138be400 JavaThread "Timer-847" [_thread_in_native, id=9036]
  0x138be000 JavaThread "Timer-846" [_thread_in_native, id=9032]
  0x138bd800 JavaThread "Timer-845" [_thread_in_native, id=9028]
  0x138bd400 JavaThread "Timer-844" [_thread_in_vm, id=9024]
  0x138bd000 JavaThread "Timer-843" [_thread_in_native, id=9020]
  0x138bc800 JavaThread "Timer-842" [_thread_in_native, id=9016]
  0x138bc400 JavaThread "Timer-841" [_thread_in_native, id=9012]
  0x138bbc00 JavaThread "Timer-840" [_thread_in_native, id=9008]
  0x138bb800 JavaThread "Timer-839" [_thread_in_native, id=9004]
  0x138bb000 JavaThread "Timer-838" [_thread_in_native, id=9000]
  0x138bac00 JavaThread "Timer-837" [_thread_in_native, id=8996]
  0x138ba400 JavaThread "Timer-836" [_thread_in_native, id=8992]
  0x138ba000 JavaThread "Timer-835" [_thread_in_native, id=8988]
  0x138b9c00 JavaThread "Timer-834" [_thread_in_native, id=8984]
  0x138b9400 JavaThread "Timer-833" [_thread_in_native, id=8980]
  0x138b9000 JavaThread "Timer-832" [_thread_in_native, id=8972]
  0x138b8800 JavaThread "Timer-831" [_thread_in_native, id=8968]
  0x138b8400 JavaThread "Timer-830" [_thread_in_native, id=8964]
  0x138b7c00 JavaThread "Timer-829" [_thread_in_native, id=8960]
  0x138b7800 JavaThread "Timer-828" [_thread_in_native, id=8956]
  0x138b7000 JavaThread "Timer-827" [_thread_in_native, id=8952]
  0x138b6c00 JavaThread "Timer-826" [_thread_in_native, id=8948]
  0x138b6800 JavaThread "Timer-825" [_thread_in_native, id=8944]
  0x138b6000 JavaThread "Timer-824" [_thread_in_native, id=8940]
  0x138b5c00 JavaThread "Timer-823" [_thread_in_native, id=8936]
  0x138b5400 JavaThread "Timer-822" [_thread_in_native, id=8932]
  0x138b5000 JavaThread "Timer-821" [_thread_in_native, id=8928]
  0x138b4800 JavaThread "Timer-820" [_thread_in_native, id=8924]
  0x138b4400 JavaThread "Timer-819" [_thread_in_native, id=8920]
  0x138b3c00 JavaThread "Timer-818" [_thread_in_native, id=8916]
  0x138b3800 JavaThread "Timer-817" [_thread_in_native, id=8912]
  0x138b3400 JavaThread "Timer-816" [_thread_in_native, id=8908]
  0x138b2c00 JavaThread "Timer-815" [_thread_in_native, id=8904]
  0x138b2800 JavaThread "Timer-814" [_thread_in_native, id=8900]
  0x138b2000 JavaThread "Timer-813" [_thread_in_native, id=8896]
  0x138b1c00 JavaThread "Timer-812" [_thread_in_vm, id=8892]
  0x044a5800 JavaThread "Timer-811" [_thread_in_native, id=8888]
  0x044a5400 JavaThread "Timer-810" [_thread_in_native, id=8884]
  0x044a4c00 JavaThread "Timer-809" [_thread_in_native, id=8880]
  0x044a4800 JavaThread "Timer-808" [_thread_in_native, id=8876]
  0x044a4000 JavaThread "Timer-807" [_thread_in_native, id=8872]
  0x044a3c00 JavaThread "Timer-806" [_thread_in_native, id=8868]
  0x044a3400 JavaThread "Timer-805" [_thread_in_native, id=8864]
  0x044a3000 JavaThread "Timer-804" [_thread_in_native, id=8860]
  0x044a2800 JavaThread "Timer-803" [_thread_in_native, id=8856]
  0x044a2400 JavaThread "Timer-802" [_thread_in_native, id=8852]
  0x044a2000 JavaThread "Timer-801" [_thread_in_native, id=8844]
  0x044a1800 JavaThread "Timer-800" [_thread_in_native, id=8840]
  0x044a1400 JavaThread "Timer-799" [_thread_in_native, id=8836]
  0x044a0c00 JavaThread "Timer-798" [_thread_in_native, id=8832]
  0x044a0800 JavaThread "Timer-797" [_thread_in_native, id=8828]
  0x044a0000 JavaThread "Timer-796" [_thread_in_native, id=8824]
  0x0449fc00 JavaThread "Timer-795" [_thread_in_native, id=8820]
  0x0449f400 JavaThread "Timer-794" [_thread_in_native, id=8816]
  0x0449f000 JavaThread "Timer-793" [_thread_in_native, id=8812]
  0x0449ec00 JavaThread "Timer-792" [_thread_in_native, id=8808]
  0x0449e400 JavaThread "Timer-791" [_thread_in_native, id=8804]
  0x0449e000 JavaThread "Timer-790" [_thread_in_native, id=8800]
  0x0449d800 JavaThread "Timer-789" [_thread_in_native, id=8796]
  0x0449d400 JavaThread "Timer-788" [_thread_in_native, id=8792]
  0x0449cc00 JavaThread "Timer-787" [_thread_in_native, id=8788]
  0x0449c800 JavaThread "Timer-786" [_thread_in_native, id=8784]
  0x0449c000 JavaThread "Timer-785" [_thread_in_native, id=8780]
  0x0449bc00 JavaThread "Timer-784" [_thread_in_native, id=8776]
  0x0449b800 JavaThread "Timer-783" [_thread_in_native, id=8772]
  0x0449b000 JavaThread "Timer-782" [_thread_in_native, id=8768]
  0x0449ac00 JavaThread "Timer-781" [_thread_in_native, id=8764]
  0x0449a400 JavaThread "Timer-780" [_thread_in_native, id=8760]
  0x0449a000 JavaThread "Timer-779" [_thread_in_native, id=8756]
  0x04499800 JavaThread "Timer-778" [_thread_in_native, id=8752]
  0x04499400 JavaThread "Timer-777" [_thread_in_native, id=8748]
  0x04498c00 JavaThread "Timer-776" [_thread_in_native, id=8744]
  0x04498800 JavaThread "Timer-775" [_thread_in_native, id=8740]
  0x04498400 JavaThread "Timer-774" [_thread_in_native, id=8736]
  0x04497c00 JavaThread "Timer-773" [_thread_in_native, id=8732]
  0x04497800 JavaThread "Timer-772" [_thread_in_native, id=8728]
  0x04497000 JavaThread "Timer-771" [_thread_in_native, id=8724]
  0x04496c00 JavaThread "Timer-770" [_thread_in_native, id=8720]
  0x04496400 JavaThread "Timer-769" [_thread_in_native, id=8716]
  0x04496000 JavaThread "Timer-768" [_thread_in_native, id=8712]
  0x04495800 JavaThread "Timer-767" [_thread_in_native, id=8708]
  0x04495400 JavaThread "Timer-766" [_thread_in_native, id=8704]
  0x04495000 JavaThread "Timer-765" [_thread_in_native, id=8700]
  0x04494800 JavaThread "Timer-764" [_thread_in_native, id=8696]
  0x04494400 JavaThread "Timer-763" [_thread_in_native, id=8692]
  0x04493c00 JavaThread "Timer-762" [_thread_in_native, id=8688]
  0x04493800 JavaThread "Timer-761" [_thread_in_native, id=8684]
  0x04493000 JavaThread "Timer-760" [_thread_in_native, id=8680]
  0x04492c00 JavaThread "Timer-759" [_thread_in_native, id=8676]
  0x04492400 JavaThread "Timer-758" [_thread_in_native, id=8672]
  0x04492000 JavaThread "Timer-757" [_thread_in_native, id=8668]
  0x04491c00 JavaThread "Timer-756" [_thread_in_native, id=8664]
  0x04491400 JavaThread "Timer-755" [_thread_in_native, id=8660]
  0x04491000 JavaThread "Timer-754" [_thread_in_native, id=8656]
  0x04490800 JavaThread "Timer-753" [_thread_in_native, id=8652]
  0x04490400 JavaThread "Timer-752" [_thread_in_native, id=8648]
  0x0448fc00 JavaThread "Timer-751" [_thread_in_native, id=8644]
  0x0448f800 JavaThread "Timer-750" [_thread_in_native, id=8640]
  0x0448f000 JavaThread "Timer-749" [_thread_in_native, id=8636]
  0x0448ec00 JavaThread "Timer-748" [_thread_in_native, id=8632]
  0x0448e800 JavaThread "Timer-747" [_thread_in_native, id=8628]
  0x0448e000 JavaThread "Timer-746" [_thread_in_native, id=8624]
  0x0448dc00 JavaThread "Timer-745" [_thread_in_native, id=8620]
  0x0448d400 JavaThread "Timer-744" [_thread_in_native, id=8616]
  0x0448d000 JavaThread "Timer-743" [_thread_in_native, id=8612]
  0x0448c800 JavaThread "Timer-742" [_thread_in_native, id=8608]
  0x0448c400 JavaThread "Timer-741" [_thread_in_native, id=8604]
  0x0448bc00 JavaThread "Timer-740" [_thread_in_native, id=8600]
  0x0448b800 JavaThread "Timer-739" [_thread_in_native, id=8596]
  0x0448b400 JavaThread "Timer-738" [_thread_in_native, id=8592]
  0x0448ac00 JavaThread "Timer-737" [_thread_in_native, id=8588]
  0x0448a800 JavaThread "Timer-736" [_thread_in_native, id=8584]
  0x0448a000 JavaThread "Timer-735" [_thread_in_native, id=8568]
  0x04489c00 JavaThread "Timer-734" [_thread_in_native, id=8564]
  0x04489400 JavaThread "Timer-733" [_thread_in_native, id=8560]
  0x04489000 JavaThread "Timer-732" [_thread_in_native, id=8556]
  0x04488800 JavaThread "Timer-731" [_thread_in_native, id=8552]
  0x04488400 JavaThread "Timer-730" [_thread_in_native, id=8548]
  0x04488000 JavaThread "Timer-729" [_thread_in_native, id=8544]
  0x04487800 JavaThread "Timer-728" [_thread_in_native, id=8540]
  0x04487400 JavaThread "Timer-727" [_thread_in_native, id=8536]
  0x04486c00 JavaThread "Timer-726" [_thread_in_native, id=8532]
  0x04486800 JavaThread "Timer-725" [_thread_in_native, id=8528]
  0x04486000 JavaThread "Timer-724" [_thread_in_native, id=8524]
  0x04c5e000 JavaThread "Timer-723" [_thread_in_native, id=8516]
  0x04c5d800 JavaThread "Timer-722" [_thread_in_native, id=8512]
  0x04c5d400 JavaThread "Timer-721" [_thread_in_native, id=8508]
  0x04c5cc00 JavaThread "Timer-720" [_thread_in_native, id=8504]
  0x04c5c800 JavaThread "Timer-719" [_thread_in_native, id=8500]
  0x04c5c000 JavaThread "Timer-718" [_thread_in_native, id=8496]
  0x04c5bc00 JavaThread "Timer-717" [_thread_in_native, id=8492]
  0x04c5b400 JavaThread "Timer-716" [_thread_in_native, id=8488]
  0x04c5b000 JavaThread "Timer-715" [_thread_in_native, id=8484]
  0x04c5ac00 JavaThread "Timer-714" [_thread_in_native, id=8480]
  0x04c5a400 JavaThread "Timer-713" [_thread_in_native, id=8476]
  0x04c5a000 JavaThread "Timer-712" [_thread_in_native, id=8472]
  0x04c59800 JavaThread "Timer-711" [_thread_in_native, id=8468]
  0x04c59400 JavaThread "Timer-710" [_thread_in_native, id=8464]
  0x04c58c00 JavaThread "Timer-709" [_thread_in_native, id=8460]
  0x04c58800 JavaThread "Timer-708" [_thread_in_native, id=8456]
  0x04c58000 JavaThread "Timer-707" [_thread_in_native, id=8452]
  0x04c57c00 JavaThread "Timer-706" [_thread_in_native, id=8448]
  0x04c57800 JavaThread "Timer-705" [_thread_in_native, id=8444]
  0x04c57000 JavaThread "Timer-704" [_thread_in_vm, id=8440]
  0x04c56c00 JavaThread "Timer-703" [_thread_in_native, id=8436]
  0x04c56400 JavaThread "Timer-702" [_thread_in_native, id=8432]
  0x04c56000 JavaThread "Timer-701" [_thread_in_native, id=8428]
  0x04c55800 JavaThread "Timer-700" [_thread_in_native, id=8424]
  0x04c55400 JavaThread "Timer-699" [_thread_in_native, id=8420]
  0x04c54c00 JavaThread "Timer-698" [_thread_in_native, id=8416]
  0x04c54800 JavaThread "Timer-697" [_thread_in_native, id=8412]
  0x04c54000 JavaThread "Timer-696" [_thread_in_native, id=8408]
  0x04c53c00 JavaThread "Timer-695" [_thread_in_native, id=8400]
  0x04c53800 JavaThread "Timer-694" [_thread_in_native, id=8396]
  0x04c53000 JavaThread "Timer-693" [_thread_in_native, id=8392]
  0x04c52c00 JavaThread "Timer-692" [_thread_in_native, id=8388]
  0x04c52400 JavaThread "Timer-691" [_thread_in_native, id=8384]
  0x04c52000 JavaThread "Timer-690" [_thread_in_native, id=8380]
  0x04c51800 JavaThread "Timer-689" [_thread_in_native, id=8376]
  0x04c51400 JavaThread "Timer-688" [_thread_in_native, id=8372]
  0x04c50c00 JavaThread "Timer-687" [_thread_in_native, id=8368]
  0x04c50800 JavaThread "Timer-686" [_thread_in_native, id=8364]
  0x04c50400 JavaThread "Timer-685" [_thread_in_native, id=8360]
  0x04c4fc00 JavaThread "Timer-684" [_thread_in_native, id=8356]
  0x04c4f800 JavaThread "Timer-683" [_thread_in_native, id=8352]
  0x04c4f000 JavaThread "Timer-682" [_thread_in_native, id=8348]
  0x04c4ec00 JavaThread "Timer-681" [_thread_in_native, id=8344]
  0x04c4e400 JavaThread "Timer-680" [_thread_in_native, id=8340]
  0x04d58800 JavaThread "Timer-679" [_thread_in_native, id=8336]
  0x04d58400 JavaThread "Timer-678" [_thread_in_native, id=8332]
  0x04d58000 JavaThread "Timer-677" [_thread_in_native, id=8328]
  0x04d57800 JavaThread "Timer-676" [_thread_in_native, id=8324]
  0x04d57400 JavaThread "Timer-675" [_thread_in_native, id=8320]
  0x04d56c00 JavaThread "Timer-674" [_thread_in_native, id=8316]
  0x04d56800 JavaThread "Timer-673" [_thread_in_native, id=8312]
  0x04d56000 JavaThread "Timer-672" [_thread_in_native, id=8308]
  0x04d55c00 JavaThread "Timer-671" [_thread_in_native, id=8304]
  0x04d55400 JavaThread "Timer-670" [_thread_in_native, id=8300]
  0x04d55000 JavaThread "Timer-669" [_thread_in_native, id=8296]
  0x04d54c00 JavaThread "Timer-668" [_thread_in_native, id=8292]
  0x04d54400 JavaThread "Timer-667" [_thread_in_native, id=8288]
  0x04d54000 JavaThread "Timer-666" [_thread_in_native, id=8284]
  0x04d53800 JavaThread "Timer-665" [_thread_in_native, id=8280]
  0x04d53400 JavaThread "Timer-664" [_thread_in_native, id=8276]
  0x04d52c00 JavaThread "Timer-663" [_thread_in_native, id=8272]
  0x04d52800 JavaThread "Timer-662" [_thread_in_native, id=8268]
  0x04d52000 JavaThread "Timer-661" [_thread_in_native, id=8264]
  0x04d51c00 JavaThread "Timer-660" [_thread_in_native, id=8260]
  0x04d51800 JavaThread "Timer-659" [_thread_in_native, id=8256]
  0x04d51000 JavaThread "Timer-658" [_thread_in_native, id=8252]
  0x04d50c00 JavaThread "Timer-657" [_thread_in_native, id=8248]
  0x04d50400 JavaThread "Timer-656" [_thread_in_native, id=8244]
  0x04d50000 JavaThread "Timer-655" [_thread_in_native, id=8240]
  0x04d4f800 JavaThread "Timer-654" [_thread_in_native, id=8236]
  0x04d4f400 JavaThread "Timer-653" [_thread_in_native, id=8232]
  0x04d4ec00 JavaThread "Timer-652" [_thread_in_native, id=8228]
  0x04d4e800 JavaThread "Timer-651" [_thread_in_native, id=8224]
  0x04d4e400 JavaThread "Timer-650" [_thread_in_native, id=8220]
  0x04d4dc00 JavaThread "Timer-649" [_thread_in_native, id=8216]
  0x04d4d800 JavaThread "Timer-648" [_thread_in_native, id=8212]
  0x04d4d000 JavaThread "Timer-647" [_thread_in_native, id=8208]
  0x04d4cc00 JavaThread "Timer-646" [_thread_in_native, id=8204]
  0x04d4c400 JavaThread "Timer-645" [_thread_in_native, id=8200]
  0x04d4c000 JavaThread "Timer-644" [_thread_in_native, id=8196]
  0x04d4b800 JavaThread "Timer-643" [_thread_in_native, id=4296]
  0x04d4b400 JavaThread "Timer-642" [_thread_in_native, id=5748]
  0x04d4b000 JavaThread "Timer-641" [_thread_in_native, id=5900]
  0x04d4a800 JavaThread "Timer-640" [_thread_in_native, id=4088]
  0x04d4a400 JavaThread "Timer-639" [_thread_in_native, id=8188]
  0x04d49c00 JavaThread "Timer-638" [_thread_in_native, id=8184]
  0x04d49800 JavaThread "Timer-637" [_thread_in_native, id=8180]
  0x04d49000 JavaThread "Timer-636" [_thread_in_native, id=8176]
  0x04d0f000 JavaThread "Timer-635" [_thread_in_native, id=8172]
  0x04d0ec00 JavaThread "Timer-634" [_thread_in_native, id=8168]
  0x04d0e400 JavaThread "Timer-633" [_thread_in_native, id=8164]
  0x04d0e000 JavaThread "Timer-632" [_thread_in_native, id=8160]
  0x04d0d800 JavaThread "Timer-631" [_thread_in_native, id=8156]
  0x04d0d400 JavaThread "Timer-630" [_thread_in_native, id=8152]
  0x04d0cc00 JavaThread "Timer-629" [_thread_in_native, id=8148]
  0x04d0c800 JavaThread "Timer-628" [_thread_in_native, id=8144]
  0x04d0c000 JavaThread "Timer-627" [_thread_in_native, id=8140]
  0x04d0bc00 JavaThread "Timer-626" [_thread_in_native, id=8136]
  0x04d0b800 JavaThread "Timer-625" [_thread_in_native, id=8128]
  0x04d0b000 JavaThread "Timer-624" [_thread_in_native, id=8124]
  0x04d0ac00 JavaThread "Timer-623" [_thread_in_native, id=8120]
  0x04d0a400 JavaThread "Timer-622" [_thread_in_native, id=8116]
  0x04d0a000 JavaThread "Timer-621" [_thread_in_native, id=8112]
  0x04d09800 JavaThread "Timer-620" [_thread_in_native, id=8108]
  0x04d09400 JavaThread "Timer-619" [_thread_in_native, id=8104]
  0x04d08c00 JavaThread "Timer-618" [_thread_in_native, id=8100]
  0x04d08800 JavaThread "Timer-617" [_thread_in_native, id=8096]
  0x04d08400 JavaThread "Timer-616" [_thread_in_native, id=8092]
  0x04d07c00 JavaThread "Timer-615" [_thread_in_native, id=8088]
  0x04d07800 JavaThread "Timer-614" [_thread_in_native, id=8084]
  0x04d07000 JavaThread "Timer-613" [_thread_in_native, id=8080]
  0x04d06c00 JavaThread "Timer-612" [_thread_in_native, id=8076]
  0x04d06400 JavaThread "Timer-611" [_thread_in_native, id=8072]
  0x04d06000 JavaThread "Timer-610" [_thread_in_native, id=8068]
  0x04d05800 JavaThread "Timer-609" [_thread_in_native, id=8064]
  0x04d05400 JavaThread "Timer-608" [_thread_in_native, id=8060]
  0x04d05000 JavaThread "Timer-607" [_thread_in_native, id=8056]
  0x04d04800 JavaThread "Timer-606" [_thread_in_native, id=8052]
  0x04d04400 JavaThread "Timer-605" [_thread_in_native, id=8048]
  0x04d03c00 JavaThread "Timer-604" [_thread_in_native, id=8044]
  0x04d03800 JavaThread "Timer-603" [_thread_in_native, id=8040]
  0x04d03000 JavaThread "Timer-602" [_thread_in_native, id=8036]
  0x04d02c00 JavaThread "Timer-601" [_thread_in_native, id=8032]
  0x04d02400 JavaThread "Timer-600" [_thread_in_native, id=8028]
  0x04d02000 JavaThread "Timer-599" [_thread_in_native, id=8024]
  0x04d01c00 JavaThread "Timer-598" [_thread_in_native, id=8020]
  0x04d01400 JavaThread "Timer-597" [_thread_in_native, id=8016]
  0x04d01000 JavaThread "Timer-596" [_thread_in_native, id=8012]
  0x04d00800 JavaThread "Timer-595" [_thread_in_native, id=8008]
  0x04d00400 JavaThread "Timer-594" [_thread_in_native, id=8004]
  0x04cffc00 JavaThread "Timer-593" [_thread_in_native, id=8000]
  0x04cff800 JavaThread "Timer-592" [_thread_in_native, id=7996]
  0x04cd8400 JavaThread "Timer-591" [_thread_in_native, id=7992]
  0x04cd7c00 JavaThread "Timer-590" [_thread_in_native, id=7988]
  0x04cd7800 JavaThread "Timer-589" [_thread_in_native, id=7984]
  0x04cd7000 JavaThread "Timer-588" [_thread_in_native, id=7980]
  0x04cd6c00 JavaThread "Timer-587" [_thread_in_native, id=7976]
  0x04cd6800 JavaThread "Timer-586" [_thread_in_native, id=7972]
  0x04cd6000 JavaThread "Timer-585" [_thread_in_native, id=7968]
  0x04cd5c00 JavaThread "Timer-584" [_thread_in_native, id=7964]
  0x04cd5400 JavaThread "Timer-583" [_thread_in_native, id=7960]
  0x04cd5000 JavaThread "Timer-582" [_thread_in_native, id=7956]
  0x04cd4800 JavaThread "Timer-581" [_thread_in_native, id=7952]
  0x04cd4400 JavaThread "Timer-580" [_thread_in_native, id=7948]
  0x04cd3c00 JavaThread "Timer-579" [_thread_in_native, id=7940]
  0x04cd3800 JavaThread "Timer-578" [_thread_in_native, id=7936]
  0x04cd3400 JavaThread "Timer-577" [_thread_in_native, id=7932]
  0x04cd2c00 JavaThread "Timer-576" [_thread_in_native, id=7928]
  0x04cd2800 JavaThread "Timer-575" [_thread_in_native, id=7924]
  0x04cd2000 JavaThread "Timer-574" [_thread_in_native, id=7920]
  0x04cd1c00 JavaThread "Timer-573" [_thread_in_native, id=7916]
  0x04cd1400 JavaThread "Timer-572" [_thread_in_native, id=7912]
  0x04cd1000 JavaThread "Timer-571" [_thread_in_native, id=7908]
  0x04cd0800 JavaThread "Timer-570" [_thread_in_native, id=7904]
  0x04cd0400 JavaThread "Timer-569" [_thread_in_native, id=7900]
  0x04cd0000 JavaThread "Timer-568" [_thread_in_native, id=7896]
  0x04ccf800 JavaThread "Timer-567" [_thread_in_native, id=7892]
  0x04ccf400 JavaThread "Timer-566" [_thread_in_native, id=7888]
  0x04ccec00 JavaThread "Timer-565" [_thread_in_native, id=7884]
  0x04cce800 JavaThread "Timer-564" [_thread_in_native, id=7880]
  0x04cce000 JavaThread "Timer-563" [_thread_in_native, id=7876]
  0x04ccdc00 JavaThread "Timer-562" [_thread_in_native, id=7872]
  0x04ccd400 JavaThread "Timer-561" [_thread_in_native, id=7868]
  0x04ccd000 JavaThread "Timer-560" [_thread_in_native, id=7864]
  0x04ccc800 JavaThread "Timer-559" [_thread_in_native, id=7860]
  0x04ccc400 JavaThread "Timer-558" [_thread_in_native, id=7856]
  0x04ccc000 JavaThread "Timer-557" [_thread_in_native, id=7852]
  0x04ccb800 JavaThread "Timer-556" [_thread_in_native, id=7848]
  0x04ccb400 JavaThread "Timer-555" [_thread_in_native, id=7844]
  0x04ccac00 JavaThread "Timer-554" [_thread_in_native, id=7840]
  0x04cca800 JavaThread "Timer-553" [_thread_in_native, id=7836]
  0x04cca000 JavaThread "Timer-552" [_thread_in_native, id=7832]
  0x04cc9c00 JavaThread "Timer-551" [_thread_in_native, id=7828]
  0x04cc9400 JavaThread "Timer-550" [_thread_in_native, id=7824]
  0x04cc9000 JavaThread "Timer-549" [_thread_in_native, id=7820]
  0x04cc8c00 JavaThread "Timer-548" [_thread_in_native, id=7816]
  0x04c83800 JavaThread "Timer-547" [_thread_in_native, id=7812]
  0x04c83400 JavaThread "Timer-546" [_thread_in_native, id=7808]
  0x04c82c00 JavaThread "Timer-545" [_thread_in_native, id=7804]
  0x04c82800 JavaThread "Timer-544" [_thread_in_native, id=7800]
  0x04c82000 JavaThread "Timer-543" [_thread_in_native, id=7796]
  0x04c81c00 JavaThread "Timer-542" [_thread_in_native, id=7792]
  0x04c81400 JavaThread "Timer-541" [_thread_in_native, id=7788]
  0x04c81000 JavaThread "Timer-540" [_thread_in_native, id=7784]
  0x04c80800 JavaThread "Timer-539" [_thread_in_native, id=7780]
  0x04c80400 JavaThread "Timer-538" [_thread_in_native, id=7776]
  0x04c80000 JavaThread "Timer-537" [_thread_in_native, id=7772]
  0x04c7f800 JavaThread "Timer-536" [_thread_in_native, id=7768]
  0x04c7f400 JavaThread "Timer-535" [_thread_in_native, id=7764]
  0x04c7ec00 JavaThread "Timer-534" [_thread_in_native, id=7760]
  0x04c7e800 JavaThread "Timer-533" [_thread_in_native, id=7756]
  0x04c7e000 JavaThread "Timer-532" [_thread_in_native, id=7752]
  0x04c7dc00 JavaThread "Timer-531" [_thread_in_native, id=7748]
  0x04c7d400 JavaThread "Timer-530" [_thread_in_native, id=7744]
  0x04c7d000 JavaThread "Timer-529" [_thread_in_native, id=7740]
  0x04c7cc00 JavaThread "Timer-528" [_thread_in_native, id=7736]
  0x04c7c400 JavaThread "Timer-527" [_thread_in_native, id=7732]
  0x04c7c000 JavaThread "Timer-526" [_thread_in_native, id=7728]
  0x04c7b800 JavaThread "Timer-525" [_thread_in_native, id=7724]
  0x04c7b400 JavaThread "Timer-524" [_thread_in_native, id=7720]
  0x04c7ac00 JavaThread "Timer-523" [_thread_in_native, id=7716]
  0x04c7a800 JavaThread "Timer-522" [_thread_in_native, id=7712]
  0x04c7a000 JavaThread "Timer-521" [_thread_in_native, id=7708]
  0x04c79c00 JavaThread "Timer-520" [_thread_in_native, id=7704]
  0x04c79800 JavaThread "Timer-519" [_thread_in_native, id=7700]
  0x04c79000 JavaThread "Timer-518" [_thread_in_native, id=7696]
  0x04c78c00 JavaThread "Timer-517" [_thread_in_native, id=7692]
  0x04c78400 JavaThread "Timer-516" [_thread_in_native, id=7688]
  0x04c78000 JavaThread "Timer-515" [_thread_in_native, id=7684]
  0x04c77800 JavaThread "Timer-514" [_thread_in_native, id=7680]
  0x04c77400 JavaThread "Timer-513" [_thread_in_native, id=7676]
  0x04c76c00 JavaThread "Timer-512" [_thread_in_native, id=7672]
  0x04c76800 JavaThread "Timer-511" [_thread_in_native, id=7668]
  0x04c76400 JavaThread "Timer-510" [_thread_in_native, id=7664]
  0x04c75c00 JavaThread "Timer-509" [_thread_in_native, id=7660]
  0x04c75800 JavaThread "Timer-508" [_thread_in_native, id=7656]
  0x04c75000 JavaThread "Timer-507" [_thread_in_native, id=7652]
  0x04c74c00 JavaThread "Timer-506" [_thread_in_native, id=7648]
  0x04c74400 JavaThread "Timer-505" [_thread_in_native, id=7644]
  0x04c74000 JavaThread "Timer-504" [_thread_in_native, id=7640]
  0x04c26c00 JavaThread "Timer-503" [_thread_in_native, id=7636]
  0x04c26800 JavaThread "Timer-502" [_thread_in_native, id=7632]
  0x04c26400 JavaThread "Timer-501" [_thread_in_native, id=7628]
  0x04c25c00 JavaThread "Timer-500" [_thread_in_native, id=7624]
  0x04c25800 JavaThread "Timer-499" [_thread_in_native, id=7620]
  0x04c25000 JavaThread "Timer-498" [_thread_in_native, id=7616]
  0x04c24c00 JavaThread "Timer-497" [_thread_in_native, id=7612]
  0x04c24400 JavaThread "Timer-496" [_thread_in_vm, id=7608]
  0x04c24000 JavaThread "Timer-495" [_thread_in_native, id=7604]
  0x04c23800 JavaThread "Timer-494" [_thread_in_native, id=7600]
  0x04c23400 JavaThread "Timer-493" [_thread_in_native, id=7596]
  0x04c23000 JavaThread "Timer-492" [_thread_in_native, id=7592]
  0x04c22800 JavaThread "Timer-491" [_thread_in_native, id=7588]
  0x04c22400 JavaThread "Timer-490" [_thread_in_native, id=7584]
  0x04c21c00 JavaThread "Timer-489" [_thread_in_native, id=7580]
  0x04c21800 JavaThread "Timer-488" [_thread_in_native, id=7576]
  0x04c21000 JavaThread "Timer-487" [_thread_in_native, id=7572]
  0x04c20c00 JavaThread "Timer-486" [_thread_in_native, id=7568]
  0x04c20400 JavaThread "Timer-485" [_thread_in_native, id=7564]
  0x04c20000 JavaThread "Timer-484" [_thread_in_native, id=7560]
  0x04c1fc00 JavaThread "Timer-483" [_thread_in_native, id=7556]
  0x04c1f400 JavaThread "Timer-482" [_thread_in_native, id=7552]
  0x04c1f000 JavaThread "Timer-481" [_thread_in_native, id=7548]
  0x04c1e800 JavaThread "Timer-480" [_thread_in_native, id=7544]
  0x04c1e400 JavaThread "Timer-479" [_thread_in_native, id=7540]
  0x04c1dc00 JavaThread "Timer-478" [_thread_in_native, id=7536]
  0x04c1d800 JavaThread "Timer-477" [_thread_in_native, id=7532]
  0x04c1d000 JavaThread "Timer-476" [_thread_in_native, id=7528]
  0x04c1cc00 JavaThread "Timer-475" [_thread_in_native, id=7524]
  0x04c1c800 JavaThread "Timer-474" [_thread_in_native, id=7520]
  0x04c1c000 JavaThread "Timer-473" [_thread_in_vm, id=7516]
  0x04c1bc00 JavaThread "Timer-472" [_thread_in_native, id=7512]
  0x04c1b400 JavaThread "Timer-471" [_thread_in_native, id=7508]
  0x04c1b000 JavaThread "Timer-470" [_thread_in_native, id=7504]
  0x04c1a800 JavaThread "Timer-469" [_thread_in_native, id=7500]
  0x04c1a400 JavaThread "Timer-468" [_thread_in_native, id=7496]
  0x04c19c00 JavaThread "Timer-467" [_thread_in_native, id=7492]
  0x04c19800 JavaThread "Timer-466" [_thread_in_native, id=7488]
  0x04c19400 JavaThread "Timer-465" [_thread_in_native, id=7484]
  0x04c18c00 JavaThread "Timer-464" [_thread_in_native, id=7480]
  0x04c18800 JavaThread "Timer-463" [_thread_in_vm, id=7476]
  0x04c18000 JavaThread "Timer-462" [_thread_in_native, id=7472]
  0x04c17c00 JavaThread "Timer-461" [_thread_in_native, id=7468]
  0x04c17400 JavaThread "Timer-460" [_thread_in_native, id=7464]
  0x0452a000 JavaThread "Timer-459" [_thread_in_native, id=7460]
  0x04529c00 JavaThread "Timer-458" [_thread_in_native, id=7456]
  0x04529400 JavaThread "Timer-457" [_thread_in_native, id=7452]
  0x04529000 JavaThread "Timer-456" [_thread_in_native, id=7448]
  0x04528c00 JavaThread "Timer-455" [_thread_in_native, id=7444]
  0x04528400 JavaThread "Timer-454" [_thread_in_native, id=7440]
  0x04528000 JavaThread "Timer-453" [_thread_in_native, id=7436]
  0x04527800 JavaThread "Timer-452" [_thread_in_native, id=7432]
  0x04527400 JavaThread "Timer-451" [_thread_in_native, id=7428]
  0x04526c00 JavaThread "Timer-450" [_thread_in_native, id=7424]
  0x04526800 JavaThread "Timer-449" [_thread_in_native, id=7420]
  0x04526000 JavaThread "Timer-448" [_thread_in_native, id=7416]
  0x04525c00 JavaThread "Timer-447" [_thread_blocked, id=7412]
  0x04525800 JavaThread "Timer-446" [_thread_in_native, id=7408]
  0x04525000 JavaThread "Timer-445" [_thread_in_native, id=7404]
  0x04524c00 JavaThread "Timer-444" [_thread_in_native, id=7400]
  0x04524400 JavaThread "Timer-443" [_thread_in_native, id=7396]
  0x04524000 JavaThread "Timer-442" [_thread_in_native, id=7392]
  0x04523800 JavaThread "Timer-441" [_thread_in_native, id=7388]
  0x04523400 JavaThread "Timer-440" [_thread_in_native, id=7384]
  0x04522c00 JavaThread "Timer-439" [_thread_in_native, id=7380]
  0x04522800 JavaThread "Timer-438" [_thread_in_native, id=7376]
  0x04522400 JavaThread "Timer-437" [_thread_in_native, id=7372]
  0x04521c00 JavaThread "Timer-436" [_thread_in_native, id=7368]
  0x04521800 JavaThread "Timer-435" [_thread_in_native, id=7364]
  0x04521000 JavaThread "Timer-434" [_thread_in_native, id=7360]
  0x04520c00 JavaThread "Timer-433" [_thread_in_native, id=7356]
  0x04520400 JavaThread "Timer-432" [_thread_in_native, id=7352]
  0x04520000 JavaThread "Timer-431" [_thread_in_native, id=7348]
  0x0451f800 JavaThread "Timer-430" [_thread_in_native, id=7344]
  0x0451f400 JavaThread "Timer-429" [_thread_in_native, id=7340]
  0x0451f000 JavaThread "Timer-428" [_thread_in_native, id=7336]
  0x0451e800 JavaThread "Timer-427" [_thread_in_native, id=7332]
  0x0451e400 JavaThread "Timer-426" [_thread_in_native, id=7328]
  0x0451dc00 JavaThread "Timer-425" [_thread_in_native, id=7324]
  0x0451d800 JavaThread "Timer-424" [_thread_in_native, id=7320]
  0x0451d000 JavaThread "Timer-423" [_thread_in_native, id=7316]
  0x0451cc00 JavaThread "Timer-422" [_thread_in_native, id=7312]
  0x0451c400 JavaThread "Timer-421" [_thread_in_native, id=7308]
  0x0451c000 JavaThread "Timer-420" [_thread_in_native, id=7304]
  0x0451b800 JavaThread "Timer-419" [_thread_in_native, id=7300]
  0x0451b400 JavaThread "Timer-418" [_thread_in_native, id=7296]
  0x0451b000 JavaThread "Timer-417" [_thread_in_native, id=7292]
  0x0451a800 JavaThread "Timer-416" [_thread_in_native, id=7288]
  0x04b8fc00 JavaThread "Timer-415" [_thread_in_native, id=7284]
  0x04b8f800 JavaThread "Timer-414" [_thread_in_native, id=7280]
  0x04b8f000 JavaThread "Timer-413" [_thread_in_native, id=7276]
  0x04b8ec00 JavaThread "Timer-412" [_thread_in_native, id=7272]
  0x04b8e400 JavaThread "Timer-411" [_thread_in_native, id=7268]
  0x04b8e000 JavaThread "Timer-410" [_thread_in_native, id=7264]
  0x04b8d800 JavaThread "Timer-409" [_thread_in_native, id=7260]
  0x04b8d400 JavaThread "Timer-408" [_thread_in_native, id=7256]
  0x04b8d000 JavaThread "Timer-407" [_thread_in_native, id=7252]
  0x04b8c800 JavaThread "Timer-406" [_thread_in_native, id=7248]
  0x04b8c400 JavaThread "Timer-405" [_thread_in_native, id=7244]
  0x04b8bc00 JavaThread "Timer-404" [_thread_in_native, id=7240]
  0x04b8b800 JavaThread "Timer-403" [_thread_in_native, id=7236]
  0x04b8b000 JavaThread "Timer-402" [_thread_in_native, id=7232]
  0x04b8ac00 JavaThread "Timer-401" [_thread_in_native, id=7228]
  0x04b8a400 JavaThread "Timer-400" [_thread_in_native, id=7224]
  0x04b8a000 JavaThread "Timer-399" [_thread_in_native, id=7220]
  0x04b89c00 JavaThread "Timer-398" [_thread_in_native, id=7216]
  0x04b89400 JavaThread "Timer-397" [_thread_in_native, id=7212]
  0x04b89000 JavaThread "Timer-396" [_thread_in_native, id=7208]
  0x04b88800 JavaThread "Timer-395" [_thread_in_vm, id=7204]
  0x04b88400 JavaThread "Timer-394" [_thread_in_native, id=7200]
  0x04b87c00 JavaThread "Timer-393" [_thread_in_native, id=7196]
  0x04b87800 JavaThread "Timer-392" [_thread_in_native, id=7192]
  0x04b87000 JavaThread "Timer-391" [_thread_in_native, id=7188]
  0x04b86c00 JavaThread "Timer-390" [_thread_in_native, id=7184]
  0x04b86400 JavaThread "Timer-389" [_thread_in_native, id=7180]
  0x04b86000 JavaThread "Timer-388" [_thread_in_native, id=7176]
  0x04b85c00 JavaThread "Timer-387" [_thread_in_native, id=7172]
  0x04b85400 JavaThread "Timer-386" [_thread_in_native, id=7168]
  0x04b85000 JavaThread "Timer-385" [_thread_in_native, id=7164]
  0x04b84800 JavaThread "Timer-384" [_thread_in_native, id=7160]
  0x04b84400 JavaThread "Timer-383" [_thread_in_native, id=7156]
  0x04b83c00 JavaThread "Timer-382" [_thread_in_native, id=7152]
  0x04b83800 JavaThread "Timer-381" [_thread_in_native, id=7148]
  0x04b83000 JavaThread "Timer-380" [_thread_in_native, id=7144]
  0x04b82c00 JavaThread "Timer-379" [_thread_in_native, id=7140]
  0x04b82800 JavaThread "Timer-378" [_thread_in_native, id=7136]
  0x04b82000 JavaThread "Timer-377" [_thread_in_native, id=7132]
  0x04b81c00 JavaThread "Timer-376" [_thread_in_native, id=7128]
  0x04b81400 JavaThread "Timer-375" [_thread_in_native, id=7124]
  0x04b81000 JavaThread "Timer-374" [_thread_in_native, id=7120]
  0x04b80800 JavaThread "Timer-373" [_thread_in_native, id=7116]
  0x04b80400 JavaThread "Timer-372" [_thread_in_native, id=7112]
  0x04b5b000 JavaThread "Timer-371" [_thread_in_native, id=7108]
  0x04b5a800 JavaThread "Timer-370" [_thread_in_native, id=7104]
  0x04b5a400 JavaThread "Timer-369" [_thread_in_native, id=7100]
  0x04b5a000 JavaThread "Timer-368" [_thread_in_native, id=7096]
  0x04b59800 JavaThread "Timer-367" [_thread_in_native, id=7092]
  0x04b59400 JavaThread "Timer-366" [_thread_in_native, id=7088]
  0x04b58c00 JavaThread "Timer-365" [_thread_in_native, id=7084]
  0x04b58800 JavaThread "Timer-364" [_thread_in_native, id=7080]
  0x04b58000 JavaThread "Timer-363" [_thread_in_native, id=7076]
  0x04b57c00 JavaThread "Timer-362" [_thread_in_native, id=7072]
  0x04b57400 JavaThread "Timer-361" [_thread_in_native, id=7068]
  0x04b57000 JavaThread "Timer-360" [_thread_in_native, id=7064]
  0x04b56c00 JavaThread "Timer-359" [_thread_in_native, id=7060]
  0x04b56400 JavaThread "Timer-358" [_thread_in_native, id=7056]
  0x04b56000 JavaThread "Timer-357" [_thread_in_native, id=7052]
  0x04b55800 JavaThread "Timer-356" [_thread_in_native, id=7048]
  0x04b55400 JavaThread "Timer-355" [_thread_in_native, id=7044]
  0x04b54c00 JavaThread "Timer-354" [_thread_in_native, id=7040]
  0x04b54800 JavaThread "Timer-353" [_thread_in_native, id=7036]
  0x04b54000 JavaThread "Timer-352" [_thread_in_native, id=7032]
  0x04b53c00 JavaThread "Timer-351" [_thread_in_native, id=7028]
  0x04b53800 JavaThread "Timer-350" [_thread_in_native, id=7024]
  0x04b3fc00 JavaThread "Timer-349" [_thread_in_native, id=7020]
  0x04b3f400 JavaThread "Timer-348" [_thread_in_native, id=7016]
  0x04b3f000 JavaThread "Timer-347" [_thread_in_native, id=7012]
  0x04b3ec00 JavaThread "Timer-346" [_thread_in_native, id=7008]
  0x04b3e400 JavaThread "Timer-345" [_thread_in_native, id=7004]
  0x04b3e000 JavaThread "Timer-344" [_thread_in_native, id=7000]
  0x04b3d800 JavaThread "Timer-343" [_thread_in_native, id=6996]
  0x04b3d400 JavaThread "Timer-342" [_thread_in_native, id=6992]
  0x04b3cc00 JavaThread "Timer-341" [_thread_in_native, id=6988]
  0x04b3c800 JavaThread "Timer-340" [_thread_in_native, id=6984]
  0x04b3c000 JavaThread "Timer-339" [_thread_in_native, id=6980]
  0x04b3bc00 JavaThread "Timer-338" [_thread_in_native, id=6976]
  0x04b3b800 JavaThread "Timer-337" [_thread_in_native, id=6972]
  0x04b3b000 JavaThread "Timer-336" [_thread_in_native, id=6968]
  0x04b3ac00 JavaThread "Timer-335" [_thread_in_native, id=6964]
  0x04b3a400 JavaThread "Timer-334" [_thread_in_native, id=6960]
  0x04b3a000 JavaThread "Timer-333" [_thread_in_native, id=6956]
  0x04b39800 JavaThread "Timer-332" [_thread_in_native, id=6952]
  0x04b39400 JavaThread "Timer-331" [_thread_in_native, id=6948]
  0x04b38c00 JavaThread "Timer-330" [_thread_in_native, id=6944]
  0x04b38800 JavaThread "Timer-329" [_thread_in_native, id=6940]
  0x04b38400 JavaThread "Timer-328" [_thread_in_native, id=6936]
  0x04b16800 JavaThread "Timer-327" [_thread_in_native, id=6932]
  0x04b16000 JavaThread "Timer-326" [_thread_in_native, id=6928]
  0x04b15c00 JavaThread "Timer-325" [_thread_in_native, id=6924]
  0x04b15800 JavaThread "Timer-324" [_thread_in_native, id=6920]
  0x04b15000 JavaThread "Timer-323" [_thread_in_native, id=6916]
  0x04b14c00 JavaThread "Timer-322" [_thread_in_native, id=6912]
  0x04b14400 JavaThread "Timer-321" [_thread_in_native, id=6908]
  0x04b14000 JavaThread "Timer-320" [_thread_in_vm, id=6904]
  0x04b13800 JavaThread "Timer-319" [_thread_in_native, id=6900]
  0x04b13400 JavaThread "Timer-318" [_thread_in_native, id=6896]
  0x04b12c00 JavaThread "Timer-317" [_thread_in_native, id=6892]
  0x04b12800 JavaThread "Timer-316" [_thread_in_native, id=6888]
  0x04b12400 JavaThread "Timer-315" [_thread_in_native, id=6884]
  0x04b11c00 JavaThread "Timer-314" [_thread_in_native, id=6880]
  0x04b11800 JavaThread "Timer-313" [_thread_in_native, id=6876]
  0x04b11000 JavaThread "Timer-312" [_thread_in_native, id=6872]
  0x04b10c00 JavaThread "Timer-311" [_thread_in_native, id=6868]
  0x04b10400 JavaThread "Timer-310" [_thread_in_native, id=6864]
  0x04b10000 JavaThread "Timer-309" [_thread_in_native, id=6860]
  0x04b0f800 JavaThread "Timer-308" [_thread_in_native, id=6856]
  0x04b0f400 JavaThread "Timer-307" [_thread_in_native, id=6852]
  0x04b0f000 JavaThread "Timer-306" [_thread_in_native, id=6848]
  0x04aec000 JavaThread "Timer-305" [_thread_in_native, id=6844]
  0x04aeb800 JavaThread "Timer-304" [_thread_in_native, id=6840]
  0x04aeb400 JavaThread "Timer-303" [_thread_in_native, id=6836]
  0x04aeac00 JavaThread "Timer-302" [_thread_in_native, id=6832]
  0x04aea800 JavaThread "Timer-301" [_thread_in_native, id=6828]
  0x04aea400 JavaThread "Timer-300" [_thread_in_vm, id=6824]
  0x04ae9c00 JavaThread "Timer-299" [_thread_in_vm, id=6820]
  0x04ae9800 JavaThread "Timer-298" [_thread_in_native, id=6816]
  0x04ae9000 JavaThread "Timer-297" [_thread_in_native, id=6812]
  0x04ae8c00 JavaThread "Timer-296" [_thread_in_native, id=6808]
  0x04ae8400 JavaThread "Timer-295" [_thread_in_native, id=6804]
  0x04ae8000 JavaThread "Timer-294" [_thread_in_native, id=6800]
  0x04ae7800 JavaThread "Timer-293" [_thread_in_native, id=6796]
  0x04ae7400 JavaThread "Timer-292" [_thread_in_native, id=6792]
  0x04ae7000 JavaThread "Timer-291" [_thread_in_native, id=6788]
  0x04ae6800 JavaThread "Timer-290" [_thread_in_native, id=6784]
  0x04ae6400 JavaThread "Timer-289" [_thread_in_native, id=6780]
  0x04ae5c00 JavaThread "Timer-288" [_thread_in_native, id=6776]
  0x04ae5800 JavaThread "Timer-287" [_thread_in_native, id=6772]
  0x04ae5000 JavaThread "Timer-286" [_thread_in_native, id=6768]
  0x04ae4c00 JavaThread "Timer-285" [_thread_in_native, id=6764]
  0x04ae4400 JavaThread "Timer-284" [_thread_in_native, id=6760]
  0x04ad2c00 JavaThread "Timer-283" [_thread_in_native, id=6756]
  0x04ad2400 JavaThread "Timer-282" [_thread_in_native, id=6752]
  0x04ad2000 JavaThread "Timer-281" [_thread_in_native, id=6748]
  0x04ad1800 JavaThread "Timer-280" [_thread_in_native, id=6744]
  0x04ad1400 JavaThread "Timer-279" [_thread_in_native, id=6740]
  0x04ad0c00 JavaThread "Timer-278" [_thread_in_native, id=6736]
  0x04ad0800 JavaThread "Timer-277" [_thread_in_native, id=6732]
  0x04ad0400 JavaThread "Timer-276" [_thread_in_native, id=6728]
  0x04acfc00 JavaThread "Timer-275" [_thread_in_native, id=6724]
  0x04acf800 JavaThread "Timer-274" [_thread_in_native, id=6720]
  0x04acf000 JavaThread "Timer-273" [_thread_in_native, id=6716]
  0x04acec00 JavaThread "Timer-272" [_thread_in_native, id=6712]
  0x04ace400 JavaThread "Timer-271" [_thread_in_native, id=6708]
  0x04ace000 JavaThread "Timer-270" [_thread_in_native, id=6704]
  0x04acd800 JavaThread "Timer-269" [_thread_in_native, id=6700]
  0x04acd400 JavaThread "Timer-268" [_thread_in_native, id=6696]
  0x04acd000 JavaThread "Timer-267" [_thread_in_native, id=6692]
  0x04acc800 JavaThread "Timer-266" [_thread_in_native, id=6688]
  0x04acc400 JavaThread "Timer-265" [_thread_in_native, id=6684]
  0x04acbc00 JavaThread "Timer-264" [_thread_in_native, id=6680]
  0x04acb800 JavaThread "Timer-263" [_thread_in_native, id=6676]
  0x04acb000 JavaThread "Timer-262" [_thread_in_native, id=6672]
  0x04aa7000 JavaThread "Timer-261" [_thread_in_native, id=6668]
  0x04aa6800 JavaThread "Timer-260" [_thread_in_native, id=6664]
  0x04aa6400 JavaThread "Timer-259" [_thread_in_native, id=6660]
  0x04aa6000 JavaThread "Timer-258" [_thread_in_native, id=6656]
  0x04aa5800 JavaThread "Timer-257" [_thread_in_native, id=6652]
  0x04aa5400 JavaThread "Timer-256" [_thread_in_native, id=6648]
  0x04aa4c00 JavaThread "Timer-255" [_thread_in_native, id=6644]
  0x04aa4800 JavaThread "Timer-254" [_thread_in_native, id=6640]
  0x04aa4000 JavaThread "Timer-253" [_thread_in_native, id=6636]
  0x04aa3c00 JavaThread "Timer-252" [_thread_in_native, id=6632]
  0x04aa3400 JavaThread "Timer-251" [_thread_in_native, id=6628]
  0x04aa3000 JavaThread "Timer-250" [_thread_in_native, id=6624]
  0x04aa2c00 JavaThread "Timer-249" [_thread_in_native, id=6620]
  0x04aa2400 JavaThread "Timer-248" [_thread_in_native, id=6616]
  0x04aa2000 JavaThread "Timer-247" [_thread_in_native, id=6612]
  0x04aa1800 JavaThread "Timer-246" [_thread_in_native, id=6608]
  0x04aa1400 JavaThread "Timer-245" [_thread_in_native, id=6604]
  0x04aa0c00 JavaThread "Timer-244" [_thread_in_native, id=6600]
  0x04aa0800 JavaThread "Timer-243" [_thread_in_native, id=6596]
  0x04aa0000 JavaThread "Timer-242" [_thread_in_native, id=6592]
  0x04a9fc00 JavaThread "Timer-241" [_thread_in_native, id=6588]
  0x04a9f800 JavaThread "Timer-240" [_thread_in_native, id=6584]
  0x04a6e800 JavaThread "Timer-239" [_thread_in_native, id=6580]
  0x04a6e400 JavaThread "Timer-238" [_thread_in_native, id=6576]
  0x04a6e000 JavaThread "Timer-237" [_thread_in_vm, id=6572]
  0x04a6d800 JavaThread "Timer-236" [_thread_in_native, id=6568]
  0x04a6d400 JavaThread "Timer-235" [_thread_in_native, id=6564]
  0x04a6cc00 JavaThread "Timer-234" [_thread_in_native, id=6560]
  0x04a6c800 JavaThread "Timer-233" [_thread_in_native, id=6556]
  0x04a6c000 JavaThread "Timer-232" [_thread_in_native, id=6552]
  0x04a6bc00 JavaThread "Timer-231" [_thread_in_native, id=6548]
  0x04a6b400 JavaThread "Timer-230" [_thread_in_vm, id=6544]
  0x04a6b000 JavaThread "Timer-229" [_thread_in_native, id=6540]
  0x04a6ac00 JavaThread "Timer-228" [_thread_in_native, id=6536]
  0x04a6a400 JavaThread "Timer-227" [_thread_in_native, id=6532]
  0x04a6a000 JavaThread "Timer-226" [_thread_in_native, id=6528]
  0x04a69800 JavaThread "Timer-225" [_thread_in_native, id=6524]
  0x04a69400 JavaThread "Timer-224" [_thread_in_native, id=6520]
  0x04a68c00 JavaThread "Timer-223" [_thread_in_native, id=6516]
  0x04a68800 JavaThread "Timer-222" [_thread_in_native, id=6512]
  0x04a68000 JavaThread "Timer-221" [_thread_in_native, id=6508]
  0x04a67c00 JavaThread "Timer-220" [_thread_in_native, id=6504]
  0x04a67800 JavaThread "Timer-219" [_thread_in_native, id=6500]
  0x04a67000 JavaThread "Timer-218" [_thread_in_native, id=6496]
  0x0453dc00 JavaThread "Timer-217" [_thread_in_native, id=6492]
  0x0453d400 JavaThread "Timer-216" [_thread_in_native, id=6488]
  0x0453d000 JavaThread "Timer-215" [_thread_in_native, id=6484]
  0x0453c800 JavaThread "Timer-214" [_thread_in_native, id=6480]
  0x0453c400 JavaThread "Timer-213" [_thread_in_native, id=6476]
  0x0453c000 JavaThread "Timer-212" [_thread_in_native, id=6472]
  0x0453b800 JavaThread "Timer-211" [_thread_in_native, id=6468]
  0x0453b400 JavaThread "Timer-210" [_thread_in_native, id=6464]
  0x0453ac00 JavaThread "Timer-209" [_thread_in_native, id=6460]
  0x0453a800 JavaThread "Timer-208" [_thread_in_native, id=6456]
  0x0453a000 JavaThread "Timer-207" [_thread_in_native, id=6452]
  0x04539c00 JavaThread "Timer-206" [_thread_in_native, id=6448]
  0x04539400 JavaThread "Timer-205" [_thread_in_native, id=6444]
  0x04539000 JavaThread "Timer-204" [_thread_in_native, id=6440]
  0x04538c00 JavaThread "Timer-203" [_thread_in_native, id=6436]
  0x04538400 JavaThread "Timer-202" [_thread_in_native, id=6432]
  0x04538000 JavaThread "Timer-201" [_thread_in_native, id=6428]
  0x04537800 JavaThread "Timer-200" [_thread_in_native, id=6424]
  0x04537400 JavaThread "Timer-199" [_thread_in_native, id=6420]
  0x04536c00 JavaThread "Timer-198" [_thread_in_native, id=6416]
  0x04536800 JavaThread "Timer-197" [_thread_in_native, id=6412]
  0x04536000 JavaThread "Timer-196" [_thread_in_native, id=6408]
  0x04591400 JavaThread "Timer-195" [_thread_in_native, id=6404]
  0x04590c00 JavaThread "Timer-194" [_thread_in_native, id=6400]
  0x04590800 JavaThread "Timer-193" [_thread_in_native, id=6396]
  0x04590000 JavaThread "Timer-192" [_thread_in_native, id=6392]
  0x0458fc00 JavaThread "Timer-191" [_thread_in_native, id=6388]
  0x0458f400 JavaThread "Timer-190" [_thread_in_native, id=6384]
  0x0458f000 JavaThread "Timer-189" [_thread_in_native, id=6380]
  0x0458e800 JavaThread "Timer-188" [_thread_in_native, id=6376]
  0x0458e400 JavaThread "Timer-187" [_thread_in_native, id=6372]
  0x0458e000 JavaThread "Timer-186" [_thread_in_native, id=6368]
  0x0458d800 JavaThread "Timer-185" [_thread_in_native, id=6364]
  0x0458d400 JavaThread "Timer-184" [_thread_in_native, id=6360]
  0x0458cc00 JavaThread "Timer-183" [_thread_in_vm, id=6356]
  0x0458c800 JavaThread "Timer-182" [_thread_in_native, id=6352]
  0x0458c000 JavaThread "Timer-181" [_thread_in_native, id=6348]
  0x0458bc00 JavaThread "Timer-180" [_thread_in_native, id=6344]
  0x0458b400 JavaThread "Timer-179" [_thread_in_native, id=6340]
  0x0458b000 JavaThread "Timer-178" [_thread_in_native, id=6336]
  0x0458ac00 JavaThread "Timer-177" [_thread_in_native, id=6332]
  0x0458a400 JavaThread "Timer-176" [_thread_in_native, id=6328]
  0x0458a000 JavaThread "Timer-175" [_thread_in_native, id=6324]
  0x04589800 JavaThread "Timer-174" [_thread_in_native, id=6320]
  0x019ea800 JavaThread "Timer-173" [_thread_in_native, id=6316]
  0x019ea400 JavaThread "Timer-172" [_thread_in_native, id=6312]
  0x019e9c00 JavaThread "Timer-171" [_thread_in_native, id=6308]
  0x019e9800 JavaThread "Timer-170" [_thread_in_native, id=6304]
  0x019e9000 JavaThread "Timer-169" [_thread_in_native, id=6300]
  0x019e8c00 JavaThread "Timer-168" [_thread_in_native, id=6296]
  0x019e8800 JavaThread "Timer-167" [_thread_in_native, id=6292]
  0x019e8000 JavaThread "Timer-166" [_thread_in_native, id=6288]
  0x019e7c00 JavaThread "Timer-165" [_thread_in_native, id=6284]
  0x019e7400 JavaThread "Timer-164" [_thread_in_native, id=6280]
  0x019e7000 JavaThread "Timer-163" [_thread_in_native, id=6276]
  0x019e6800 JavaThread "Timer-162" [_thread_in_native, id=6272]
  0x019e6400 JavaThread "Timer-161" [_thread_in_native, id=6268]
  0x019e5c00 JavaThread "Timer-160" [_thread_in_native, id=6264]
  0x019e5800 JavaThread "Timer-159" [_thread_in_native, id=6260]
  0x019e5400 JavaThread "Timer-158" [_thread_in_native, id=6256]
  0x019e4c00 JavaThread "Timer-157" [_thread_in_native, id=6252]
  0x019e4800 JavaThread "Timer-156" [_thread_in_native, id=6248]
  0x019e4000 JavaThread "Timer-155" [_thread_in_native, id=6244]
  0x019e3c00 JavaThread "Timer-154" [_thread_in_native, id=6240]
  0x019e3400 JavaThread "Timer-153" [_thread_in_native, id=6236]
  0x019e3000 JavaThread "Timer-152" [_thread_in_native, id=6232]
  0x04a42800 JavaThread "Timer-151" [_thread_in_native, id=6228]
  0x04a42400 JavaThread "Timer-150" [_thread_in_native, id=6224]
  0x04a42000 JavaThread "Timer-149" [_thread_in_native, id=6220]
  0x04a41800 JavaThread "Timer-148" [_thread_in_native, id=6216]
  0x04a41400 JavaThread "Timer-147" [_thread_in_native, id=6212]
  0x04a40c00 JavaThread "Timer-146" [_thread_in_native, id=6208]
  0x04a40800 JavaThread "Timer-145" [_thread_in_native, id=6204]
  0x04a40000 JavaThread "Timer-144" [_thread_in_native, id=6200]
  0x04a3fc00 JavaThread "Timer-143" [_thread_in_native, id=6196]
  0x04a3f400 JavaThread "Timer-142" [_thread_in_native, id=6192]
  0x04a3f000 JavaThread "Timer-141" [_thread_in_native, id=6188]
  0x04a3e800 JavaThread "Timer-140" [_thread_in_native, id=6184]
  0x04a3e400 JavaThread "Timer-139" [_thread_in_native, id=6180]
  0x04a3e000 JavaThread "Timer-138" [_thread_in_native, id=6176]
  0x04a3d800 JavaThread "Timer-137" [_thread_in_native, id=6172]
  0x04a3d400 JavaThread "Timer-136" [_thread_in_native, id=6168]
  0x04a3cc00 JavaThread "Timer-135" [_thread_in_native, id=6164]
  0x04a3c800 JavaThread "Timer-134" [_thread_in_native, id=6160]
  0x04a3c000 JavaThread "Timer-133" [_thread_in_native, id=6156]
  0x04a3bc00 JavaThread "Timer-132" [_thread_in_native, id=6152]
  0x04a3b400 JavaThread "Timer-131" [_thread_in_native, id=6148]
  0x04a3b000 JavaThread "Timer-130" [_thread_in_native, id=4272]
  0x04a15c00 JavaThread "Timer-129" [_thread_in_native, id=3360]
  0x04a15800 JavaThread "Timer-128" [_thread_in_native, id=5400]
  0x04a15400 JavaThread "Timer-127" [_thread_in_native, id=3960]
  0x04a14c00 JavaThread "Timer-126" [_thread_in_native, id=1152]
  0x04a14800 JavaThread "Timer-125" [_thread_in_native, id=5336]
  0x04a14000 JavaThread "Timer-124" [_thread_in_native, id=4836]
  0x04a13c00 JavaThread "Timer-123" [_thread_in_native, id=3304]
  0x04a13400 JavaThread "Timer-122" [_thread_in_native, id=6068]
  0x04a13000 JavaThread "Timer-121" [_thread_in_native, id=2000]
  0x04a12800 JavaThread "Timer-120" [_thread_in_native, id=804]
  0x04a12400 JavaThread "Timer-119" [_thread_in_native, id=2260]
  0x04a12000 JavaThread "Timer-118" [_thread_in_native, id=4688]
  0x04a11800 JavaThread "Timer-117" [_thread_in_native, id=2960]
  0x04a11400 JavaThread "Timer-116" [_thread_in_native, id=5640]
  0x04a10c00 JavaThread "Timer-115" [_thread_in_native, id=5100]
  0x04a10800 JavaThread "Timer-114" [_thread_in_native, id=5284]
  0x04a10000 JavaThread "Timer-113" [_thread_in_native, id=5972]
  0x04a0fc00 JavaThread "Timer-112" [_thread_in_native, id=4940]
  0x04a0f400 JavaThread "Timer-111" [_thread_in_native, id=4504]
  0x04a0f000 JavaThread "Timer-110" [_thread_in_native, id=184]
  0x04a0ec00 JavaThread "Timer-109" [_thread_in_native, id=1584]
  0x04a0e400 JavaThread "Timer-108" [_thread_in_native, id=1176]
  0x049f7c00 JavaThread "Timer-107" [_thread_in_native, id=4576]
  0x049f7400 JavaThread "Timer-106" [_thread_in_native, id=676]
  0x049f7000 JavaThread "Timer-105" [_thread_in_native, id=5792]
  0x049f6c00 JavaThread "Timer-104" [_thread_in_native, id=1348]
  0x049f6400 JavaThread "Timer-103" [_thread_in_native, id=6052]
  0x049f6000 JavaThread "Timer-102" [_thread_in_native, id=1656]
  0x049f5800 JavaThread "Timer-101" [_thread_in_native, id=1504]
  0x049f5400 JavaThread "Timer-100" [_thread_in_native, id=3352]
  0x049f4c00 JavaThread "Timer-99" [_thread_in_native, id=4816]
  0x049f4800 JavaThread "Timer-98" [_thread_in_native, id=3688]
  0x049f4000 JavaThread "Timer-97" [_thread_in_native, id=3476]
  0x049f3c00 JavaThread "Timer-96" [_thread_in_native, id=5688]
  0x049f3800 JavaThread "Timer-95" [_thread_in_native, id=5916]
  0x049f3000 JavaThread "Timer-94" [_thread_in_native, id=1972]
  0x049f2c00 JavaThread "Timer-93" [_thread_in_native, id=3448]
  0x049f2400 JavaThread "Timer-92" [_thread_in_native, id=6116]
  0x049f2000 JavaThread "Timer-91" [_thread_in_native, id=5984]
  0x049f1800 JavaThread "Timer-90" [_thread_in_native, id=5720]
  0x049f1400 JavaThread "Timer-89" [_thread_in_native, id=356]
  0x049f0c00 JavaThread "Timer-88" [_thread_in_native, id=4760]
  0x049f0800 JavaThread "Timer-87" [_thread_in_native, id=4364]
  0x049f0000 JavaThread "Timer-86" [_thread_in_native, id=4468]
  0x044adc00 JavaThread "Timer-85" [_thread_in_native, id=2904]
=>0x044ad400 JavaThread "Timer-84" [_thread_in_native, id=6036]
  0x044ad000 JavaThread "Timer-83" [_thread_in_native, id=6128]
  0x044ac800 JavaThread "Timer-82" [_thread_in_native, id=5716]
  0x044ac400 JavaThread "Timer-81" [_thread_in_native, id=3788]
  0x044ac000 JavaThread "Timer-80" [_thread_in_native, id=4008]
  0x044ab800 JavaThread "Timer-79" [_thread_in_native, id=1608]
  0x044ab400 JavaThread "Timer-78" [_thread_in_native, id=4780]
  0x044aac00 JavaThread "Timer-77" [_thread_in_native, id=128]
  0x044aa800 JavaThread "Timer-76" [_thread_in_native, id=1332]
  0x044aa000 JavaThread "Timer-75" [_thread_in_native, id=1964]
  0x044a9c00 JavaThread "Timer-74" [_thread_in_native, id=4508]
  0x044a9400 JavaThread "Timer-73" [_thread_in_native, id=4856]
  0x044a9000 JavaThread "Timer-72" [_thread_in_native, id=2932]
  0x044a8c00 JavaThread "Timer-71" [_thread_in_native, id=4204]
  0x044a8400 JavaThread "Timer-70" [_thread_in_native, id=2312]
  0x044a8000 JavaThread "Timer-69" [_thread_in_native, id=6104]
  0x044a7800 JavaThread "Timer-68" [_thread_in_native, id=4848]
  0x044a7400 JavaThread "Timer-67" [_thread_in_native, id=164]
  0x044a6c00 JavaThread "Timer-66" [_thread_in_native, id=4108]
  0x044a6800 JavaThread "Timer-65" [_thread_in_native, id=208]
  0x044a6000 JavaThread "Timer-64" [_thread_in_native, id=1680]
  0x043fb800 JavaThread "Timer-63" [_thread_in_native, id=5772]
  0x043fb400 JavaThread "Timer-62" [_thread_in_native, id=4548]
  0x043fac00 JavaThread "Timer-61" [_thread_in_native, id=5616]
  0x043fa800 JavaThread "Timer-60" [_thread_in_native, id=5440]
  0x043fa000 JavaThread "Timer-59" [_thread_in_native, id=3128]
  0x043f9c00 JavaThread "Timer-58" [_thread_in_native, id=2336]
  0x043f9800 JavaThread "Timer-57" [_thread_in_native, id=2456]
  0x043f9000 JavaThread "Timer-56" [_thread_in_native, id=4164]
  0x043f8c00 JavaThread "Timer-55" [_thread_in_native, id=5776]
  0x043f8400 JavaThread "Timer-54" [_thread_in_native, id=4512]
  0x043f8000 JavaThread "Timer-53" [_thread_in_native, id=212]
  0x043f7800 JavaThread "Timer-52" [_thread_in_native, id=4612]
  0x043f7400 JavaThread "Timer-51" [_thread_in_native, id=5204]
  0x043f6c00 JavaThread "Timer-50" [_thread_in_native, id=2392]
  0x043f6800 JavaThread "Timer-49" [_thread_in_native, id=5064]
  0x043f6400 JavaThread "Timer-48" [_thread_in_native, id=5620]
  0x043f5c00 JavaThread "Timer-47" [_thread_in_native, id=4196]
  0x043f5800 JavaThread "Timer-46" [_thread_in_native, id=4168]
  0x043f5000 JavaThread "Timer-45" [_thread_in_native, id=5464]
  0x043f4c00 JavaThread "Timer-44" [_thread_in_native, id=1796]
  0x043f4400 JavaThread "Timer-43" [_thread_in_native, id=3868]
  0x043f4000 JavaThread "Timer-42" [_thread_in_native, id=3980]
  0x0447cc00 JavaThread "Timer-41" [_thread_in_native, id=5656]
  0x0447c400 JavaThread "Timer-40" [_thread_in_native, id=1960]
  0x0447c000 JavaThread "Timer-39" [_thread_in_native, id=2380]
  0x0447b800 JavaThread "Timer-38" [_thread_in_native, id=3300]
  0x0447b400 JavaThread "Timer-37" [_thread_in_native, id=5612]
  0x0447b000 JavaThread "Timer-36" [_thread_in_native, id=1560]
  0x0447a800 JavaThread "Timer-35" [_thread_in_native, id=1180]
  0x0447a400 JavaThread "Timer-34" [_thread_in_native, id=1616]
  0x04479c00 JavaThread "Timer-33" [_thread_in_native, id=912]
  0x04479800 JavaThread "Timer-32" [_thread_in_native, id=1968]
  0x04479000 JavaThread "Timer-31" [_thread_in_native, id=5768]
  0x04478c00 JavaThread "Timer-30" [_thread_in_native, id=4348]
  0x04478400 JavaThread "Timer-29" [_thread_in_native, id=5912]
  0x04478000 JavaThread "Timer-28" [_thread_in_native, id=4340]
  0x04477c00 JavaThread "Timer-27" [_thread_in_native, id=808]
  0x04477400 JavaThread "Timer-26" [_thread_in_native, id=5804]
  0x04477000 JavaThread "Timer-25" [_thread_in_native, id=4372]
  0x04476800 JavaThread "Timer-24" [_thread_in_native, id=3292]
  0x04476400 JavaThread "Timer-23" [_thread_in_native, id=5292]
  0x04475c00 JavaThread "Timer-22" [_thread_in_native, id=5188]
  0x04475800 JavaThread "Timer-21" [_thread_in_native, id=3748]
  0x04475000 JavaThread "Timer-20" [_thread_in_native, id=5952]
  0x045a6c00 JavaThread "Timer-19" [_thread_in_native, id=4516]
  0x045a6400 JavaThread "Timer-18" [_thread_in_native, id=6028]
  0x045a6000 JavaThread "Timer-17" [_thread_in_native, id=3944]
  0x045a5800 JavaThread "Timer-16" [_thread_in_native, id=5740]
  0x045a5400 JavaThread "Timer-15" [_thread_in_native, id=2572]
  0x045a5000 JavaThread "Timer-14" [_thread_in_native, id=1032]
  0x045a4800 JavaThread "Timer-13" [_thread_in_native, id=3332]
  0x045a4400 JavaThread "Timer-12" [_thread_in_native, id=4620]
  0x045a3c00 JavaThread "Timer-11" [_thread_in_native, id=2772]
  0x045a3800 JavaThread "Timer-10" [_thread_in_native, id=4616]
  0x045a3000 JavaThread "Timer-9" [_thread_in_native, id=3844]
  0x045a2c00 JavaThread "Timer-8" [_thread_in_native, id=4600]
  0x045a2400 JavaThread "Timer-7" [_thread_in_native, id=4336]
  0x045a2000 JavaThread "Timer-6" [_thread_in_native, id=5596]
  0x045a1c00 JavaThread "Timer-5" [_thread_in_native, id=5840]
  0x045a1400 JavaThread "Timer-4" [_thread_in_native, id=4056]
  0x045a1000 JavaThread "Timer-3" [_thread_in_native, id=4188]
  0x045a0800 JavaThread "Timer-2" [_thread_in_native, id=5368]
  0x045a0400 JavaThread "Timer-1" [_thread_in_native, id=6040]
  0x0459fc00 JavaThread "Timer-0" [_thread_in_native, id=6092]
  0x0459f800 JavaThread "Thread-2" [_thread_in_native, id=4876]
  0x0459f000 JavaThread "RMI RenewClean-[192.168.1.53:53151]" daemon [_thread_blocked, id=3724]
  0x0457b800 JavaThread "RMI Scheduler(0)" daemon [_thread_blocked, id=856]
  0x0452fc00 JavaThread "GC Daemon" daemon [_thread_blocked, id=3696]
  0x0452f800 JavaThread "RMI Reaper" [_thread_blocked, id=4012]
  0x04430400 JavaThread "RMI TCP Accept-0" daemon [_thread_in_native, id=3472]
  0x049dbc00 JavaThread "RMI TCP Accept-9001" daemon [_thread_in_native, id=4824]
  0x049d4400 JavaThread "TimerQueue" daemon [_thread_blocked, id=3600]
  0x00be7000 JavaThread "DestroyJavaVM" [_thread_blocked, id=5844]
  0x0459e000 JavaThread "AWT-EventQueue-0" [_thread_in_native, id=4248]
  0x019c9c00 JavaThread "AWT-Windows" daemon [_thread_in_native, id=5712]
  0x019c9800 JavaThread "AWT-Shutdown" [_thread_blocked, id=5196]
  0x019c6c00 JavaThread "Java2D Disposer" daemon [_thread_blocked, id=5016]
  0x0198b400 JavaThread "Low Memory Detector" daemon [_thread_blocked, id=1108]
  0x01978800 JavaThread "CompilerThread0" daemon [_thread_blocked, id=3036]
  0x01977400 JavaThread "Attach Listener" daemon [_thread_blocked, id=3948]
  0x01976c00 JavaThread "Signal Dispatcher" daemon [_thread_blocked, id=2088]
  0x01938000 JavaThread "Finalizer" daemon [_thread_blocked, id=4060]
  0x0192f400 JavaThread "Reference Handler" daemon [_thread_blocked, id=5576]

Other Threads:
  0x01926000 VMThread [id=4608]
  0x0198d400 WatcherThread [id=2776]

VM state:not at safepoint (normal execution)

VM Mutex/Monitor currently owned by a thread: None

Heap
 def new generation   total 4544K, used 3463K [0x23a20000, 0x23f00000, 0x23f00000)
  eden space 4096K,  73% used [0x23a20000, 0x23d11cc8, 0x23e20000)
  from space 448K, 100% used [0x23e90000, 0x23f00000, 0x23f00000)
  to   space 448K,   0% used [0x23e20000, 0x23e20000, 0x23e90000)
 tenured generation   total 60544K, used 40245K [0x23f00000, 0x27a20000, 0x27a20000)
   the space 60544K,  66% used [0x23f00000, 0x2664d4b0, 0x2664d600, 0x27a20000)
 compacting perm gen  total 12288K, used 1646K [0x27a20000, 0x28620000, 0x2ba20000)
   the space 12288K,  13% used [0x27a20000, 0x27bbbad8, 0x27bbbc00, 0x28620000)
    ro space 8192K,  66% used [0x2ba20000, 0x2bf69920, 0x2bf69a00, 0x2c220000)
    rw space 12288K,  52% used [0x2c220000, 0x2c866130, 0x2c866200, 0x2ce20000)

Dynamic libraries:
0x00400000 - 0x00423000 	C:\Program Files\Java\jdk1.6.0\bin\java.exe
0x77270000 - 0x773ac000 	C:\Windows\SYSTEM32\ntdll.dll
0x756d0000 - 0x757a4000 	C:\Windows\system32\kernel32.dll
0x75500000 - 0x7554a000 	C:\Windows\system32\KERNELBASE.dll
0x76be0000 - 0x76c80000 	C:\Windows\system32\ADVAPI32.dll
0x76ce0000 - 0x76d8c000 	C:\Windows\system32\msvcrt.dll
0x76bc0000 - 0x76bd9000 	C:\Windows\SYSTEM32\sechost.dll
0x76e20000 - 0x76ec1000 	C:\Windows\system32\RPCRT4.dll
0x7c340000 - 0x7c396000 	C:\Program Files\Java\jdk1.6.0\jre\bin\msvcr71.dll
0x6d7c0000 - 0x6da07000 	C:\Program Files\Java\jdk1.6.0\jre\bin\client\jvm.dll
0x76af0000 - 0x76bb9000 	C:\Windows\system32\USER32.dll
0x76f80000 - 0x76fce000 	C:\Windows\system32\GDI32.dll
0x76f70000 - 0x76f7a000 	C:\Windows\system32\LPK.dll
0x76ed0000 - 0x76f6d000 	C:\Windows\system32\USP10.dll
0x74540000 - 0x74572000 	C:\Windows\system32\WINMM.dll
0x77480000 - 0x7749f000 	C:\Windows\system32\IMM32.DLL
0x773b0000 - 0x7747c000 	C:\Windows\system32\MSCTF.dll
0x752f0000 - 0x7533b000 	C:\Windows\system32\apphelp.dll
0x6d310000 - 0x6d318000 	C:\Program Files\Java\jdk1.6.0\jre\bin\hpi.dll
0x756c0000 - 0x756c5000 	C:\Windows\system32\PSAPI.DLL
0x6d770000 - 0x6d77c000 	C:\Program Files\Java\jdk1.6.0\jre\bin\verify.dll
0x6d3b0000 - 0x6d3cf000 	C:\Program Files\Java\jdk1.6.0\jre\bin\java.dll
0x6d7b0000 - 0x6d7bf000 	C:\Program Files\Java\jdk1.6.0\jre\bin\zip.dll
0x6d000000 - 0x6d1c3000 	C:\Program Files\Java\jdk1.6.0\jre\bin\awt.dll
0x73a60000 - 0x73ab1000 	C:\Windows\system32\WINSPOOL.DRV
0x77110000 - 0x7726c000 	C:\Windows\system32\ole32.dll
0x74130000 - 0x74170000 	C:\Windows\system32\uxtheme.dll
0x6d2b0000 - 0x6d303000 	C:\Program Files\Java\jdk1.6.0\jre\bin\fontmanager.dll
0x73c30000 - 0x73c43000 	C:\Windows\system32\dwmapi.dll
0x75340000 - 0x7534c000 	C:\Windows\system32\CRYPTBASE.dll
0x75ea0000 - 0x76ae9000 	C:\Windows\system32\shell32.dll
0x75e10000 - 0x75e67000 	C:\Windows\system32\SHLWAPI.dll
0x10000000 - 0x10038000 	C:\Program Files\WIDCOMM\Bluetooth Software\btmmhook.dll
0x759e0000 - 0x75a6f000 	C:\Windows\system32\OLEAUT32.dll
0x6d570000 - 0x6d583000 	C:\Program Files\Java\jdk1.6.0\jre\bin\net.dll
0x76de0000 - 0x76e15000 	C:\Windows\system32\WS2_32.dll
0x757c0000 - 0x757c6000 	C:\Windows\system32\NSI.dll
0x74e30000 - 0x74e6c000 	C:\Windows\system32\mswsock.dll
0x74e20000 - 0x74e26000 	C:\Windows\System32\wship6.dll
0x6d590000 - 0x6d599000 	C:\Program Files\Java\jdk1.6.0\jre\bin\nio.dll
0x048a0000 - 0x048a8000 	C:\Program Files\Internet Download Manager\idmmkb.dll
0x758d0000 - 0x75953000 	C:\Windows\system32\CLBCatQ.DLL
0x03fd0000 - 0x03ff1000 	C:\Program Files\WIDCOMM\Bluetooth Software\btkeyind.dll
0x74e70000 - 0x74e86000 	C:\Windows\system32\CRYPTSP.dll
0x74c10000 - 0x74c4b000 	C:\Windows\system32\rsaenh.dll
0x74a20000 - 0x74a37000 	C:\Windows\system32\USERENV.dll
0x753c0000 - 0x753cb000 	C:\Windows\system32\profapi.dll
0x730a0000 - 0x730b0000 	C:\Windows\system32\NLAapi.dll
0x74cf0000 - 0x74d34000 	C:\Windows\system32\DNSAPI.dll
0x6e190000 - 0x6e198000 	C:\Windows\System32\winrnr.dll
0x6c350000 - 0x6c360000 	C:\Windows\system32\napinsp.dll
0x6bcc0000 - 0x6bcd2000 	C:\Windows\system32\pnrpnsp.dll
0x70330000 - 0x7033d000 	C:\Windows\system32\wshbth.dll
0x74950000 - 0x74955000 	C:\Windows\System32\wshtcpip.dll
0x73530000 - 0x7354c000 	C:\Windows\system32\IPHLPAPI.DLL
0x73520000 - 0x73527000 	C:\Windows\system32\WINNSI.DLL
0x6eda0000 - 0x6eda6000 	C:\Windows\system32\rasadhlp.dll
0x72c80000 - 0x72cb8000 	C:\Windows\System32\fwpuclnt.dll
0x6d710000 - 0x6d716000 	C:\Program Files\Java\jdk1.6.0\jre\bin\rmi.dll
0x6d1f0000 - 0x6d21f000 	C:\Program Files\Java\jdk1.6.0\jre\bin\cmm.dll
0x6d450000 - 0x6d474000 	C:\Program Files\Java\jdk1.6.0\jre\bin\jpeg.dll
0x75470000 - 0x754f4000 	C:\Windows\WinSxS\x86_microsoft.windows.common-controls_6595b64144ccf1df_5.82.7600.16385_none_ebf82fc36c758ad5\comctl32.dll
0x741f0000 - 0x7438e000 	C:\Windows\WinSxS\x86_microsoft.windows.common-controls_6595b64144ccf1df_6.0.7600.16385_none_421189da2b7fabfc\comctl32.dll
0x74020000 - 0x74115000 	C:\Windows\system32\propsys.dll
0x73950000 - 0x73971000 	C:\Windows\system32\ntmarta.dll
0x76d90000 - 0x76dd5000 	C:\Windows\system32\WLDAP32.dll
0x75c70000 - 0x75e0d000 	C:\Windows\system32\SETUPAPI.dll
0x75440000 - 0x75467000 	C:\Windows\system32\CFGMGR32.dll
0x75550000 - 0x75562000 	C:\Windows\system32\DEVOBJ.dll
0x6afd0000 - 0x6b168000 	C:\Windows\system32\NetworkExplorer.dll
0x72f10000 - 0x72f1a000 	C:\Windows\system32\slc.dll

VM Arguments:
jvm_args: -Dfile.encoding=UTF-8
java_command: com.edw.main.Main
Launcher Type: SUN_STANDARD

Environment Variables:
PATH=C:\Program Files\android\adt-bundle-windows-x86-20130729\sdk\tools\lib;;C:\Windows\system32;C:\Windows;C:\Windows\System32\Wbem;C:\Windows\System32\WindowsPowerShell\v1.0\;C:\Program Files\WIDCOMM\Bluetooth Software\;C:\Program Files\Java\jdk1.7.0_51\bin
USERNAME=Maju
OS=Windows_NT
PROCESSOR_IDENTIFIER=x86 Family 6 Model 37 Stepping 5, GenuineIntel



---------------  S Y S T E M  ---------------

OS: Windows NT 6.1 Build 7600 

CPU:total 4 family 6, cmov, cx8, fxsr, mmx, sse, sse2

Memory: 4k page, physical 2097151k(832968k free), swap 4194303k(3283688k free)

vm_info: Java HotSpot(TM) Client VM (1.6.0-b105) for windows-x86, built on Nov 29 2006 00:48:48 by "java_re" with unknown MS VC++:1310

