#
# An unexpected error has been detected by Java Runtime Environment:
#
#  EXCEPTION_ACCESS_VIOLATION (0xc0000005) at pc=0x7c350440, pid=6860, tid=5768
#
# Java VM: Java HotSpot(TM) Client VM (1.6.0-b105 mixed mode, sharing)
# Problematic frame:
# C  [msvcr71.dll+0x10440]
#
# If you would like to submit a bug report, please visit:
#   http://java.sun.com/webapps/bugreport/crash.jsp
#

---------------  T H R E A D  ---------------

Current thread (0x019bbc00):  JavaThread "AWT-Windows" daemon [_thread_in_native, id=5768]

siginfo: ExceptionCode=0xc0000005, reading address 0x00000000

Registers:
EAX=0x00000000, EBX=0x0197c250, ECX=0x7ffaf000, EDX=0x00000000
ESP=0x03fcf618, EBP=0x00000000, ESI=0x019bbce8, EDI=0x04921dd0
EIP=0x7c350440, EFLAGS=0x00010246

Top of Stack: (sp=0x03fcf618)
0x03fcf618:   6d103540 00000000 03fcf6c4 02cf0000
0x03fcf628:   04921dd0 019bbce8 6d10ecd0 0197bb04
0x03fcf638:   6d152bbc 00000000 00000100 00000000
0x03fcf648:   00000000 00000000 00000000 00000000
0x03fcf658:   00000000 00000000 00646464 0197c250
0x03fcf668:   00009800 019bbce8 00000001 019bbce8
0x03fcf678:   03fcf66c 04921dd0 6d983bba 6d9883c0
0x03fcf688:   ffffffff 00000000 00000000 00000000 

Instructions: (pc=0x7c350440)
0x7c350430:   42 42 66 85 c0 75 f1 8b 44 24 04 c3 8b 44 24 04
0x7c350440:   66 8b 08 40 40 66 85 c9 75 f6 2b 44 24 04 d1 f8 


Stack: [0x03f80000,0x03fd0000),  sp=0x03fcf618,  free space=317k
Native frames: (J=compiled Java code, j=interpreted, Vv=VM code, C=native code)
C  [msvcr71.dll+0x10440]

[error occurred during error reporting, step 120, id 0xc0000005]

Java frames: (J=compiled Java code, j=interpreted, Vv=VM code)
j  sun.awt.windows.WToolkit.eventLoop()V+0
j  sun.awt.windows.WToolkit.run()V+69
j  java.lang.Thread.run()V+11
v  ~StubRoutines::call_stub

---------------  P R O C E S S  ---------------

Java Threads: ( => current thread )
  0x04574000 JavaThread "Image Fetcher 1" daemon [_thread_blocked, id=8048]
  0x04573c00 JavaThread "Image Fetcher 0" daemon [_thread_blocked, id=6676]
  0x04573400 JavaThread "Thread-3" [_thread_blocked, id=4440]
  0x04573000 JavaThread "Thread-2" [_thread_in_native, id=6984]
  0x04572800 JavaThread "RMI RenewClean-[192.168.1.55:50397]" daemon [_thread_blocked, id=8120]
  0x04571800 JavaThread "RMI Scheduler(0)" daemon [_thread_blocked, id=7108]
  0x04910000 JavaThread "GC Daemon" daemon [_thread_blocked, id=4916]
  0x0490fc00 JavaThread "RMI Reaper" [_thread_blocked, id=6680]
  0x04913800 JavaThread "RMI TCP Accept-0" daemon [_thread_in_native, id=6992]
  0x0490ac00 JavaThread "RMI TCP Accept-9001" daemon [_thread_in_native, id=7676]
  0x04902000 JavaThread "TimerQueue" daemon [_thread_blocked, id=6848]
  0x00347000 JavaThread "DestroyJavaVM" [_thread_blocked, id=3820]
  0x0456ec00 JavaThread "AWT-EventQueue-0" [_thread_in_native, id=184]
=>0x019bbc00 JavaThread "AWT-Windows" daemon [_thread_in_native, id=5768]
  0x019bb800 JavaThread "AWT-Shutdown" [_thread_blocked, id=5888]
  0x019b8c00 JavaThread "Java2D Disposer" daemon [_thread_blocked, id=372]
  0x01978000 JavaThread "Low Memory Detector" daemon [_thread_blocked, id=7248]
  0x01976000 JavaThread "CompilerThread0" daemon [_thread_blocked, id=7336]
  0x01975800 JavaThread "Attach Listener" daemon [_thread_blocked, id=5184]
  0x01975000 JavaThread "Signal Dispatcher" daemon [_thread_blocked, id=2816]
  0x0193b400 JavaThread "Finalizer" daemon [_thread_blocked, id=376]
  0x0192f400 JavaThread "Reference Handler" daemon [_thread_blocked, id=6920]

Other Threads:
  0x01926000 VMThread [id=5900]
  0x01979c00 WatcherThread [id=4380]

VM state:not at safepoint (normal execution)

VM Mutex/Monitor currently owned by a thread: None

Heap
 def new generation   total 960K, used 444K [0x23a20000, 0x23b20000, 0x23f00000)
  eden space 896K,  42% used [0x23a20000, 0x23a7f080, 0x23b00000)
  from space 64K, 100% used [0x23b10000, 0x23b20000, 0x23b20000)
  to   space 64K,   0% used [0x23b00000, 0x23b00000, 0x23b10000)
 tenured generation   total 4096K, used 1617K [0x23f00000, 0x24300000, 0x27a20000)
   the space 4096K,  39% used [0x23f00000, 0x24094500, 0x24094600, 0x24300000)
 compacting perm gen  total 12288K, used 1337K [0x27a20000, 0x28620000, 0x2ba20000)
   the space 12288K,  10% used [0x27a20000, 0x27b6e738, 0x27b6e800, 0x28620000)
    ro space 8192K,  66% used [0x2ba20000, 0x2bf69920, 0x2bf69a00, 0x2c220000)
    rw space 12288K,  52% used [0x2c220000, 0x2c866130, 0x2c866200, 0x2ce20000)

Dynamic libraries:
0x00400000 - 0x00423000 	C:\Program Files\Java\jdk1.6.0\bin\java.exe
0x76f50000 - 0x7708c000 	C:\Windows\SYSTEM32\ntdll.dll
0x75ab0000 - 0x75b84000 	C:\Windows\system32\kernel32.dll
0x75150000 - 0x7519a000 	C:\Windows\system32\KERNELBASE.dll
0x76ca0000 - 0x76d40000 	C:\Windows\system32\ADVAPI32.dll
0x75400000 - 0x754ac000 	C:\Windows\system32\msvcrt.dll
0x76bc0000 - 0x76bd9000 	C:\Windows\SYSTEM32\sechost.dll
0x770d0000 - 0x77171000 	C:\Windows\system32\RPCRT4.dll
0x7c340000 - 0x7c396000 	C:\Program Files\Java\jdk1.6.0\jre\bin\msvcr71.dll
0x6d7c0000 - 0x6da07000 	C:\Program Files\Java\jdk1.6.0\jre\bin\client\jvm.dll
0x76e80000 - 0x76f49000 	C:\Windows\system32\USER32.dll
0x757b0000 - 0x757fe000 	C:\Windows\system32\GDI32.dll
0x76bb0000 - 0x76bba000 	C:\Windows\system32\LPK.dll
0x75810000 - 0x758ad000 	C:\Windows\system32\USP10.dll
0x73d10000 - 0x73d42000 	C:\Windows\system32\WINMM.dll
0x75790000 - 0x757af000 	C:\Windows\system32\IMM32.DLL
0x75b90000 - 0x75c5c000 	C:\Windows\system32\MSCTF.dll
0x74fd0000 - 0x7501b000 	C:\Windows\system32\apphelp.dll
0x6d310000 - 0x6d318000 	C:\Program Files\Java\jdk1.6.0\jre\bin\hpi.dll
0x75800000 - 0x75805000 	C:\Windows\system32\PSAPI.DLL
0x6d770000 - 0x6d77c000 	C:\Program Files\Java\jdk1.6.0\jre\bin\verify.dll
0x6d3b0000 - 0x6d3cf000 	C:\Program Files\Java\jdk1.6.0\jre\bin\java.dll
0x6d7b0000 - 0x6d7bf000 	C:\Program Files\Java\jdk1.6.0\jre\bin\zip.dll
0x6d000000 - 0x6d1c3000 	C:\Program Files\Java\jdk1.6.0\jre\bin\awt.dll
0x73710000 - 0x73761000 	C:\Windows\system32\WINSPOOL.DRV
0x75d70000 - 0x75ecc000 	C:\Windows\system32\ole32.dll
0x73c40000 - 0x73c80000 	C:\Windows\system32\uxtheme.dll
0x6d2b0000 - 0x6d303000 	C:\Program Files\Java\jdk1.6.0\jre\bin\fontmanager.dll
0x73950000 - 0x73963000 	C:\Windows\system32\dwmapi.dll
0x75020000 - 0x7502c000 	C:\Windows\system32\CRYPTBASE.dll
0x75ed0000 - 0x76b19000 	C:\Windows\system32\shell32.dll
0x754b0000 - 0x75507000 	C:\Windows\system32\SHLWAPI.dll
0x10000000 - 0x10038000 	C:\Program Files\WIDCOMM\Bluetooth Software\btmmhook.dll
0x76b20000 - 0x76baf000 	C:\Windows\system32\OLEAUT32.dll
0x6d570000 - 0x6d583000 	C:\Program Files\Java\jdk1.6.0\jre\bin\net.dll
0x76c60000 - 0x76c95000 	C:\Windows\system32\WS2_32.dll
0x75c60000 - 0x75c66000 	C:\Windows\system32\NSI.dll
0x74b10000 - 0x74b4c000 	C:\Windows\system32\mswsock.dll
0x74b00000 - 0x74b06000 	C:\Windows\System32\wship6.dll
0x6d590000 - 0x6d599000 	C:\Program Files\Java\jdk1.6.0\jre\bin\nio.dll
0x04ce0000 - 0x04ce8000 	C:\Program Files\Internet Download Manager\idmmkb.dll
0x75700000 - 0x75783000 	C:\Windows\system32\CLBCatQ.DLL
0x72d90000 - 0x72da0000 	C:\Windows\system32\NLAapi.dll
0x749d0000 - 0x74a14000 	C:\Windows\system32\DNSAPI.dll
0x6e130000 - 0x6e138000 	C:\Windows\System32\winrnr.dll
0x6b990000 - 0x6b9a0000 	C:\Windows\system32\napinsp.dll
0x6b970000 - 0x6b982000 	C:\Windows\system32\pnrpnsp.dll
0x6b960000 - 0x6b96d000 	C:\Windows\system32\wshbth.dll
0x74630000 - 0x74635000 	C:\Windows\System32\wshtcpip.dll
0x73360000 - 0x7337c000 	C:\Windows\system32\IPHLPAPI.DLL
0x73280000 - 0x73287000 	C:\Windows\system32\WINNSI.DLL
0x6e1e0000 - 0x6e1e6000 	C:\Windows\system32\rasadhlp.dll
0x729c0000 - 0x729f8000 	C:\Windows\System32\fwpuclnt.dll
0x74b50000 - 0x74b66000 	C:\Windows\system32\CRYPTSP.dll
0x748f0000 - 0x7492b000 	C:\Windows\system32\rsaenh.dll
0x74700000 - 0x74717000 	C:\Windows\system32\USERENV.dll
0x750a0000 - 0x750ab000 	C:\Windows\system32\profapi.dll
0x6d710000 - 0x6d716000 	C:\Program Files\Java\jdk1.6.0\jre\bin\rmi.dll
0x751a0000 - 0x75224000 	C:\Windows\WinSxS\x86_microsoft.windows.common-controls_6595b64144ccf1df_5.82.7600.16385_none_ebf82fc36c758ad5\comctl32.dll
0x73e30000 - 0x73fce000 	C:\Windows\WinSxS\x86_microsoft.windows.common-controls_6595b64144ccf1df_6.0.7600.16385_none_421189da2b7fabfc\comctl32.dll
0x75560000 - 0x756fd000 	C:\Windows\system32\SETUPAPI.dll
0x75230000 - 0x75257000 	C:\Windows\system32\CFGMGR32.dll
0x75380000 - 0x75392000 	C:\Windows\system32\DEVOBJ.dll
0x73fe0000 - 0x740d5000 	C:\Windows\system32\propsys.dll
0x73790000 - 0x737b1000 	C:\Windows\system32\ntmarta.dll
0x75510000 - 0x75555000 	C:\Windows\system32\WLDAP32.dll

VM Arguments:
jvm_args: -Dfile.encoding=UTF-8
java_command: com.edw.main.Main
Launcher Type: SUN_STANDARD

Environment Variables:
PATH=C:\Program Files\android\adt-bundle-windows-x86-20130729\sdk\tools\lib;;C:\Windows\system32;C:\Windows;C:\Windows\System32\Wbem;C:\Windows\System32\WindowsPowerShell\v1.0\;C:\Program Files\WIDCOMM\Bluetooth Software\;C:\Program Files\Java\jdk1.7.0_51\bin
USERNAME=Maju
OS=Windows_NT
PROCESSOR_IDENTIFIER=x86 Family 6 Model 37 Stepping 5, GenuineIntel



---------------  S Y S T E M  ---------------

OS: Windows NT 6.1 Build 7600 

CPU:total 4 family 6, cmov, cx8, fxsr, mmx, sse, sse2

Memory: 4k page, physical 2097151k(958360k free), swap 4194303k(3553088k free)

vm_info: Java HotSpot(TM) Client VM (1.6.0-b105) for windows-x86, built on Nov 29 2006 00:48:48 by "java_re" with unknown MS VC++:1310

