#
# An unexpected error has been detected by Java Runtime Environment:
#
#  EXCEPTION_ACCESS_VIOLATION (0xc0000005) at pc=0x76e49f98, pid=6028, tid=4332
#
# Java VM: Java HotSpot(TM) Client VM (1.6.0-b105 mixed mode, sharing)
# Problematic frame:
# C  [SHLWAPI.dll+0x19f98]
#
# If you would like to submit a bug report, please visit:
#   http://java.sun.com/webapps/bugreport/crash.jsp
#

---------------  T H R E A D  ---------------

Current thread (0x04549c00):  JavaThread "Thread-3" [_thread_in_native, id=4332]

siginfo: ExceptionCode=0xc0000005, reading address 0x0000000b

Registers:
EAX=0x0000000b, EBX=0x00000000, ECX=0x00237e08, EDX=0x00000000
ESP=0x03fef4dc, EBP=0x03fef4e8, ESI=0x80004005, EDI=0x00000000
EIP=0x76e49f98, EFLAGS=0x00010202

Top of Stack: (sp=0x03fef4dc)
0x03fef4dc:   0025a7c0 00237e08 0526b995 03fef4f8
0x03fef4ec:   75d49ebb 0000000b 0024cc80 03fef514
0x03fef4fc:   75d44bc6 0025a7b0 00000000 0024cc8c
0x03fef50c:   0024cb28 00000000 03fef958 75d33453
0x03fef51c:   00000000 00267dc8 00267da0 00000000
0x03fef52c:   0024cc80 0000091c 7752d74d 002b0f19
0x03fef53c:   fffffffe 7756349f 00650044 006b0073
0x03fef54c:   006f0074 005c0070 0061004e 0065006d 

Instructions: (pc=0x76e49f98)
0x76e49f88:   89 45 fc 8b 45 08 56 be 05 40 00 80 85 c0 74 28
0x76e49f98:   8b 08 8d 55 f8 52 68 d4 9f e4 76 50 ff 11 8b f0 


Stack: [0x03fa0000,0x03ff0000),  sp=0x03fef4dc,  free space=317k
Native frames: (J=compiled Java code, j=interpreted, Vv=VM code, C=native code)
C  [SHLWAPI.dll+0x19f98]
C  [shell32.dll+0x99ebb]
C  [shell32.dll+0x94bc6]
C  [shell32.dll+0x83453]
C  [shell32.dll+0x3864e]
C  [shell32.dll+0x6c83e]
C  [awt.dll+0x137669]
j  sun.awt.shell.Win32ShellFolder2.getEnumObjects(JZ)J+33
j  sun.awt.shell.Win32ShellFolder2.getChildByPath(Ljava/lang/String;)Lsun/awt/shell/Win32ShellFolder2;+8
j  sun.awt.shell.Win32ShellFolderManager2.getPersonal()Lsun/awt/shell/Win32ShellFolder2;+21
j  sun.awt.shell.Win32ShellFolder2.listFiles(Z)[Ljava/io/File;+34
j  sun.awt.shell.ShellFolder.listFiles()[Ljava/io/File;+2
j  sun.awt.shell.Win32ShellFolderManager2.isFileSystemRoot(Ljava/io/File;)Z+69
j  sun.awt.shell.ShellFolder.isFileSystemRoot(Ljava/io/File;)Z+4
j  javax.swing.filechooser.FileSystemView.isFileSystemRoot(Ljava/io/File;)Z+1
j  javax.swing.filechooser.FileSystemView.getSystemDisplayName(Ljava/io/File;)Ljava/lang/String;+45
j  com.edw.main.Detect_Usb.Get_Usb_list()Ljava/lang/String;+35
j  com.edw.main.Detect_Usb$1.run()V+4
j  java.lang.Thread.run()V+11
v  ~StubRoutines::call_stub

Java frames: (J=compiled Java code, j=interpreted, Vv=VM code)
j  sun.awt.shell.Win32ShellFolder2.getEnumObjects(JZZ)J+0
j  sun.awt.shell.Win32ShellFolder2.getEnumObjects(JZ)J+33
j  sun.awt.shell.Win32ShellFolder2.getChildByPath(Ljava/lang/String;)Lsun/awt/shell/Win32ShellFolder2;+8
j  sun.awt.shell.Win32ShellFolderManager2.getPersonal()Lsun/awt/shell/Win32ShellFolder2;+21
j  sun.awt.shell.Win32ShellFolder2.listFiles(Z)[Ljava/io/File;+34
j  sun.awt.shell.ShellFolder.listFiles()[Ljava/io/File;+2
j  sun.awt.shell.Win32ShellFolderManager2.isFileSystemRoot(Ljava/io/File;)Z+69
j  sun.awt.shell.ShellFolder.isFileSystemRoot(Ljava/io/File;)Z+4
j  javax.swing.filechooser.FileSystemView.isFileSystemRoot(Ljava/io/File;)Z+1
j  javax.swing.filechooser.FileSystemView.getSystemDisplayName(Ljava/io/File;)Ljava/lang/String;+45
j  com.edw.main.Detect_Usb.Get_Usb_list()Ljava/lang/String;+35
j  com.edw.main.Detect_Usb$1.run()V+4
j  java.lang.Thread.run()V+11
v  ~StubRoutines::call_stub

---------------  P R O C E S S  ---------------

Java Threads: ( => current thread )
  0x0454a800 JavaThread "Image Fetcher 0" daemon [_thread_blocked, id=1124]
  0x0454a400 JavaThread "Thread-4" [_thread_blocked, id=1612]
=>0x04549c00 JavaThread "Thread-3" [_thread_in_native, id=4332]
  0x04549800 JavaThread "Thread-2" [_thread_in_native, id=5020]
  0x04549000 JavaThread "RMI RenewClean-[192.168.1.55:49858]" daemon [_thread_blocked, id=416]
  0x0453ec00 JavaThread "RMI Scheduler(0)" daemon [_thread_blocked, id=5640]
  0x04928800 JavaThread "GC Daemon" daemon [_thread_blocked, id=4828]
  0x04928400 JavaThread "RMI Reaper" [_thread_blocked, id=4240]
  0x0491a800 JavaThread "RMI TCP Accept-0" daemon [_thread_in_native, id=3996]
  0x0491a400 JavaThread "RMI TCP Accept-9001" daemon [_thread_in_native, id=5184]
  0x0490f000 JavaThread "TimerQueue" daemon [_thread_blocked, id=5132]
  0x00cf7000 JavaThread "DestroyJavaVM" [_thread_blocked, id=3148]
  0x0453c400 JavaThread "AWT-EventQueue-0" [_thread_in_native, id=5716]
  0x019d9400 JavaThread "AWT-Windows" daemon [_thread_in_native, id=1364]
  0x019d9000 JavaThread "AWT-Shutdown" [_thread_blocked, id=6020]
  0x019d6000 JavaThread "Java2D Disposer" daemon [_thread_blocked, id=3252]
  0x0199bc00 JavaThread "Low Memory Detector" daemon [_thread_blocked, id=3964]
  0x01987000 JavaThread "CompilerThread0" daemon [_thread_blocked, id=3316]
  0x01986800 JavaThread "Attach Listener" daemon [_thread_blocked, id=5444]
  0x01986000 JavaThread "Signal Dispatcher" daemon [_thread_blocked, id=5044]
  0x01948000 JavaThread "Finalizer" daemon [_thread_blocked, id=2324]
  0x0193f400 JavaThread "Reference Handler" daemon [_thread_blocked, id=5588]

Other Threads:
  0x01936000 VMThread [id=1120]
  0x0199cc00 WatcherThread [id=2576]

VM state:not at safepoint (normal execution)

VM Mutex/Monitor currently owned by a thread: None

Heap
 def new generation   total 1792K, used 527K [0x23a20000, 0x23c10000, 0x23f00000)
  eden space 1600K,  32% used [0x23a20000, 0x23aa3cd0, 0x23bb0000)
  from space 192K,   0% used [0x23bb0000, 0x23bb0000, 0x23be0000)
  to   space 192K,   0% used [0x23be0000, 0x23be0000, 0x23c10000)
 tenured generation   total 23272K, used 18059K [0x23f00000, 0x255ba000, 0x27a20000)
   the space 23272K,  77% used [0x23f00000, 0x250a2f40, 0x250a3000, 0x255ba000)
 compacting perm gen  total 12288K, used 1363K [0x27a20000, 0x28620000, 0x2ba20000)
   the space 12288K,  11% used [0x27a20000, 0x27b74e68, 0x27b75000, 0x28620000)
    ro space 8192K,  66% used [0x2ba20000, 0x2bf69920, 0x2bf69a00, 0x2c220000)
    rw space 12288K,  52% used [0x2c220000, 0x2c866130, 0x2c866200, 0x2ce20000)

Dynamic libraries:
0x00400000 - 0x00423000 	C:\Program Files\Java\jdk1.6.0\bin\java.exe
0x77510000 - 0x7764c000 	C:\Windows\SYSTEM32\ntdll.dll
0x76f80000 - 0x77054000 	C:\Windows\system32\kernel32.dll
0x75760000 - 0x757aa000 	C:\Windows\system32\KERNELBASE.dll
0x77470000 - 0x77510000 	C:\Windows\system32\ADVAPI32.dll
0x769d0000 - 0x76a7c000 	C:\Windows\system32\msvcrt.dll
0x76c60000 - 0x76c79000 	C:\Windows\SYSTEM32\sechost.dll
0x75c00000 - 0x75ca1000 	C:\Windows\system32\RPCRT4.dll
0x7c340000 - 0x7c396000 	C:\Program Files\Java\jdk1.6.0\jre\bin\msvcr71.dll
0x6d7c0000 - 0x6da07000 	C:\Program Files\Java\jdk1.6.0\jre\bin\client\jvm.dll
0x76eb0000 - 0x76f79000 	C:\Windows\system32\USER32.dll
0x770a0000 - 0x770ee000 	C:\Windows\system32\GDI32.dll
0x77650000 - 0x7765a000 	C:\Windows\system32\LPK.dll
0x776a0000 - 0x7773d000 	C:\Windows\system32\USP10.dll
0x74620000 - 0x74652000 	C:\Windows\system32\WINMM.dll
0x76e90000 - 0x76eaf000 	C:\Windows\system32\IMM32.DLL
0x76900000 - 0x769cc000 	C:\Windows\system32\MSCTF.dll
0x75590000 - 0x755db000 	C:\Windows\system32\apphelp.dll
0x6d310000 - 0x6d318000 	C:\Program Files\Java\jdk1.6.0\jre\bin\hpi.dll
0x75bf0000 - 0x75bf5000 	C:\Windows\system32\PSAPI.DLL
0x6d770000 - 0x6d77c000 	C:\Program Files\Java\jdk1.6.0\jre\bin\verify.dll
0x6d3b0000 - 0x6d3cf000 	C:\Program Files\Java\jdk1.6.0\jre\bin\java.dll
0x6d7b0000 - 0x6d7bf000 	C:\Program Files\Java\jdk1.6.0\jre\bin\zip.dll
0x6d000000 - 0x6d1c3000 	C:\Program Files\Java\jdk1.6.0\jre\bin\awt.dll
0x73d00000 - 0x73d51000 	C:\Windows\system32\WINSPOOL.DRV
0x77170000 - 0x772cc000 	C:\Windows\system32\ole32.dll
0x741e0000 - 0x74220000 	C:\Windows\system32\uxtheme.dll
0x6d2b0000 - 0x6d303000 	C:\Program Files\Java\jdk1.6.0\jre\bin\fontmanager.dll
0x73f00000 - 0x73f13000 	C:\Windows\system32\dwmapi.dll
0x755e0000 - 0x755ec000 	C:\Windows\system32\CRYPTBASE.dll
0x75cb0000 - 0x768f9000 	C:\Windows\system32\shell32.dll
0x76e30000 - 0x76e87000 	C:\Windows\system32\SHLWAPI.dll
0x10000000 - 0x10038000 	C:\Program Files\WIDCOMM\Bluetooth Software\btmmhook.dll
0x76a80000 - 0x76b0f000 	C:\Windows\system32\OLEAUT32.dll
0x6d570000 - 0x6d583000 	C:\Program Files\Java\jdk1.6.0\jre\bin\net.dll
0x77060000 - 0x77095000 	C:\Windows\system32\WS2_32.dll
0x76e20000 - 0x76e26000 	C:\Windows\system32\NSI.dll
0x750d0000 - 0x7510c000 	C:\Windows\system32\mswsock.dll
0x750c0000 - 0x750c6000 	C:\Windows\System32\wship6.dll
0x6d590000 - 0x6d599000 	C:\Program Files\Java\jdk1.6.0\jre\bin\nio.dll
0x04ce0000 - 0x04ce8000 	C:\Program Files\Internet Download Manager\idmmkb.dll
0x75b60000 - 0x75be3000 	C:\Windows\system32\CLBCatQ.DLL
0x732f0000 - 0x73300000 	C:\Windows\system32\NLAapi.dll
0x74f90000 - 0x74fd4000 	C:\Windows\system32\DNSAPI.dll
0x6c0c0000 - 0x6c0c8000 	C:\Windows\System32\winrnr.dll
0x6c0b0000 - 0x6c0c0000 	C:\Windows\system32\napinsp.dll
0x6c090000 - 0x6c0a2000 	C:\Windows\system32\pnrpnsp.dll
0x6c080000 - 0x6c08d000 	C:\Windows\system32\wshbth.dll
0x74bf0000 - 0x74bf5000 	C:\Windows\System32\wshtcpip.dll
0x73750000 - 0x7376c000 	C:\Windows\system32\IPHLPAPI.DLL
0x73740000 - 0x73747000 	C:\Windows\system32\WINNSI.DLL
0x706f0000 - 0x706f6000 	C:\Windows\system32\rasadhlp.dll
0x72ef0000 - 0x72f28000 	C:\Windows\System32\fwpuclnt.dll
0x75110000 - 0x75126000 	C:\Windows\system32\CRYPTSP.dll
0x74e80000 - 0x74ebb000 	C:\Windows\system32\rsaenh.dll
0x74cc0000 - 0x74cd7000 	C:\Windows\system32\USERENV.dll
0x75660000 - 0x7566b000 	C:\Windows\system32\profapi.dll
0x6d710000 - 0x6d716000 	C:\Program Files\Java\jdk1.6.0\jre\bin\rmi.dll
0x757b0000 - 0x75834000 	C:\Windows\WinSxS\x86_microsoft.windows.common-controls_6595b64144ccf1df_5.82.7600.16385_none_ebf82fc36c758ad5\comctl32.dll
0x74330000 - 0x744ce000 	C:\Windows\WinSxS\x86_microsoft.windows.common-controls_6595b64144ccf1df_6.0.7600.16385_none_421189da2b7fabfc\comctl32.dll
0x76c80000 - 0x76e1d000 	C:\Windows\system32\SETUPAPI.dll
0x75700000 - 0x75727000 	C:\Windows\system32\CFGMGR32.dll
0x756e0000 - 0x756f2000 	C:\Windows\system32\DEVOBJ.dll
0x744d0000 - 0x745c5000 	C:\Windows\system32\propsys.dll
0x73bc0000 - 0x73be1000 	C:\Windows\system32\ntmarta.dll
0x76b10000 - 0x76b55000 	C:\Windows\system32\WLDAP32.dll

VM Arguments:
jvm_args: -Dfile.encoding=UTF-8
java_command: com.edw.main.Main
Launcher Type: SUN_STANDARD

Environment Variables:
