#
# An unexpected error has been detected by Java Runtime Environment:
#
#  EXCEPTION_ACCESS_VIOLATION (0xc0000005) at pc=0x754c9f98, pid=4584, tid=6288
#
# Java VM: Java HotSpot(TM) Client VM (1.6.0-b105 mixed mode, sharing)
# Problematic frame:
# C  [SHLWAPI.dll+0x19f98]
#
# If you would like to submit a bug report, please visit:
#   http://java.sun.com/webapps/bugreport/crash.jsp
#

---------------  T H R E A D  ---------------

Current thread (0x04642400):  JavaThread "Thread-2" [_thread_in_native, id=6288]

siginfo: ExceptionCode=0xc0000005, reading address 0x73007200

Registers:
EAX=0x73007200, EBX=0x00000000, ECX=0x002178d0, EDX=0x00000000
ESP=0x040df35c, EBP=0x040df368, ESI=0x80004005, EDI=0x00000000
EIP=0x754c9f98, EFLAGS=0x00010206

Top of Stack: (sp=0x040df35c)
0x040df35c:   00231180 002178d0 6c3f9ba2 040df378
0x040df36c:   75f69ebb 73007200 0022ddc0 040df394
0x040df37c:   75f64bc6 00231170 00000000 0022ddcc
0x040df38c:   0022dc68 00000000 040df7d8 75f53453
0x040df39c:   00000000 00249370 00249348 00000000
0x040df3ac:   0022ddc0 00000944 76f6d74d 015f711d
0x040df3bc:   fffffffe 76fa349f 00650044 006b0073
0x040df3cc:   006f0074 005c0070 0061004e 0065006d 

Instructions: (pc=0x754c9f98)
0x754c9f88:   89 45 fc 8b 45 08 56 be 05 40 00 80 85 c0 74 28
0x754c9f98:   8b 08 8d 55 f8 52 68 d4 9f 4c 75 50 ff 11 8b f0 


Stack: [0x04090000,0x040e0000),  sp=0x040df35c,  free space=316k
Native frames: (J=compiled Java code, j=interpreted, Vv=VM code, C=native code)
C  [SHLWAPI.dll+0x19f98]
C  [shell32.dll+0x99ebb]
C  [shell32.dll+0x94bc6]
C  [shell32.dll+0x83453]
C  [shell32.dll+0x3864e]
C  [shell32.dll+0x6c83e]
C  [awt.dll+0x137669]
j  sun.awt.shell.Win32ShellFolder2.getEnumObjects(JZ)J+33
j  sun.awt.shell.Win32ShellFolder2.getChildByPath(Ljava/lang/String;)Lsun/awt/shell/Win32ShellFolder2;+8
j  sun.awt.shell.Win32ShellFolderManager2.getPersonal()Lsun/awt/shell/Win32ShellFolder2;+21
j  sun.awt.shell.Win32ShellFolder2.listFiles(Z)[Ljava/io/File;+34
j  sun.awt.shell.ShellFolder.listFiles()[Ljava/io/File;+2
j  sun.awt.shell.Win32ShellFolderManager2.isFileSystemRoot(Ljava/io/File;)Z+69
j  sun.awt.shell.ShellFolder.isFileSystemRoot(Ljava/io/File;)Z+4
j  javax.swing.filechooser.FileSystemView.isFileSystemRoot(Ljava/io/File;)Z+1
j  javax.swing.filechooser.FileSystemView.getSystemDisplayName(Ljava/io/File;)Ljava/lang/String;+45
j  com.edw.main.Detect_Usb.Get_Usb_list()Ljava/lang/String;+35
j  com.edw.main.Detect_Usb$1.run()V+4
j  java.lang.Thread.run()V+11
v  ~StubRoutines::call_stub

Java frames: (J=compiled Java code, j=interpreted, Vv=VM code)
j  sun.awt.shell.Win32ShellFolder2.getEnumObjects(JZZ)J+0
j  sun.awt.shell.Win32ShellFolder2.getEnumObjects(JZ)J+33
j  sun.awt.shell.Win32ShellFolder2.getChildByPath(Ljava/lang/String;)Lsun/awt/shell/Win32ShellFolder2;+8
j  sun.awt.shell.Win32ShellFolderManager2.getPersonal()Lsun/awt/shell/Win32ShellFolder2;+21
j  sun.awt.shell.Win32ShellFolder2.listFiles(Z)[Ljava/io/File;+34
j  sun.awt.shell.ShellFolder.listFiles()[Ljava/io/File;+2
j  sun.awt.shell.Win32ShellFolderManager2.isFileSystemRoot(Ljava/io/File;)Z+69
j  sun.awt.shell.ShellFolder.isFileSystemRoot(Ljava/io/File;)Z+4
j  javax.swing.filechooser.FileSystemView.isFileSystemRoot(Ljava/io/File;)Z+1
j  javax.swing.filechooser.FileSystemView.getSystemDisplayName(Ljava/io/File;)Ljava/lang/String;+45
j  com.edw.main.Detect_Usb.Get_Usb_list()Ljava/lang/String;+35
j  com.edw.main.Detect_Usb$1.run()V+4
j  java.lang.Thread.run()V+11
v  ~StubRoutines::call_stub

---------------  P R O C E S S  ---------------

Java Threads: ( => current thread )
  0x04643000 JavaThread "Image Fetcher 0" daemon [_thread_blocked, id=4656]
  0x04642800 JavaThread "Thread-3" [_thread_blocked, id=7116]
=>0x04642400 JavaThread "Thread-2" [_thread_in_native, id=6288]
  0x04641c00 JavaThread "RMI RenewClean-[192.168.1.55:52476]" daemon [_thread_blocked, id=6160]
  0x04640800 JavaThread "RMI Scheduler(0)" daemon [_thread_blocked, id=8076]
  0x04924800 JavaThread "GC Daemon" daemon [_thread_blocked, id=6168]
  0x04924000 JavaThread "RMI Reaper" [_thread_blocked, id=4104]
  0x0491bc00 JavaThread "RMI TCP Accept-0" daemon [_thread_in_native, id=1156]
  0x04916800 JavaThread "RMI TCP Accept-9001" daemon [_thread_in_native, id=800]
  0x04905000 JavaThread "TimerQueue" daemon [_thread_blocked, id=1636]
  0x003a7000 JavaThread "DestroyJavaVM" [_thread_blocked, id=4536]
  0x0463dc00 JavaThread "AWT-EventQueue-0" [_thread_in_native, id=1652]
  0x0191b400 JavaThread "AWT-Windows" daemon [_thread_in_native, id=4192]
  0x0191a800 JavaThread "AWT-Shutdown" [_thread_blocked, id=736]
  0x01919c00 JavaThread "Java2D Disposer" daemon [_thread_blocked, id=1248]
  0x018db800 JavaThread "Low Memory Detector" daemon [_thread_blocked, id=7212]
  0x018c6000 JavaThread "CompilerThread0" daemon [_thread_blocked, id=4932]
  0x018c5800 JavaThread "Attach Listener" daemon [_thread_blocked, id=7756]
  0x018c5000 JavaThread "Signal Dispatcher" daemon [_thread_blocked, id=6200]
  0x01888000 JavaThread "Finalizer" daemon [_thread_blocked, id=6192]
  0x0187f400 JavaThread "Reference Handler" daemon [_thread_blocked, id=7144]

Other Threads:
  0x01876000 VMThread [id=5808]
  0x018df800 WatcherThread [id=7040]

VM state:not at safepoint (normal execution)

VM Mutex/Monitor currently owned by a thread: None

Heap
 def new generation   total 960K, used 402K [0x23a20000, 0x23b20000, 0x23f00000)
  eden space 896K,  37% used [0x23a20000, 0x23a74af8, 0x23b00000)
  from space 64K, 100% used [0x23b10000, 0x23b20000, 0x23b20000)
  to   space 64K,   0% used [0x23b00000, 0x23b00000, 0x23b10000)
 tenured generation   total 4096K, used 1644K [0x23f00000, 0x24300000, 0x27a20000)
   the space 4096K,  40% used [0x23f00000, 0x2409b368, 0x2409b400, 0x24300000)
 compacting perm gen  total 12288K, used 1337K [0x27a20000, 0x28620000, 0x2ba20000)
   the space 12288K,  10% used [0x27a20000, 0x27b6e6e8, 0x27b6e800, 0x28620000)
    ro space 8192K,  66% used [0x2ba20000, 0x2bf69920, 0x2bf69a00, 0x2c220000)
    rw space 12288K,  52% used [0x2c220000, 0x2c866130, 0x2c866200, 0x2ce20000)

Dynamic libraries:
0x00400000 - 0x00423000 	C:\Program Files\Java\jdk1.6.0\bin\java.exe
0x76f50000 - 0x7708c000 	C:\Windows\SYSTEM32\ntdll.dll
0x75ab0000 - 0x75b84000 	C:\Windows\system32\kernel32.dll
0x75150000 - 0x7519a000 	C:\Windows\system32\KERNELBASE.dll
0x76ca0000 - 0x76d40000 	C:\Windows\system32\ADVAPI32.dll
0x75400000 - 0x754ac000 	C:\Windows\system32\msvcrt.dll
0x76bc0000 - 0x76bd9000 	C:\Windows\SYSTEM32\sechost.dll
0x770d0000 - 0x77171000 	C:\Windows\system32\RPCRT4.dll
0x7c340000 - 0x7c396000 	C:\Program Files\Java\jdk1.6.0\jre\bin\msvcr71.dll
0x6d7c0000 - 0x6da07000 	C:\Program Files\Java\jdk1.6.0\jre\bin\client\jvm.dll
0x76e80000 - 0x76f49000 	C:\Windows\system32\USER32.dll
0x757b0000 - 0x757fe000 	C:\Windows\system32\GDI32.dll
0x76bb0000 - 0x76bba000 	C:\Windows\system32\LPK.dll
0x75810000 - 0x758ad000 	C:\Windows\system32\USP10.dll
0x73d10000 - 0x73d42000 	C:\Windows\system32\WINMM.dll
0x75790000 - 0x757af000 	C:\Windows\system32\IMM32.DLL
0x75b90000 - 0x75c5c000 	C:\Windows\system32\MSCTF.dll
0x74fd0000 - 0x7501b000 	C:\Windows\system32\apphelp.dll
0x6d310000 - 0x6d318000 	C:\Program Files\Java\jdk1.6.0\jre\bin\hpi.dll
0x75800000 - 0x75805000 	C:\Windows\system32\PSAPI.DLL
0x6d770000 - 0x6d77c000 	C:\Program Files\Java\jdk1.6.0\jre\bin\verify.dll
0x6d3b0000 - 0x6d3cf000 	C:\Program Files\Java\jdk1.6.0\jre\bin\java.dll
0x6d7b0000 - 0x6d7bf000 	C:\Program Files\Java\jdk1.6.0\jre\bin\zip.dll
0x6d000000 - 0x6d1c3000 	C:\Program Files\Java\jdk1.6.0\jre\bin\awt.dll
0x73710000 - 0x73761000 	C:\Windows\system32\WINSPOOL.DRV
0x75d70000 - 0x75ecc000 	C:\Windows\system32\ole32.dll
0x73c40000 - 0x73c80000 	C:\Windows\system32\uxtheme.dll
0x6d2b0000 - 0x6d303000 	C:\Program Files\Java\jdk1.6.0\jre\bin\fontmanager.dll
0x73950000 - 0x73963000 	C:\Windows\system32\dwmapi.dll
0x75020000 - 0x7502c000 	C:\Windows\system32\CRYPTBASE.dll
0x75ed0000 - 0x76b19000 	C:\Windows\system32\shell32.dll
0x754b0000 - 0x75507000 	C:\Windows\system32\SHLWAPI.dll
0x10000000 - 0x10038000 	C:\Program Files\WIDCOMM\Bluetooth Software\btmmhook.dll
0x76b20000 - 0x76baf000 	C:\Windows\system32\OLEAUT32.dll
0x6d570000 - 0x6d583000 	C:\Program Files\Java\jdk1.6.0\jre\bin\net.dll
0x76c60000 - 0x76c95000 	C:\Windows\system32\WS2_32.dll
0x75c60000 - 0x75c66000 	C:\Windows\system32\NSI.dll
0x74b10000 - 0x74b4c000 	C:\Windows\system32\mswsock.dll
0x74b00000 - 0x74b06000 	C:\Windows\System32\wship6.dll
0x6d590000 - 0x6d599000 	C:\Program Files\Java\jdk1.6.0\jre\bin\nio.dll
0x04ce0000 - 0x04ce8000 	C:\Program Files\Internet Download Manager\idmmkb.dll
0x75700000 - 0x75783000 	C:\Windows\system32\CLBCatQ.DLL
0x72d90000 - 0x72da0000 	C:\Windows\system32\NLAapi.dll
0x749d0000 - 0x74a14000 	C:\Windows\system32\DNSAPI.dll
0x6e130000 - 0x6e138000 	C:\Windows\System32\winrnr.dll
0x6b990000 - 0x6b9a0000 	C:\Windows\system32\napinsp.dll
0x6b970000 - 0x6b982000 	C:\Windows\system32\pnrpnsp.dll
0x6b960000 - 0x6b96d000 	C:\Windows\system32\wshbth.dll
0x74630000 - 0x74635000 	C:\Windows\System32\wshtcpip.dll
0x73360000 - 0x7337c000 	C:\Windows\system32\IPHLPAPI.DLL
0x73280000 - 0x73287000 	C:\Windows\system32\WINNSI.DLL
0x6e1e0000 - 0x6e1e6000 	C:\Windows\system32\rasadhlp.dll
0x729c0000 - 0x729f8000 	C:\Windows\System32\fwpuclnt.dll
0x74b50000 - 0x74b66000 	C:\Windows\system32\CRYPTSP.dll
0x748f0000 - 0x7492b000 	C:\Windows\system32\rsaenh.dll
0x74700000 - 0x74717000 	C:\Windows\system32\USERENV.dll
0x750a0000 - 0x750ab000 	C:\Windows\system32\profapi.dll
0x6d710000 - 0x6d716000 	C:\Program Files\Java\jdk1.6.0\jre\bin\rmi.dll
0x751a0000 - 0x75224000 	C:\Windows\WinSxS\x86_microsoft.windows.common-controls_6595b64144ccf1df_5.82.7600.16385_none_ebf82fc36c758ad5\comctl32.dll
0x73e30000 - 0x73fce000 	C:\Windows\WinSxS\x86_microsoft.windows.common-controls_6595b64144ccf1df_6.0.7600.16385_none_421189da2b7fabfc\comctl32.dll
0x75560000 - 0x756fd000 	C:\Windows\system32\SETUPAPI.dll
0x75230000 - 0x75257000 	C:\Windows\system32\CFGMGR32.dll
0x75380000 - 0x75392000 	C:\Windows\system32\DEVOBJ.dll
0x73fe0000 - 0x740d5000 	C:\Windows\system32\propsys.dll
0x73790000 - 0x737b1000 	C:\Windows\system32\ntmarta.dll
0x75510000 - 0x75555000 	C:\Windows\system32\WLDAP32.dll

VM Arguments:
jvm_args: -Dfile.encoding=UTF-8
java_command: com.edw.main.Main
Launcher Type: SUN_STANDARD

Environment Variables:
PATH=C:\Program Files\android\adt-bundle-windows-x86-20130729\sdk\tools\lib;;C:\Windows\system32;C:\Windows;C:\Windows\System32\Wbem;C:\Windows\System32\WindowsPowerShell\v1.0\;C:\Program Files\WIDCOMM\Bluetooth Software\;C:\Program Files\Java\jdk1.7.0_51\bin
USERNAME=Maju
OS=Windows_NT
PROCESSOR_IDENTIFIER=x86 Family 6 Model 37 Stepping 5, GenuineIntel



---------------  S Y S T E M  ---------------

OS: Windows NT 6.1 Build 7600 

CPU:total 4 family 6, cmov, cx8, fxsr, mmx, sse, sse2

Memory: 4k page, physical 2097151k(1028112k free), swap 4194303k(3375276k free)

vm_info: Java HotSpot(TM) Client VM (1.6.0-b105) for windows-x86, built on Nov 29 2006 00:48:48 by "java_re" with unknown MS VC++:1310

