#
# An unexpected error has been detected by Java Runtime Environment:
#
#  EXCEPTION_ACCESS_VIOLATION (0xc0000005) at pc=0x774c5b44, pid=6188, tid=5736
#
# Java VM: Java HotSpot(TM) Client VM (1.6.0-b105 mixed mode, sharing)
# Problematic frame:
# C  [ntdll.dll+0x55b44]
#
# If you would like to submit a bug report, please visit:
#   http://java.sun.com/webapps/bugreport/crash.jsp
#

---------------  T H R E A D  ---------------

Current thread (0x0461a000):  JavaThread "Thread-2" [_thread_in_native, id=5736]

siginfo: ExceptionCode=0xc0000005, reading address 0x41b221cb

Registers:
EAX=0x00200000, EBX=0x00000034, ECX=0x0026d128, EDX=0x41b221cb
ESP=0x040bead0, EBP=0x040beba0, ESI=0x0026d120, EDI=0xbd7a2e7b
EIP=0x774c5b44, EFLAGS=0x00010206

Top of Stack: (sp=0x040bead0)
0x040bead0:   734400e1 7596a1d0 0020030c 00200000
0x040beae0:   00200150 00000007 00000000 000008f4
0x040beaf0:   00000000 00200178 00000000 00000000
0x040beb00:   00000000 00200150 00000034 002c3170
0x040beb10:   040bed1a fffffffe 00000040 00000031
0x040beb20:   00000900 00000900 040beb38 76d205df
0x040beb30:   00000000 02000002 41b221cb 759468de
0x040beb40:   00000900 00000003 00000000 80070001 

Instructions: (pc=0x774c5b44)
0x774c5b34:   02 00 8d 4e 08 8b 39 89 7d b8 8b 56 0c 89 55 98
0x774c5b44:   8b 12 8b 7f 04 3b d7 0f 85 f7 22 02 00 3b d1 0f 


Stack: [0x04070000,0x040c0000),  sp=0x040bead0,  free space=314k
Native frames: (J=compiled Java code, j=interpreted, Vv=VM code, C=native code)
C  [ntdll.dll+0x55b44]
C  [ntdll.dll+0x534ca]
C  [shell32.dll+0xaa7f0]
C  [shell32.dll+0x81659]
C  [shell32.dll+0x81842]
C  [shell32.dll+0x82be6]
C  [shell32.dll+0x82b7e]
C  [shell32.dll+0x9cadb]
C  [shell32.dll+0x81a9f]
C  [shell32.dll+0x87709]
C  [shell32.dll+0x93b26]
C  [shell32.dll+0x8723e]
C  [shell32.dll+0x85df6]
C  [shell32.dll+0x85d46]
C  [shell32.dll+0x8a5a0]
C  [shell32.dll+0x8a600]
C  [awt.dll+0x1375d7]
j  sun.awt.shell.Win32ShellFolder2.<init>(I)V+3
j  sun.awt.shell.Win32ShellFolderManager2.getNetwork()Lsun/awt/shell/Win32ShellFolder2;+12
j  sun.awt.shell.Win32ShellFolder2.getFileSystemPath(JJ)Ljava/lang/String;+5
j  sun.awt.shell.Win32ShellFolder2.getChildByPath(Ljava/lang/String;)Lsun/awt/shell/Win32ShellFolder2;+47
j  sun.awt.shell.Win32ShellFolderManager2.getPersonal()Lsun/awt/shell/Win32ShellFolder2;+21
j  sun.awt.shell.Win32ShellFolder2.listFiles(Z)[Ljava/io/File;+34
j  sun.awt.shell.ShellFolder.listFiles()[Ljava/io/File;+2
j  sun.awt.shell.Win32ShellFolderManager2.isFileSystemRoot(Ljava/io/File;)Z+69
j  sun.awt.shell.ShellFolder.isFileSystemRoot(Ljava/io/File;)Z+4
j  javax.swing.filechooser.FileSystemView.isFileSystemRoot(Ljava/io/File;)Z+1
j  javax.swing.filechooser.FileSystemView.getSystemDisplayName(Ljava/io/File;)Ljava/lang/String;+45
j  com.edw.main.Detect_Usb.Get_Usb_list()Ljava/util/ArrayList;+47
j  com.edw.main.Detect_Usb$1.run()V+4
j  java.lang.Thread.run()V+11
v  ~StubRoutines::call_stub

Java frames: (J=compiled Java code, j=interpreted, Vv=VM code)
j  sun.awt.shell.Win32ShellFolder2.getFileSystemPath(I)Ljava/lang/String;+0
j  sun.awt.shell.Win32ShellFolder2.<init>(I)V+3
j  sun.awt.shell.Win32ShellFolderManager2.getNetwork()Lsun/awt/shell/Win32ShellFolder2;+12
j  sun.awt.shell.Win32ShellFolder2.getFileSystemPath(JJ)Ljava/lang/String;+5
j  sun.awt.shell.Win32ShellFolder2.getChildByPath(Ljava/lang/String;)Lsun/awt/shell/Win32ShellFolder2;+47
j  sun.awt.shell.Win32ShellFolderManager2.getPersonal()Lsun/awt/shell/Win32ShellFolder2;+21
j  sun.awt.shell.Win32ShellFolder2.listFiles(Z)[Ljava/io/File;+34
j  sun.awt.shell.ShellFolder.listFiles()[Ljava/io/File;+2
j  sun.awt.shell.Win32ShellFolderManager2.isFileSystemRoot(Ljava/io/File;)Z+69
j  sun.awt.shell.ShellFolder.isFileSystemRoot(Ljava/io/File;)Z+4
j  javax.swing.filechooser.FileSystemView.isFileSystemRoot(Ljava/io/File;)Z+1
j  javax.swing.filechooser.FileSystemView.getSystemDisplayName(Ljava/io/File;)Ljava/lang/String;+45
j  com.edw.main.Detect_Usb.Get_Usb_list()Ljava/util/ArrayList;+47
j  com.edw.main.Detect_Usb$1.run()V+4
j  java.lang.Thread.run()V+11
v  ~StubRoutines::call_stub

---------------  P R O C E S S  ---------------

Java Threads: ( => current thread )
  0x0461ac00 JavaThread "Image Fetcher 0" daemon [_thread_blocked, id=7960]
  0x0461a400 JavaThread "Thread-3" [_thread_blocked, id=7580]
=>0x0461a000 JavaThread "Thread-2" [_thread_in_native, id=5736]
  0x04619800 JavaThread "RMI RenewClean-[127.0.0.1:49282]" daemon [_thread_blocked, id=6864]
  0x0460dc00 JavaThread "RMI Scheduler(0)" daemon [_thread_blocked, id=7360]
  0x049b8c00 JavaThread "GC Daemon" daemon [_thread_blocked, id=3124]
  0x049b8800 JavaThread "RMI Reaper" [_thread_blocked, id=5728]
  0x049b7c00 JavaThread "RMI TCP Accept-0" daemon [_thread_in_native, id=6868]
  0x049af000 JavaThread "RMI TCP Accept-9001" daemon [_thread_in_native, id=2348]
  0x0499e800 JavaThread "TimerQueue" daemon [_thread_blocked, id=7600]
  0x001c7000 JavaThread "DestroyJavaVM" [_thread_blocked, id=5800]
  0x0460ac00 JavaThread "AWT-EventQueue-0" [_thread_in_native, id=3464]
  0x01969c00 JavaThread "AWT-Windows" daemon [_thread_in_native, id=4504]
  0x01969800 JavaThread "AWT-Shutdown" [_thread_blocked, id=7292]
  0x01966c00 JavaThread "Java2D Disposer" daemon [_thread_blocked, id=5028]
  0x0192ac00 JavaThread "Low Memory Detector" daemon [_thread_blocked, id=6628]
  0x01916000 JavaThread "CompilerThread0" daemon [_thread_blocked, id=1080]
  0x01915800 JavaThread "Attach Listener" daemon [_thread_blocked, id=5920]
  0x01915000 JavaThread "Signal Dispatcher" daemon [_thread_blocked, id=2340]
  0x018d8000 JavaThread "Finalizer" daemon [_thread_blocked, id=6860]
  0x018cf400 JavaThread "Reference Handler" daemon [_thread_blocked, id=7752]

Other Threads:
  0x018c6000 VMThread [id=7980]
  0x0192cc00 WatcherThread [id=7404]

VM state:not at safepoint (normal execution)

VM Mutex/Monitor currently owned by a thread: None

Heap
 def new generation   total 960K, used 441K [0x23a20000, 0x23b20000, 0x23f00000)
  eden space 896K,  42% used [0x23a20000, 0x23a7e550, 0x23b00000)
  from space 64K, 100% used [0x23b10000, 0x23b20000, 0x23b20000)
  to   space 64K,   0% used [0x23b00000, 0x23b00000, 0x23b10000)
 tenured generation   total 4096K, used 1641K [0x23f00000, 0x24300000, 0x27a20000)
   the space 4096K,  40% used [0x23f00000, 0x2409a410, 0x2409a600, 0x24300000)
 compacting perm gen  total 12288K, used 1353K [0x27a20000, 0x28620000, 0x2ba20000)
   the space 12288K,  11% used [0x27a20000, 0x27b726d0, 0x27b72800, 0x28620000)
    ro space 8192K,  66% used [0x2ba20000, 0x2bf69920, 0x2bf69a00, 0x2c220000)
    rw space 12288K,  52% used [0x2c220000, 0x2c866130, 0x2c866200, 0x2ce20000)

Dynamic libraries:
0x00400000 - 0x00423000 	C:\Program Files\Java\jdk1.6.0\bin\java.exe
0x77470000 - 0x775ac000 	C:\Windows\SYSTEM32\ntdll.dll
0x76cd0000 - 0x76da4000 	C:\Windows\system32\kernel32.dll
0x75670000 - 0x756ba000 	C:\Windows\system32\KERNELBASE.dll
0x77600000 - 0x776a0000 	C:\Windows\system32\ADVAPI32.dll
0x77020000 - 0x770cc000 	C:\Windows\system32\msvcrt.dll
0x76510000 - 0x76529000 	C:\Windows\SYSTEM32\sechost.dll
0x76950000 - 0x769f1000 	C:\Windows\system32\RPCRT4.dll
0x7c340000 - 0x7c396000 	C:\Program Files\Java\jdk1.6.0\jre\bin\msvcr71.dll
0x6d7c0000 - 0x6da07000 	C:\Program Files\Java\jdk1.6.0\jre\bin\client\jvm.dll
0x76580000 - 0x76649000 	C:\Windows\system32\USER32.dll
0x76a00000 - 0x76a4e000 	C:\Windows\system32\GDI32.dll
0x775d0000 - 0x775da000 	C:\Windows\system32\LPK.dll
0x77210000 - 0x772ad000 	C:\Windows\system32\USP10.dll
0x74230000 - 0x74262000 	C:\Windows\system32\WINMM.dll
0x775b0000 - 0x775cf000 	C:\Windows\system32\IMM32.DLL
0x76db0000 - 0x76e7c000 	C:\Windows\system32\MSCTF.dll
0x754f0000 - 0x7553b000 	C:\Windows\system32\apphelp.dll
0x6d310000 - 0x6d318000 	C:\Program Files\Java\jdk1.6.0\jre\bin\hpi.dll
0x775f0000 - 0x775f5000 	C:\Windows\system32\PSAPI.DLL
0x6d770000 - 0x6d77c000 	C:\Program Files\Java\jdk1.6.0\jre\bin\verify.dll
0x6d3b0000 - 0x6d3cf000 	C:\Program Files\Java\jdk1.6.0\jre\bin\java.dll
0x6d7b0000 - 0x6d7bf000 	C:\Program Files\Java\jdk1.6.0\jre\bin\zip.dll
0x6d000000 - 0x6d1c3000 	C:\Program Files\Java\jdk1.6.0\jre\bin\awt.dll
0x73c30000 - 0x73c81000 	C:\Windows\system32\WINSPOOL.DRV
0x77310000 - 0x7746c000 	C:\Windows\system32\ole32.dll
0x74160000 - 0x741a0000 	C:\Windows\system32\uxtheme.dll
0x6d2b0000 - 0x6d303000 	C:\Program Files\Java\jdk1.6.0\jre\bin\fontmanager.dll
0x73e70000 - 0x73e83000 	C:\Windows\system32\dwmapi.dll
0x75540000 - 0x7554c000 	C:\Windows\system32\CRYPTBASE.dll
0x758c0000 - 0x76509000 	C:\Windows\system32\shell32.dll
0x772b0000 - 0x77307000 	C:\Windows\system32\SHLWAPI.dll
0x10000000 - 0x10038000 	C:\Program Files\WIDCOMM\Bluetooth Software\btmmhook.dll
0x76ab0000 - 0x76b3f000 	C:\Windows\system32\OLEAUT32.dll
0x6d570000 - 0x6d583000 	C:\Program Files\Java\jdk1.6.0\jre\bin\net.dll
0x76910000 - 0x76945000 	C:\Windows\system32\WS2_32.dll
0x768d0000 - 0x768d6000 	C:\Windows\system32\NSI.dll
0x75030000 - 0x7506c000 	C:\Windows\system32\mswsock.dll
0x75020000 - 0x75026000 	C:\Windows\System32\wship6.dll
0x6d590000 - 0x6d599000 	C:\Program Files\Java\jdk1.6.0\jre\bin\nio.dll
0x048a0000 - 0x048a8000 	C:\Program Files\Internet Download Manager\idmmkb.dll
0x76b40000 - 0x76bc3000 	C:\Windows\system32\CLBCatQ.DLL
0x73b70000 - 0x73b80000 	C:\Windows\system32\NLAapi.dll
0x74ef0000 - 0x74f34000 	C:\Windows\system32\DNSAPI.dll
0x6cbb0000 - 0x6cbb8000 	C:\Windows\System32\winrnr.dll
0x6cba0000 - 0x6cbb0000 	C:\Windows\system32\napinsp.dll
0x6cb80000 - 0x6cb92000 	C:\Windows\system32\pnrpnsp.dll
0x6cb70000 - 0x6cb7d000 	C:\Windows\system32\wshbth.dll
0x74b50000 - 0x74b55000 	C:\Windows\System32\wshtcpip.dll
0x736d0000 - 0x736ec000 	C:\Windows\system32\IPHLPAPI.DLL
0x736c0000 - 0x736c7000 	C:\Windows\system32\WINNSI.DLL
0x72b70000 - 0x72b76000 	C:\Windows\system32\rasadhlp.dll
0x73100000 - 0x73138000 	C:\Windows\System32\fwpuclnt.dll
0x75070000 - 0x75086000 	C:\Windows\system32\CRYPTSP.dll
0x74e10000 - 0x74e4b000 	C:\Windows\system32\rsaenh.dll
0x74c20000 - 0x74c37000 	C:\Windows\system32\USERENV.dll
0x755c0000 - 0x755cb000 	C:\Windows\system32\profapi.dll
0x6d710000 - 0x6d716000 	C:\Program Files\Java\jdk1.6.0\jre\bin\rmi.dll
0x756c0000 - 0x75744000 	C:\Windows\WinSxS\x86_microsoft.windows.common-controls_6595b64144ccf1df_5.82.7600.16385_none_ebf82fc36c758ad5\comctl32.dll
0x74350000 - 0x744ee000 	C:\Windows\WinSxS\x86_microsoft.windows.common-controls_6595b64144ccf1df_6.0.7600.16385_none_421189da2b7fabfc\comctl32.dll
0x76e80000 - 0x7701d000 	C:\Windows\system32\SETUPAPI.dll
0x75770000 - 0x75797000 	C:\Windows\system32\CFGMGR32.dll
0x75750000 - 0x75762000 	C:\Windows\system32\DEVOBJ.dll
0x74500000 - 0x745f5000 	C:\Windows\system32\propsys.dll
0x73cd0000 - 0x73cf1000 	C:\Windows\system32\ntmarta.dll
0x76530000 - 0x76575000 	C:\Windows\system32\WLDAP32.dll

VM Arguments:
jvm_args: -Dfile.encoding=UTF-8
java_command: com.edw.main.Main
Launcher Type: SUN_STANDARD

Environment Variables:
PATH=C:\Program Files\android\adt-bundle-windows-x86-20130729\sdk\tools\lib;;C:\Windows\system32;C:\Windows;C:\Windows\System32\Wbem;C:\Windows\System32\WindowsPowerShell\v1.0\;C:\Program Files\WIDCOMM\Bluetooth Software\;C:\Program Files\Java\jdk1.7.0_51\bin
USERNAME=Maju
OS=Windows_NT
PROCESSOR_IDENTIFIER=x86 Family 6 Model 37 Stepping 5, GenuineIntel



---------------  S Y S T E M  ---------------

OS: Windows NT 6.1 Build 7600 

CPU:total 4 family 6, cmov, cx8, fxsr, mmx, sse, sse2

Memory: 4k page, physical 2097151k(1472840k free), swap 4194303k(4042192k free)

vm_info: Java HotSpot(TM) Client VM (1.6.0-b105) for windows-x86, built on Nov 29 2006 00:48:48 by "java_re" with unknown MS VC++:1310

