#
# An unexpected error has been detected by Java Runtime Environment:
#
#  EXCEPTION_ACCESS_VIOLATION (0xc0000005) at pc=0x757e9f98, pid=5168, tid=4176
#
# Java VM: Java HotSpot(TM) Client VM (1.6.0-b105 mixed mode, sharing)
# Problematic frame:
# C  [SHLWAPI.dll+0x19f98]
#
# If you would like to submit a bug report, please visit:
#   http://java.sun.com/webapps/bugreport/crash.jsp
#

---------------  T H R E A D  ---------------

Current thread (0x0455ec00):  JavaThread "AWT-EventQueue-0" [_thread_in_native, id=4176]

siginfo: ExceptionCode=0xc0000005, reading address 0x9d30302b

Registers:
EAX=0x9d30302b, EBX=0x00000000, ECX=0x001c7b20, EDX=0x00000000
ESP=0x0462eb9c, EBP=0x0462eba8, ESI=0x80004005, EDI=0x00000000
EIP=0x757e9f98, EFLAGS=0x00010286

Top of Stack: (sp=0x0462eb9c)
0x0462eb9c:   00249c98 001c7b20 bec55984 0462ebb8
0x0462ebac:   76279ebb 9d30302b 001deeb0 0462ebd4
0x0462ebbc:   76274bc6 00249c88 00000000 001deebc
0x0462ebcc:   001ded58 00000000 0462f018 76263453
0x0462ebdc:   00000000 00204308 002042e0 00000000
0x0462ebec:   001deeb0 00000954 772fd74d 0020033f
0x0462ebfc:   fffffffe 7733349f 00650044 006b0073
0x0462ec0c:   006f0074 005c0070 0061004e 0065006d 

Instructions: (pc=0x757e9f98)
0x757e9f88:   89 45 fc 8b 45 08 56 be 05 40 00 80 85 c0 74 28
0x757e9f98:   8b 08 8d 55 f8 52 68 d4 9f 7e 75 50 ff 11 8b f0 


Stack: [0x045e0000,0x04630000),  sp=0x0462eb9c,  free space=314k
Native frames: (J=compiled Java code, j=interpreted, Vv=VM code, C=native code)
C  [SHLWAPI.dll+0x19f98]
C  [shell32.dll+0x99ebb]
C  [shell32.dll+0x94bc6]
C  [shell32.dll+0x83453]
C  [shell32.dll+0x3864e]
C  [shell32.dll+0x6c83e]
C  [awt.dll+0x137669]
j  sun.awt.shell.Win32ShellFolder2.getEnumObjects(JZ)J+33
j  sun.awt.shell.Win32ShellFolder2.getChildByPath(Ljava/lang/String;)Lsun/awt/shell/Win32ShellFolder2;+8
j  sun.awt.shell.Win32ShellFolderManager2.getPersonal()Lsun/awt/shell/Win32ShellFolder2;+21
j  sun.awt.shell.Win32ShellFolder2.listFiles(Z)[Ljava/io/File;+34
j  sun.awt.shell.ShellFolder.listFiles()[Ljava/io/File;+2
j  sun.awt.shell.Win32ShellFolderManager2.get(Ljava/lang/String;)Ljava/lang/Object;+115
j  sun.awt.shell.ShellFolder.get(Ljava/lang/String;)Ljava/lang/Object;+4
j  javax.swing.plaf.metal.MetalFileChooserUI.updateUseShellFolder()V+55
j  javax.swing.plaf.metal.MetalFileChooserUI.installComponents(Ljavax/swing/JFileChooser;)V+67
j  javax.swing.plaf.basic.BasicFileChooserUI.installUI(Ljavax/swing/JComponent;)V+47
j  javax.swing.plaf.metal.MetalFileChooserUI.installUI(Ljavax/swing/JComponent;)V+2
j  javax.swing.JComponent.setUI(Ljavax/swing/plaf/ComponentUI;)V+135
j  javax.swing.JFileChooser.updateUI()V+40
j  javax.swing.JFileChooser.setup(Ljavax/swing/filechooser/FileSystemView;)V+18
j  javax.swing.JFileChooser.<init>(Ljava/io/File;Ljavax/swing/filechooser/FileSystemView;)V+133
j  javax.swing.JFileChooser.<init>()V+9
j  com.edw.main.FileSHare.initComponents()V+5
j  com.edw.main.FileSHare.<init>()V+5
j  com.edw.main.ClientHome.jButton1ActionPerformed(Ljava/awt/event/ActionEvent;)V+338
j  com.edw.main.ClientHome.access$100(Lcom/edw/main/ClientHome;Ljava/awt/event/ActionEvent;)V+2
j  com.edw.main.ClientHome$2.actionPerformed(Ljava/awt/event/ActionEvent;)V+5
j  javax.swing.AbstractButton.fireActionPerformed(Ljava/awt/event/ActionEvent;)V+84
j  javax.swing.AbstractButton$Handler.actionPerformed(Ljava/awt/event/ActionEvent;)V+5
j  javax.swing.DefaultButtonModel.fireActionPerformed(Ljava/awt/event/ActionEvent;)V+35
j  javax.swing.DefaultButtonModel.setPressed(Z)V+117
j  javax.swing.plaf.basic.BasicButtonListener.mouseReleased(Ljava/awt/event/MouseEvent;)V+35
j  java.awt.Component.processMouseEvent(Ljava/awt/event/MouseEvent;)V+64
j  javax.swing.JComponent.processMouseEvent(Ljava/awt/event/MouseEvent;)V+23
j  java.awt.Component.processEvent(Ljava/awt/AWTEvent;)V+81
j  java.awt.Container.processEvent(Ljava/awt/AWTEvent;)V+18
j  java.awt.Component.dispatchEventImpl(Ljava/awt/AWTEvent;)V+562
j  java.awt.Container.dispatchEventImpl(Ljava/awt/AWTEvent;)V+42
j  java.awt.Component.dispatchEvent(Ljava/awt/AWTEvent;)V+2
j  java.awt.LightweightDispatcher.retargetMouseEvent(Ljava/awt/Component;ILjava/awt/event/MouseEvent;)V+320
j  java.awt.LightweightDispatcher.processMouseEvent(Ljava/awt/event/MouseEvent;)Z+139
j  java.awt.LightweightDispatcher.dispatchEvent(Ljava/awt/AWTEvent;)Z+50
j  java.awt.Container.dispatchEventImpl(Ljava/awt/AWTEvent;)V+12
j  java.awt.Window.dispatchEventImpl(Ljava/awt/AWTEvent;)V+19
j  java.awt.Component.dispatchEvent(Ljava/awt/AWTEvent;)V+2
j  java.awt.EventQueue.dispatchEvent(Ljava/awt/AWTEvent;)V+46
j  java.awt.EventDispatchThread.pumpOneEventForFilters(I)Z+156
j  java.awt.EventDispatchThread.pumpEventsForFilter(ILjava/awt/Conditional;Ljava/awt/EventFilter;)V+30
j  java.awt.EventDispatchThread.pumpEventsForHierarchy(ILjava/awt/Conditional;Ljava/awt/Component;)V+11
j  java.awt.EventDispatchThread.pumpEvents(ILjava/awt/Conditional;)V+4
j  java.awt.EventDispatchThread.pumpEvents(Ljava/awt/Conditional;)V+3
j  java.awt.EventDispatchThread.run()V+9
v  ~StubRoutines::call_stub

Java frames: (J=compiled Java code, j=interpreted, Vv=VM code)
j  sun.awt.shell.Win32ShellFolder2.getEnumObjects(JZZ)J+0
j  sun.awt.shell.Win32ShellFolder2.getEnumObjects(JZ)J+33
j  sun.awt.shell.Win32ShellFolder2.getChildByPath(Ljava/lang/String;)Lsun/awt/shell/Win32ShellFolder2;+8
j  sun.awt.shell.Win32ShellFolderManager2.getPersonal()Lsun/awt/shell/Win32ShellFolder2;+21
j  sun.awt.shell.Win32ShellFolder2.listFiles(Z)[Ljava/io/File;+34
j  sun.awt.shell.ShellFolder.listFiles()[Ljava/io/File;+2
j  sun.awt.shell.Win32ShellFolderManager2.get(Ljava/lang/String;)Ljava/lang/Object;+115
j  sun.awt.shell.ShellFolder.get(Ljava/lang/String;)Ljava/lang/Object;+4
j  javax.swing.plaf.metal.MetalFileChooserUI.updateUseShellFolder()V+55
j  javax.swing.plaf.metal.MetalFileChooserUI.installComponents(Ljavax/swing/JFileChooser;)V+67
j  javax.swing.plaf.basic.BasicFileChooserUI.installUI(Ljavax/swing/JComponent;)V+47
j  javax.swing.plaf.metal.MetalFileChooserUI.installUI(Ljavax/swing/JComponent;)V+2
j  javax.swing.JComponent.setUI(Ljavax/swing/plaf/ComponentUI;)V+135
j  javax.swing.JFileChooser.updateUI()V+40
j  javax.swing.JFileChooser.setup(Ljavax/swing/filechooser/FileSystemView;)V+18
j  javax.swing.JFileChooser.<init>(Ljava/io/File;Ljavax/swing/filechooser/FileSystemView;)V+133
j  javax.swing.JFileChooser.<init>()V+9
j  com.edw.main.FileSHare.initComponents()V+5
j  com.edw.main.FileSHare.<init>()V+5
j  com.edw.main.ClientHome.jButton1ActionPerformed(Ljava/awt/event/ActionEvent;)V+338
j  com.edw.main.ClientHome.access$100(Lcom/edw/main/ClientHome;Ljava/awt/event/ActionEvent;)V+2
j  com.edw.main.ClientHome$2.actionPerformed(Ljava/awt/event/ActionEvent;)V+5
j  javax.swing.AbstractButton.fireActionPerformed(Ljava/awt/event/ActionEvent;)V+84
j  javax.swing.AbstractButton$Handler.actionPerformed(Ljava/awt/event/ActionEvent;)V+5
j  javax.swing.DefaultButtonModel.fireActionPerformed(Ljava/awt/event/ActionEvent;)V+35
j  javax.swing.DefaultButtonModel.setPressed(Z)V+117
j  javax.swing.plaf.basic.BasicButtonListener.mouseReleased(Ljava/awt/event/MouseEvent;)V+35
j  java.awt.Component.processMouseEvent(Ljava/awt/event/MouseEvent;)V+64
j  javax.swing.JComponent.processMouseEvent(Ljava/awt/event/MouseEvent;)V+23
j  java.awt.Component.processEvent(Ljava/awt/AWTEvent;)V+81
j  java.awt.Container.processEvent(Ljava/awt/AWTEvent;)V+18
j  java.awt.Component.dispatchEventImpl(Ljava/awt/AWTEvent;)V+562
j  java.awt.Container.dispatchEventImpl(Ljava/awt/AWTEvent;)V+42
j  java.awt.Component.dispatchEvent(Ljava/awt/AWTEvent;)V+2
j  java.awt.LightweightDispatcher.retargetMouseEvent(Ljava/awt/Component;ILjava/awt/event/MouseEvent;)V+320
j  java.awt.LightweightDispatcher.processMouseEvent(Ljava/awt/event/MouseEvent;)Z+139
j  java.awt.LightweightDispatcher.dispatchEvent(Ljava/awt/AWTEvent;)Z+50
j  java.awt.Container.dispatchEventImpl(Ljava/awt/AWTEvent;)V+12
j  java.awt.Window.dispatchEventImpl(Ljava/awt/AWTEvent;)V+19
j  java.awt.Component.dispatchEvent(Ljava/awt/AWTEvent;)V+2
j  java.awt.EventQueue.dispatchEvent(Ljava/awt/AWTEvent;)V+46
j  java.awt.EventDispatchThread.pumpOneEventForFilters(I)Z+156
j  java.awt.EventDispatchThread.pumpEventsForFilter(ILjava/awt/Conditional;Ljava/awt/EventFilter;)V+30
j  java.awt.EventDispatchThread.pumpEventsForHierarchy(ILjava/awt/Conditional;Ljava/awt/Component;)V+11
j  java.awt.EventDispatchThread.pumpEvents(ILjava/awt/Conditional;)V+4
j  java.awt.EventDispatchThread.pumpEvents(Ljava/awt/Conditional;)V+3
j  java.awt.EventDispatchThread.run()V+9
v  ~StubRoutines::call_stub

---------------  P R O C E S S  ---------------

Java Threads: ( => current thread )
  0x04570800 JavaThread "Image Fetcher 0" daemon [_thread_blocked, id=5816]
  0x04570400 JavaThread "Thread-4" [_thread_blocked, id=736]
  0x0456fc00 JavaThread "Thread-3" [_thread_in_native, id=5144]
  0x0456f800 JavaThread "RMI RenewClean-[100.105.212.202:49419]" daemon [_thread_blocked, id=1512]
  0x0456f000 JavaThread "RMI Scheduler(0)" daemon [_thread_blocked, id=4244]
  0x04970c00 JavaThread "GC Daemon" daemon [_thread_blocked, id=3428]
  0x04970400 JavaThread "RMI Reaper" [_thread_blocked, id=4844]
  0x04970000 JavaThread "RMI TCP Accept-0" daemon [_thread_in_native, id=5808]
  0x0496f400 JavaThread "RMI TCP Accept-9001" daemon [_thread_in_native, id=2768]
  0x04957400 JavaThread "TimerQueue" daemon [_thread_blocked, id=4208]
  0x002b7000 JavaThread "DestroyJavaVM" [_thread_blocked, id=4036]
  0x045b4c00 JavaThread "Thread-2" [_thread_blocked, id=3740]
=>0x0455ec00 JavaThread "AWT-EventQueue-0" [_thread_in_native, id=4176]
  0x019ac400 JavaThread "AWT-Windows" daemon [_thread_in_native, id=3640]
  0x019ac000 JavaThread "AWT-Shutdown" [_thread_blocked, id=2564]
  0x019a9400 JavaThread "Java2D Disposer" daemon [_thread_blocked, id=2892]
  0x0196b400 JavaThread "Low Memory Detector" daemon [_thread_blocked, id=2568]
  0x01966000 JavaThread "CompilerThread0" daemon [_thread_blocked, id=5408]
  0x01965800 JavaThread "Attach Listener" daemon [_thread_blocked, id=2016]
  0x01965000 JavaThread "Signal Dispatcher" daemon [_thread_blocked, id=6140]
  0x01928000 JavaThread "Finalizer" daemon [_thread_blocked, id=3120]
  0x0191f400 JavaThread "Reference Handler" daemon [_thread_blocked, id=120]

Other Threads:
  0x01916000 VMThread [id=3720]
  0x0196f400 WatcherThread [id=5736]

VM state:not at safepoint (normal execution)

VM Mutex/Monitor currently owned by a thread: None

Heap
 def new generation   total 960K, used 443K [0x23a20000, 0x23b20000, 0x23f00000)
  eden space 896K,  42% used [0x23a20000, 0x23a7eec0, 0x23b00000)
  from space 64K, 100% used [0x23b10000, 0x23b20000, 0x23b20000)
  to   space 64K,   0% used [0x23b00000, 0x23b00000, 0x23b10000)
 tenured generation   total 4096K, used 1716K [0x23f00000, 0x24300000, 0x27a20000)
   the space 4096K,  41% used [0x23f00000, 0x240ad3b8, 0x240ad400, 0x24300000)
 compacting perm gen  total 12288K, used 1387K [0x27a20000, 0x28620000, 0x2ba20000)
   the space 12288K,  11% used [0x27a20000, 0x27b7acb8, 0x27b7ae00, 0x28620000)
    ro space 8192K,  66% used [0x2ba20000, 0x2bf69920, 0x2bf69a00, 0x2c220000)
    rw space 12288K,  52% used [0x2c220000, 0x2c866130, 0x2c866200, 0x2ce20000)

Dynamic libraries:
0x00400000 - 0x00423000 	C:\Program Files\Java\jdk1.6.0\bin\java.exe
0x772e0000 - 0x7741c000 	C:\Windows\SYSTEM32\ntdll.dll
0x75950000 - 0x75a24000 	C:\Windows\system32\kernel32.dll
0x756e0000 - 0x7572a000 	C:\Windows\system32\KERNELBASE.dll
0x75730000 - 0x757d0000 	C:\Windows\system32\ADVAPI32.dll
0x76e30000 - 0x76edc000 	C:\Windows\system32\msvcrt.dll
0x75f10000 - 0x75f29000 	C:\Windows\SYSTEM32\sechost.dll
0x75d10000 - 0x75db1000 	C:\Windows\system32\RPCRT4.dll
0x7c340000 - 0x7c396000 	C:\Program Files\Java\jdk1.6.0\jre\bin\msvcr71.dll
0x6d7c0000 - 0x6da07000 	C:\Program Files\Java\jdk1.6.0\jre\bin\client\jvm.dll
0x75880000 - 0x75949000 	C:\Windows\system32\USER32.dll
0x75c60000 - 0x75cae000 	C:\Windows\system32\GDI32.dll
0x77430000 - 0x7743a000 	C:\Windows\system32\LPK.dll
0x76ee0000 - 0x76f7d000 	C:\Windows\system32\USP10.dll
0x740c0000 - 0x740f2000 	C:\Windows\system32\WINMM.dll
0x75860000 - 0x7587f000 	C:\Windows\system32\IMM32.DLL
0x760c0000 - 0x7618c000 	C:\Windows\system32\MSCTF.dll
0x75360000 - 0x753ab000 	C:\Windows\system32\apphelp.dll
0x6d310000 - 0x6d318000 	C:\Program Files\Java\jdk1.6.0\jre\bin\hpi.dll
0x77440000 - 0x77445000 	C:\Windows\system32\PSAPI.DLL
0x6d770000 - 0x6d77c000 	C:\Program Files\Java\jdk1.6.0\jre\bin\verify.dll
0x6d3b0000 - 0x6d3cf000 	C:\Program Files\Java\jdk1.6.0\jre\bin\java.dll
0x6d7b0000 - 0x6d7bf000 	C:\Program Files\Java\jdk1.6.0\jre\bin\zip.dll
0x6d000000 - 0x6d1c3000 	C:\Program Files\Java\jdk1.6.0\jre\bin\awt.dll
0x739c0000 - 0x73a11000 	C:\Windows\system32\WINSPOOL.DRV
0x77180000 - 0x772dc000 	C:\Windows\system32\ole32.dll
0x73fd0000 - 0x74010000 	C:\Windows\system32\uxtheme.dll
0x6d2b0000 - 0x6d303000 	C:\Program Files\Java\jdk1.6.0\jre\bin\fontmanager.dll
0x73ce0000 - 0x73cf3000 	C:\Windows\system32\dwmapi.dll
0x753b0000 - 0x753bc000 	C:\Windows\system32\CRYPTBASE.dll
0x761e0000 - 0x76e29000 	C:\Windows\system32\shell32.dll
0x757d0000 - 0x75827000 	C:\Windows\system32\SHLWAPI.dll
0x10000000 - 0x10038000 	C:\Program Files\WIDCOMM\Bluetooth Software\btmmhook.dll
0x75bd0000 - 0x75c5f000 	C:\Windows\system32\OLEAUT32.dll
0x6d570000 - 0x6d583000 	C:\Program Files\Java\jdk1.6.0\jre\bin\net.dll
0x77450000 - 0x77485000 	C:\Windows\system32\WS2_32.dll
0x77420000 - 0x77426000 	C:\Windows\system32\NSI.dll
0x74ea0000 - 0x74edc000 	C:\Windows\system32\mswsock.dll
0x74e90000 - 0x74e96000 	C:\Windows\System32\wship6.dll
0x6d590000 - 0x6d599000 	C:\Program Files\Java\jdk1.6.0\jre\bin\nio.dll
0x75f30000 - 0x75fb3000 	C:\Windows\system32\CLBCatQ.DLL
0x05230000 - 0x05238000 	C:\Program Files\Internet Download Manager\idmmkb.dll
0x730e0000 - 0x730f0000 	C:\Windows\system32\NLAapi.dll
0x74d60000 - 0x74da4000 	C:\Windows\system32\DNSAPI.dll
0x6e9b0000 - 0x6e9b8000 	C:\Windows\System32\winrnr.dll
0x6e9a0000 - 0x6e9b0000 	C:\Windows\system32\napinsp.dll
0x6e980000 - 0x6e992000 	C:\Windows\system32\pnrpnsp.dll
0x6e180000 - 0x6e18d000 	C:\Windows\system32\wshbth.dll
0x749c0000 - 0x749c5000 	C:\Windows\System32\wshtcpip.dll
0x735f0000 - 0x7360c000 	C:\Windows\system32\IPHLPAPI.DLL
0x735e0000 - 0x735e7000 	C:\Windows\system32\WINNSI.DLL
0x6e170000 - 0x6e176000 	C:\Windows\system32\rasadhlp.dll
0x72d30000 - 0x72d68000 	C:\Windows\System32\fwpuclnt.dll
0x74ee0000 - 0x74ef6000 	C:\Windows\system32\CRYPTSP.dll
0x74c80000 - 0x74cbb000 	C:\Windows\system32\rsaenh.dll
0x74a90000 - 0x74aa7000 	C:\Windows\system32\USERENV.dll
0x75430000 - 0x7543b000 	C:\Windows\system32\profapi.dll
0x6d710000 - 0x6d716000 	C:\Program Files\Java\jdk1.6.0\jre\bin\rmi.dll
0x755f0000 - 0x75674000 	C:\Windows\WinSxS\x86_microsoft.windows.common-controls_6595b64144ccf1df_5.82.7600.16385_none_ebf82fc36c758ad5\comctl32.dll
0x741c0000 - 0x7435e000 	C:\Windows\WinSxS\x86_microsoft.windows.common-controls_6595b64144ccf1df_6.0.7600.16385_none_421189da2b7fabfc\comctl32.dll
0x75a30000 - 0x75bcd000 	C:\Windows\system32\SETUPAPI.dll
0x756b0000 - 0x756d7000 	C:\Windows\system32\CFGMGR32.dll
0x755d0000 - 0x755e2000 	C:\Windows\system32\DEVOBJ.dll
0x74370000 - 0x74465000 	C:\Windows\system32\propsys.dll
0x737d0000 - 0x737f1000 	C:\Windows\system32\ntmarta.dll
0x76190000 - 0x761d5000 	C:\Windows\system32\WLDAP32.dll
0x72f70000 - 0x72f7a000 	C:\Windows\system32\slc.dll
0x72850000 - 0x72862000 	C:\Windows\system32\MPR.dll
0x6ba90000 - 0x6ba98000 	C:\Windows\System32\drprov.dll
0x74b90000 - 0x74bb9000 	C:\Windows\System32\WINSTA.dll
0x6ba70000 - 0x6ba84000 	C:\Windows\System32\ntlanman.dll
0x6ba50000 - 0x6ba66000 	C:\Windows\System32\davclnt.dll
0x6ba40000 - 0x6ba48000 	C:\Windows\System32\DAVHLPR.dll

VM Arguments:
jvm_args: -Dfile.encoding=UTF-8
java_command: com.edw.main.Main
Launcher Type: SUN_STANDARD

Environment Variables:
PATH=C:\Program Files\android\adt-bundle-windows-x86-20130729\sdk\tools\lib;;C:\Windows\system32;C:\Windows;C:\Windows\System32\Wbem;C:\Windows\System32\WindowsPowerShell\v1.0\;C:\Program Files\WIDCOMM\Bluetooth Software\;C:\Program Files\Java\jdk1.7.0_51\bin
USERNAME=Maju
OS=Windows_NT
PROCESSOR_IDENTIFIER=x86 Family 6 Model 37 Stepping 5, GenuineIntel



---------------  S Y S T E M  ---------------

OS: Windows NT 6.1 Build 7600 

CPU:total 4 family 6, cmov, cx8, fxsr, mmx, sse, sse2

Memory: 4k page, physical 2097151k(1161132k free), swap 4194303k(3804684k free)

vm_info: Java HotSpot(TM) Client VM (1.6.0-b105) for windows-x86, built on Nov 29 2006 00:48:48 by "java_re" with unknown MS VC++:1310

