#
# An unexpected error has been detected by Java Runtime Environment:
#
#  EXCEPTION_ACCESS_VIOLATION (0xc0000005) at pc=0x7c350440, pid=5296, tid=5944
#
# Java VM: Java HotSpot(TM) Client VM (1.6.0-b105 mixed mode, sharing)
# Problematic frame:
# C  [msvcr71.dll+0x10440]
#
# If you would like to submit a bug report, please visit:
#   http://java.sun.com/webapps/bugreport/crash.jsp
#

---------------  T H R E A D  ---------------

Current thread (0x019ba400):  JavaThread "AWT-Windows" daemon [_thread_in_native, id=5944]

siginfo: ExceptionCode=0xc0000005, reading address 0x00000000

Registers:
EAX=0x00000000, EBX=0x0197aac4, ECX=0x7ffaf000, EDX=0x00000000
ESP=0x03edf828, EBP=0x00000000, ESI=0x019ba4e8, EDI=0x04930db8
EIP=0x7c350440, EFLAGS=0x00010246

Top of Stack: (sp=0x03edf828)
0x03edf828:   6d103540 00000000 03edf8c4 00000101
0x03edf838:   04930db8 019ba4e8 6d10a0e2 0197a4ec
0x03edf848:   6d152bbc 00000000 00000101 00000000
0x03edf858:   00000000 00000000 00000000 000d00f0
0x03edf868:   00000000 00000000 00f0f0f0 0197aac4
0x03edf878:   00009800 019ba4e8 00000001 019ba4e8
0x03edf888:   ffffffff 00000000 00000000 00000000
0x03edf898:   00000000 0000000f 04930db8 045d46f0 

Instructions: (pc=0x7c350440)
0x7c350430:   42 42 66 85 c0 75 f1 8b 44 24 04 c3 8b 44 24 04
0x7c350440:   66 8b 08 40 40 66 85 c9 75 f6 2b 44 24 04 d1 f8 


Stack: [0x03e90000,0x03ee0000),  sp=0x03edf828,  free space=318k
Native frames: (J=compiled Java code, j=interpreted, Vv=VM code, C=native code)
C  [msvcr71.dll+0x10440]

[error occurred during error reporting, step 120, id 0xc0000005]

Java frames: (J=compiled Java code, j=interpreted, Vv=VM code)
j  sun.awt.windows.WToolkit.eventLoop()V+0
j  sun.awt.windows.WToolkit.run()V+69
j  java.lang.Thread.run()V+11
v  ~StubRoutines::call_stub

---------------  P R O C E S S  ---------------

Java Threads: ( => current thread )
  0x045d7400 JavaThread "Image Fetcher 2" daemon [_thread_blocked, id=5896]
  0x045d7000 JavaThread "Image Fetcher 1" daemon [_thread_blocked, id=3640]
  0x045d6800 JavaThread "Image Fetcher 0" daemon [_thread_blocked, id=3492]
  0x045d6400 JavaThread "Thread-4" [_thread_blocked, id=5724]
  0x045d5c00 JavaThread "Thread-3" [_thread_in_native, id=5604]
  0x045d5800 JavaThread "Thread-2" [_thread_in_native, id=3840]
  0x045d5000 JavaThread "RMI RenewClean-[127.0.0.1:49469]" daemon [_thread_blocked, id=4224]
  0x045d4000 JavaThread "RMI Scheduler(0)" daemon [_thread_blocked, id=5924]
  0x04928400 JavaThread "GC Daemon" daemon [_thread_blocked, id=5508]
  0x04928000 JavaThread "RMI Reaper" [_thread_blocked, id=2564]
  0x0491f400 JavaThread "RMI TCP Accept-0" daemon [_thread_in_native, id=652]
  0x0491a400 JavaThread "RMI TCP Accept-9001" daemon [_thread_in_native, id=5236]
  0x04911000 JavaThread "TimerQueue" daemon [_thread_blocked, id=5964]
  0x00317000 JavaThread "DestroyJavaVM" [_thread_blocked, id=4852]
  0x045cfc00 JavaThread "AWT-EventQueue-0" [_thread_in_native, id=3472]
=>0x019ba400 JavaThread "AWT-Windows" daemon [_thread_in_native, id=5944]
  0x019b9c00 JavaThread "AWT-Shutdown" [_thread_blocked, id=5844]
  0x019b7000 JavaThread "Java2D Disposer" daemon [_thread_blocked, id=1444]
  0x0197b800 JavaThread "Low Memory Detector" daemon [_thread_blocked, id=3812]
  0x01966000 JavaThread "CompilerThread0" daemon [_thread_blocked, id=3748]
  0x01965800 JavaThread "Attach Listener" daemon [_thread_blocked, id=5520]
  0x01965000 JavaThread "Signal Dispatcher" daemon [_thread_blocked, id=4508]
  0x01928000 JavaThread "Finalizer" daemon [_thread_blocked, id=5888]
  0x0191f400 JavaThread "Reference Handler" daemon [_thread_blocked, id=4488]

Other Threads:
  0x01916000 VMThread [id=3972]
  0x0197d800 WatcherThread [id=3836]

VM state:not at safepoint (normal execution)

VM Mutex/Monitor currently owned by a thread: None

Heap
 def new generation   total 1792K, used 531K [0x23a20000, 0x23c10000, 0x23f00000)
  eden space 1600K,  33% used [0x23a20000, 0x23aa4d38, 0x23bb0000)
  from space 192K,   0% used [0x23bb0000, 0x23bb0000, 0x23be0000)
  to   space 192K,   0% used [0x23be0000, 0x23be0000, 0x23c10000)
 tenured generation   total 23272K, used 18060K [0x23f00000, 0x255ba000, 0x27a20000)
   the space 23272K,  77% used [0x23f00000, 0x250a3390, 0x250a3400, 0x255ba000)
 compacting perm gen  total 12288K, used 1360K [0x27a20000, 0x28620000, 0x2ba20000)
   the space 12288K,  11% used [0x27a20000, 0x27b74148, 0x27b74200, 0x28620000)
    ro space 8192K,  66% used [0x2ba20000, 0x2bf69920, 0x2bf69a00, 0x2c220000)
    rw space 12288K,  52% used [0x2c220000, 0x2c866130, 0x2c866200, 0x2ce20000)

Dynamic libraries:
0x00400000 - 0x00423000 	C:\Program Files\Java\jdk1.6.0\bin\java.exe
0x777f0000 - 0x7792c000 	C:\Windows\SYSTEM32\ntdll.dll
0x77940000 - 0x77a14000 	C:\Windows\system32\kernel32.dll
0x75bf0000 - 0x75c3a000 	C:\Windows\system32\KERNELBASE.dll
0x75df0000 - 0x75e90000 	C:\Windows\system32\ADVAPI32.dll
0x77180000 - 0x7722c000 	C:\Windows\system32\msvcrt.dll
0x772e0000 - 0x772f9000 	C:\Windows\SYSTEM32\sechost.dll
0x75d40000 - 0x75de1000 	C:\Windows\system32\RPCRT4.dll
0x7c340000 - 0x7c396000 	C:\Program Files\Java\jdk1.6.0\jre\bin\msvcr71.dll
0x6d7c0000 - 0x6da07000 	C:\Program Files\Java\jdk1.6.0\jre\bin\client\jvm.dll
0x77300000 - 0x773c9000 	C:\Windows\system32\USER32.dll
0x773d0000 - 0x7741e000 	C:\Windows\system32\GDI32.dll
0x75fa0000 - 0x75faa000 	C:\Windows\system32\LPK.dll
0x77750000 - 0x777ed000 	C:\Windows\system32\USP10.dll
0x745f0000 - 0x74622000 	C:\Windows\system32\WINMM.dll
0x76360000 - 0x7637f000 	C:\Windows\system32\IMM32.DLL
0x75e90000 - 0x75f5c000 	C:\Windows\system32\MSCTF.dll
0x75870000 - 0x758bb000 	C:\Windows\system32\apphelp.dll
0x6d310000 - 0x6d318000 	C:\Program Files\Java\jdk1.6.0\jre\bin\hpi.dll
0x75fb0000 - 0x75fb5000 	C:\Windows\system32\PSAPI.DLL
0x6d770000 - 0x6d77c000 	C:\Program Files\Java\jdk1.6.0\jre\bin\verify.dll
0x6d3b0000 - 0x6d3cf000 	C:\Program Files\Java\jdk1.6.0\jre\bin\java.dll
0x6d7b0000 - 0x6d7bf000 	C:\Program Files\Java\jdk1.6.0\jre\bin\zip.dll
0x6d000000 - 0x6d1c3000 	C:\Program Files\Java\jdk1.6.0\jre\bin\awt.dll
0x73fe0000 - 0x74031000 	C:\Windows\system32\WINSPOOL.DRV
0x77470000 - 0x775cc000 	C:\Windows\system32\ole32.dll
0x744e0000 - 0x74520000 	C:\Windows\system32\uxtheme.dll
0x6d2b0000 - 0x6d303000 	C:\Program Files\Java\jdk1.6.0\jre\bin\fontmanager.dll
0x741f0000 - 0x74203000 	C:\Windows\system32\dwmapi.dll
0x758c0000 - 0x758cc000 	C:\Windows\system32\CRYPTBASE.dll
0x76530000 - 0x77179000 	C:\Windows\system32\shell32.dll
0x776f0000 - 0x77747000 	C:\Windows\system32\SHLWAPI.dll
0x10000000 - 0x10038000 	C:\Program Files\WIDCOMM\Bluetooth Software\btmmhook.dll
0x775d0000 - 0x7765f000 	C:\Windows\system32\OLEAUT32.dll
0x6d570000 - 0x6d583000 	C:\Program Files\Java\jdk1.6.0\jre\bin\net.dll
0x75f60000 - 0x75f95000 	C:\Windows\system32\WS2_32.dll
0x76520000 - 0x76526000 	C:\Windows\system32\NSI.dll
0x753b0000 - 0x753ec000 	C:\Windows\system32\mswsock.dll
0x753a0000 - 0x753a6000 	C:\Windows\System32\wship6.dll
0x6d590000 - 0x6d599000 	C:\Program Files\Java\jdk1.6.0\jre\bin\nio.dll
0x04ce0000 - 0x04ce8000 	C:\Program Files\Internet Download Manager\idmmkb.dll
0x77660000 - 0x776e3000 	C:\Windows\system32\CLBCatQ.DLL
0x736a0000 - 0x736b0000 	C:\Windows\system32\NLAapi.dll
0x75270000 - 0x752b4000 	C:\Windows\system32\DNSAPI.dll
0x6c0c0000 - 0x6c0c8000 	C:\Windows\System32\winrnr.dll
0x6c0b0000 - 0x6c0c0000 	C:\Windows\system32\napinsp.dll
0x6bed0000 - 0x6bee2000 	C:\Windows\system32\pnrpnsp.dll
0x6bda0000 - 0x6bdad000 	C:\Windows\system32\wshbth.dll
0x74ed0000 - 0x74ed5000 	C:\Windows\System32\wshtcpip.dll
0x73b00000 - 0x73b1c000 	C:\Windows\system32\IPHLPAPI.DLL
0x73af0000 - 0x73af7000 	C:\Windows\system32\WINNSI.DLL
0x6c810000 - 0x6c816000 	C:\Windows\system32\rasadhlp.dll
0x73260000 - 0x73298000 	C:\Windows\System32\fwpuclnt.dll
0x753f0000 - 0x75406000 	C:\Windows\system32\CRYPTSP.dll
0x75190000 - 0x751cb000 	C:\Windows\system32\rsaenh.dll
0x74fa0000 - 0x74fb7000 	C:\Windows\system32\USERENV.dll
0x75940000 - 0x7594b000 	C:\Windows\system32\profapi.dll
0x6d710000 - 0x6d716000 	C:\Program Files\Java\jdk1.6.0\jre\bin\rmi.dll
0x75b00000 - 0x75b84000 	C:\Windows\WinSxS\x86_microsoft.windows.common-controls_6595b64144ccf1df_5.82.7600.16385_none_ebf82fc36c758ad5\comctl32.dll
0x746d0000 - 0x7486e000 	C:\Windows\WinSxS\x86_microsoft.windows.common-controls_6595b64144ccf1df_6.0.7600.16385_none_421189da2b7fabfc\comctl32.dll
0x761c0000 - 0x7635d000 	C:\Windows\system32\SETUPAPI.dll
0x75bc0000 - 0x75be7000 	C:\Windows\system32\CFGMGR32.dll
0x759c0000 - 0x759d2000 	C:\Windows\system32\DEVOBJ.dll
0x74880000 - 0x74975000 	C:\Windows\system32\propsys.dll
0x73ce0000 - 0x73d01000 	C:\Windows\system32\ntmarta.dll
0x77420000 - 0x77465000 	C:\Windows\system32\WLDAP32.dll

VM Arguments:
jvm_args: -Dfile.encoding=UTF-8
java_command: com.edw.main.Main
Launcher Type: SUN_STANDARD

Environment Variables:
OS=Windows_NT
PROCESSOR_IDENTIFIER=x86 Family 6 Model 37 Stepping 5, GenuineIntel



---------------  S Y S T E M  ---------------

OS: Windows NT 6.1 Build 7600 

CPU:total 4 family 6, cmov, cx8, fxsr, mmx, sse, sse2

Memory: 4k page, physical 2097151k(1183352k free), swap 4194303k(3865852k free)

vm_info: Java HotSpot(TM) Client VM (1.6.0-b105) for windows-x86, built on Nov 29 2006 00:48:48 by "java_re" with unknown MS VC++:1310

